########################################################################
# mpbcliga
# mpbcliga 1.2.1.post39 3337c18 2025-06-16 16:20:47 -0400 Simon Billinge
# Compiled with Apple LLVM 17.0.0 (clang-1700.0.13.5).
# Josies-MacBook-Air.local
# Tue Jul  7 11:02:17 2026
########################################################################
distfile=/Users/josievs/Desktop/MOF modeling/data/liga/CaF2_mp-2741_run/target.dst
outstru=/Users/josievs/Desktop/MOF modeling/data/liga/CaF2_mp-2741_solved.xyz
outfmt=rawxyz
saverate=0
saveall=0
trace=0
verbose=wc,bc,sc
ndim=3
crystal=1
latpar=5.51605,5.51605,5.51605,90,90,90
rmax=7.80053
distreuse=1
costweights=1,1
tolcost=0.0001
formula=Ca4F8
radii=Ca:1,F:1.33
maxwalltime=60
rngseed=42
promotefrac=0.1
promoterelax=0
demoterelax=0
ligasize=10
stopgame=0.0025
seasontrials=16384
trialsharing=success
########################################################################

Initial team
0 I 0 0
Filling lower divisions
Done
0 WC 0 0 dc 0 oc 0
0 BC 0 0 dc 0 oc 0

Starting the game ... now.
1 WC 3 0.0988877 dc 8.00752e-05 oc 0.0988077
1 BC 3 0.0988877 dc 8.00752e-05 oc 0.0988077
2 WC 6 0.0983966 dc 7.59813e-05 oc 0.0983206
2 BC 6 0.0983966 dc 7.59813e-05 oc 0.0983206
3 WC 6 0.0983966 dc 7.59813e-05 oc 0.0983206
4 WC 6 0.0983966 dc 7.59813e-05 oc 0.0983206
5 WC 8 0.192839 dc 0.011141 oc 0.181698
5 BC 8 0.163451 dc 0.011141 oc 0.15231
6 WC 8 0.190869 dc 0.0108986 oc 0.179971
7 WC 8 0.108635 dc 0.00957458 oc 0.0990601
7 BC 8 0.108635 dc 0.00957458 oc 0.0990601
8 WC 8 0.0736392 dc 8.40511e-05 oc 0.0735552
8 BC 8 0.0736392 dc 8.40511e-05 oc 0.0735552
9 WC 8 0.0736392 dc 8.40511e-05 oc 0.0735552
10 WC 9 0.0672028 dc 0.00181167 oc 0.0653911
10 BC 9 0.0672028 dc 0.00181167 oc 0.0653911
11 WC 10 0.157362 dc 0.011824 oc 0.145538
11 BC 10 0.157362 dc 0.011824 oc 0.145538
12 WC 10 0.138711 dc 0.0115587 oc 0.127152
12 BC 10 0.138711 dc 0.0115587 oc 0.127152
13 WC 10 0.076528 dc 0.00290405 oc 0.0736239
13 BC 10 0.076528 dc 0.00290405 oc 0.0736239
14 WC 10 0.0028961 dc 0.0028961 oc 0
14 BC 10 0.0028961 dc 0.0028961 oc 0
15 WC 10 0.0028961 dc 0.0028961 oc 0
16 WC 10 0.0028961 dc 0.0028961 oc 0
17 WC 10 0.0028961 dc 0.0028961 oc 0
18 WC 10 0.00289531 dc 0.00289531 oc 0
18 BC 10 0.00289531 dc 0.00289531 oc 0
19 WC 10 0.00289531 dc 0.00289531 oc 0
20 WC 10 0.00289531 dc 0.00289531 oc 0
21 WC 10 0.00289531 dc 0.00289531 oc 0
22 WC 10 0.00289531 dc 0.00289531 oc 0
23 WC 10 0.00289531 dc 0.00289531 oc 0
24 WC 11 0.00357455 dc 0.00357455 oc 0
24 BC 11 0.00357455 dc 0.00357455 oc 0
25 WC 11 0.00357455 dc 0.00357455 oc 0
26 WC 11 0.00357455 dc 0.00357455 oc 0
27 WC 11 0.00357455 dc 0.00357455 oc 0
28 WC 11 0.00357455 dc 0.00357455 oc 0
29 WC 11 0.00357455 dc 0.00357455 oc 0
30 WC 11 0.00357455 dc 0.00357455 oc 0
31 WC 11 0.00357455 dc 0.00357455 oc 0
32 WC 11 0.00357455 dc 0.00357455 oc 0
33 WC 11 0.00357455 dc 0.00357455 oc 0
34 WC 11 0.00357455 dc 0.00357455 oc 0
35 WC 11 0.00357455 dc 0.00357455 oc 0
36 WC 11 0.00357455 dc 0.00357455 oc 0
37 WC 11 0.00357455 dc 0.00357455 oc 0
38 WC 11 0.00357455 dc 0.00357455 oc 0
39 WC 11 0.00357455 dc 0.00357455 oc 0
40 WC 11 0.00357455 dc 0.00357455 oc 0
41 WC 11 0.00357455 dc 0.00357455 oc 0
42 WC 11 0.00357455 dc 0.00357455 oc 0
43 WC 11 0.00357455 dc 0.00357455 oc 0
44 WC 11 0.00357455 dc 0.00357455 oc 0
45 WC 11 0.00357455 dc 0.00357455 oc 0
46 WC 11 0.00357455 dc 0.00357455 oc 0
47 WC 11 0.00357455 dc 0.00357455 oc 0
48 WC 11 0.00357455 dc 0.00357455 oc 0
49 WC 11 0.00357455 dc 0.00357455 oc 0
50 WC 11 0.00357455 dc 0.00357455 oc 0
51 WC 11 0.00357455 dc 0.00357455 oc 0
52 WC 11 0.00357455 dc 0.00357455 oc 0
53 WC 11 0.00357455 dc 0.00357455 oc 0
54 WC 11 0.00357455 dc 0.00357455 oc 0
55 WC 11 0.00357455 dc 0.00357455 oc 0
56 WC 11 0.00357455 dc 0.00357455 oc 0
57 WC 11 0.00357455 dc 0.00357455 oc 0
58 WC 11 0.00357254 dc 0.00357254 oc 0
58 BC 11 0.00357254 dc 0.00357254 oc 0
59 WC 11 0.00357254 dc 0.00357254 oc 0
60 WC 11 0.00357254 dc 0.00357254 oc 0
61 WC 11 0.00357254 dc 0.00357254 oc 0
62 WC 11 0.00357254 dc 0.00357254 oc 0
63 WC 11 0.00357254 dc 0.00357254 oc 0
64 WC 11 0.00357254 dc 0.00357254 oc 0
65 WC 11 0.00357254 dc 0.00357254 oc 0
66 WC 11 0.00357254 dc 0.00357254 oc 0
67 WC 11 0.00357254 dc 0.00357254 oc 0
68 WC 11 0.00357254 dc 0.00357254 oc 0
69 WC 11 0.00357254 dc 0.00357254 oc 0
70 WC 11 0.00357254 dc 0.00357254 oc 0
71 WC 11 0.00357254 dc 0.00357254 oc 0
72 WC 11 0.00357254 dc 0.00357254 oc 0
73 WC 11 0.00357254 dc 0.00357254 oc 0
74 WC 11 0.00357254 dc 0.00357254 oc 0
75 WC 11 0.00357254 dc 0.00357254 oc 0
76 WC 11 0.00357254 dc 0.00357254 oc 0
77 WC 11 0.00357254 dc 0.00357254 oc 0
78 WC 11 0.00357254 dc 0.00357254 oc 0
79 WC 11 0.00357254 dc 0.00357254 oc 0
80 WC 11 0.00357254 dc 0.00357254 oc 0
81 WC 11 0.00357254 dc 0.00357254 oc 0
82 WC 11 0.00357254 dc 0.00357254 oc 0
83 WC 11 0.00357254 dc 0.00357254 oc 0
84 WC 11 0.00357254 dc 0.00357254 oc 0
85 WC 11 0.00357254 dc 0.00357254 oc 0
86 WC 11 0.00357254 dc 0.00357254 oc 0
87 WC 11 0.00357254 dc 0.00357254 oc 0
88 WC 11 0.00357254 dc 0.00357254 oc 0
89 WC 11 0.00357254 dc 0.00357254 oc 0
90 WC 11 0.00357254 dc 0.00357254 oc 0
91 WC 11 0.00357254 dc 0.00357254 oc 0
92 WC 11 0.00357254 dc 0.00357254 oc 0
93 WC 11 0.00357254 dc 0.00357254 oc 0
94 WC 11 0.00357254 dc 0.00357254 oc 0
95 WC 11 0.00357254 dc 0.00357254 oc 0
96 WC 11 0.00357254 dc 0.00357254 oc 0
97 WC 11 0.00357254 dc 0.00357254 oc 0
98 WC 11 0.00357254 dc 0.00357254 oc 0
99 WC 11 0.00357254 dc 0.00357254 oc 0
100 WC 11 0.00357254 dc 0.00357254 oc 0
101 WC 11 0.00357254 dc 0.00357254 oc 0
102 WC 11 0.00357254 dc 0.00357254 oc 0
103 WC 11 0.00357254 dc 0.00357254 oc 0
104 WC 11 0.00357254 dc 0.00357254 oc 0
105 WC 11 0.00357254 dc 0.00357254 oc 0
106 WC 11 0.00357254 dc 0.00357254 oc 0
107 WC 11 0.00357254 dc 0.00357254 oc 0
108 WC 11 0.00357254 dc 0.00357254 oc 0
109 WC 11 0.00357254 dc 0.00357254 oc 0
110 WC 11 0.00357254 dc 0.00357254 oc 0
111 WC 11 0.00357254 dc 0.00357254 oc 0
112 WC 11 0.00357254 dc 0.00357254 oc 0
113 WC 11 0.00357254 dc 0.00357254 oc 0
114 WC 11 0.00357254 dc 0.00357254 oc 0
115 WC 11 0.00357254 dc 0.00357254 oc 0
116 WC 11 0.00357254 dc 0.00357254 oc 0
117 WC 11 0.00357254 dc 0.00357254 oc 0
118 WC 11 0.00357254 dc 0.00357254 oc 0
119 WC 11 0.00357254 dc 0.00357254 oc 0
120 WC 11 0.00357254 dc 0.00357254 oc 0
121 WC 11 0.00357254 dc 0.00357254 oc 0
122 WC 11 0.00357254 dc 0.00357254 oc 0
123 WC 11 0.00357254 dc 0.00357254 oc 0
124 WC 11 0.00357254 dc 0.00357254 oc 0
125 WC 11 0.00357254 dc 0.00357254 oc 0
126 WC 11 0.00357254 dc 0.00357254 oc 0
127 WC 11 0.00357254 dc 0.00357254 oc 0
128 WC 11 0.00357254 dc 0.00357254 oc 0
129 WC 11 0.00357254 dc 0.00357254 oc 0
130 WC 11 0.00357254 dc 0.00357254 oc 0
131 WC 11 0.00357254 dc 0.00357254 oc 0
132 WC 11 0.00357254 dc 0.00357254 oc 0
133 WC 11 0.00357254 dc 0.00357254 oc 0
134 WC 11 0.00357254 dc 0.00357254 oc 0
135 WC 11 0.00357254 dc 0.00357254 oc 0
136 WC 11 0.00357254 dc 0.00357254 oc 0
137 WC 11 0.00357254 dc 0.00357254 oc 0
138 WC 11 0.00357254 dc 0.00357254 oc 0
139 WC 11 0.00357254 dc 0.00357254 oc 0
140 WC 11 0.00357254 dc 0.00357254 oc 0
141 WC 11 0.00357249 dc 0.00357249 oc 0
141 BC 11 0.00357249 dc 0.00357249 oc 0
142 WC 11 0.00357249 dc 0.00357249 oc 0
143 WC 11 0.00357249 dc 0.00357249 oc 0
144 WC 11 0.00357249 dc 0.00357249 oc 0
145 WC 11 0.00357249 dc 0.00357249 oc 0
146 WC 11 0.00357249 dc 0.00357249 oc 0
147 WC 11 0.00357249 dc 0.00357249 oc 0
148 WC 11 0.00357249 dc 0.00357249 oc 0
149 WC 11 0.00357249 dc 0.00357249 oc 0
150 WC 11 0.00357249 dc 0.00357249 oc 0
151 WC 11 0.00357249 dc 0.00357249 oc 0
152 WC 11 0.00357249 dc 0.00357249 oc 0
153 WC 11 0.00357249 dc 0.00357249 oc 0
154 WC 11 0.00357249 dc 0.00357249 oc 0
155 WC 11 0.00357249 dc 0.00357249 oc 0
156 WC 11 0.00357249 dc 0.00357249 oc 0
157 WC 11 0.00357249 dc 0.00357249 oc 0
158 WC 11 0.00357249 dc 0.00357249 oc 0
159 WC 11 0.00357249 dc 0.00357249 oc 0
160 WC 11 0.00357249 dc 0.00357249 oc 0
161 WC 11 0.00357249 dc 0.00357249 oc 0
162 WC 11 0.00357249 dc 0.00357249 oc 0
163 WC 11 0.00357249 dc 0.00357249 oc 0
164 WC 11 0.00357249 dc 0.00357249 oc 0
165 WC 11 0.00357249 dc 0.00357249 oc 0
166 WC 11 0.00357249 dc 0.00357249 oc 0
167 WC 11 0.00357249 dc 0.00357249 oc 0
168 WC 11 0.00357249 dc 0.00357249 oc 0
169 WC 11 0.00357249 dc 0.00357249 oc 0
170 WC 11 0.00357249 dc 0.00357249 oc 0
171 WC 11 0.00357249 dc 0.00357249 oc 0
172 WC 11 0.00357249 dc 0.00357249 oc 0
173 WC 11 0.00357249 dc 0.00357249 oc 0
174 WC 11 0.00357249 dc 0.00357249 oc 0
175 WC 11 0.00357249 dc 0.00357249 oc 0
176 WC 11 0.00357249 dc 0.00357249 oc 0
177 WC 11 0.00357249 dc 0.00357249 oc 0
178 WC 11 0.00357249 dc 0.00357249 oc 0
179 WC 11 0.00357249 dc 0.00357249 oc 0
180 WC 11 0.00357249 dc 0.00357249 oc 0
181 WC 11 0.00357249 dc 0.00357249 oc 0
182 WC 11 0.00357249 dc 0.00357249 oc 0
183 WC 11 0.00357249 dc 0.00357249 oc 0
184 WC 11 0.00357249 dc 0.00357249 oc 0
185 WC 11 0.00357249 dc 0.00357249 oc 0
186 WC 11 0.00357249 dc 0.00357249 oc 0
187 WC 11 0.00357249 dc 0.00357249 oc 0
188 WC 11 0.00357249 dc 0.00357249 oc 0
189 WC 11 0.00357249 dc 0.00357249 oc 0
190 WC 11 0.00357249 dc 0.00357249 oc 0
191 WC 11 0.00357249 dc 0.00357249 oc 0
192 WC 11 0.00357249 dc 0.00357249 oc 0
193 WC 11 0.00357249 dc 0.00357249 oc 0
194 WC 11 0.00357249 dc 0.00357249 oc 0
195 WC 11 0.00357249 dc 0.00357249 oc 0
196 WC 11 0.00357249 dc 0.00357249 oc 0
197 WC 11 0.00357249 dc 0.00357249 oc 0
198 WC 11 0.00357249 dc 0.00357249 oc 0
199 WC 11 0.00357249 dc 0.00357249 oc 0
200 WC 11 0.00357249 dc 0.00357249 oc 0
201 WC 11 0.00357249 dc 0.00357249 oc 0
202 WC 11 0.00357249 dc 0.00357249 oc 0
203 WC 11 0.00357249 dc 0.00357249 oc 0
204 WC 11 0.00357249 dc 0.00357249 oc 0
205 WC 11 0.00357249 dc 0.00357249 oc 0
206 WC 11 0.00357249 dc 0.00357249 oc 0
207 WC 11 0.00357249 dc 0.00357249 oc 0
208 WC 11 0.00357249 dc 0.00357249 oc 0
209 WC 11 0.00357249 dc 0.00357249 oc 0
210 WC 11 0.00357249 dc 0.00357249 oc 0
211 WC 11 0.00357249 dc 0.00357249 oc 0
212 WC 11 0.00357249 dc 0.00357249 oc 0
213 WC 11 0.00357249 dc 0.00357249 oc 0
214 WC 11 0.00357249 dc 0.00357249 oc 0
215 WC 11 0.00357249 dc 0.00357249 oc 0
216 WC 11 0.00357249 dc 0.00357249 oc 0
217 WC 11 0.00357249 dc 0.00357249 oc 0
218 WC 11 0.00357249 dc 0.00357249 oc 0
219 WC 11 0.00357249 dc 0.00357249 oc 0
220 WC 11 0.00357249 dc 0.00357249 oc 0
221 WC 11 0.00357249 dc 0.00357249 oc 0
222 WC 11 0.00357249 dc 0.00357249 oc 0
223 WC 11 0.00357249 dc 0.00357249 oc 0
224 WC 11 0.00357249 dc 0.00357249 oc 0
225 WC 11 0.00357249 dc 0.00357249 oc 0
226 WC 11 0.00357249 dc 0.00357249 oc 0
227 WC 11 0.00357249 dc 0.00357249 oc 0
228 WC 11 0.00357249 dc 0.00357249 oc 0
229 WC 11 0.00357249 dc 0.00357249 oc 0
230 WC 11 0.00357249 dc 0.00357249 oc 0
231 WC 11 0.00357249 dc 0.00357249 oc 0
232 WC 11 0.00357249 dc 0.00357249 oc 0
233 WC 11 0.00357249 dc 0.00357249 oc 0
234 WC 11 0.00357249 dc 0.00357249 oc 0
235 WC 11 0.00357249 dc 0.00357249 oc 0
236 WC 11 0.00357249 dc 0.00357249 oc 0
237 WC 11 0.00357249 dc 0.00357249 oc 0
238 WC 11 0.00357249 dc 0.00357249 oc 0
239 WC 11 0.00357249 dc 0.00357249 oc 0
240 WC 11 0.00357249 dc 0.00357249 oc 0
241 WC 11 0.00357249 dc 0.00357249 oc 0
242 WC 11 0.00357249 dc 0.00357249 oc 0
243 WC 11 0.00357249 dc 0.00357249 oc 0
244 WC 11 0.00357249 dc 0.00357249 oc 0
245 WC 11 0.00357249 dc 0.00357249 oc 0
246 WC 11 0.00357249 dc 0.00357249 oc 0
247 WC 11 0.00357249 dc 0.00357249 oc 0
248 WC 11 0.00357249 dc 0.00357249 oc 0
249 WC 11 0.00357249 dc 0.00357249 oc 0
250 WC 11 0.00357249 dc 0.00357249 oc 0
251 WC 11 0.00357249 dc 0.00357249 oc 0
252 WC 11 0.00357249 dc 0.00357249 oc 0
253 WC 11 0.00357249 dc 0.00357249 oc 0
254 WC 11 0.00357249 dc 0.00357249 oc 0
255 WC 11 0.00357249 dc 0.00357249 oc 0
256 WC 11 0.00357249 dc 0.00357249 oc 0
257 WC 11 0.00357249 dc 0.00357249 oc 0
258 WC 11 0.00357249 dc 0.00357249 oc 0
259 WC 11 0.00357249 dc 0.00357249 oc 0
260 WC 11 0.00357249 dc 0.00357249 oc 0
261 WC 11 0.164204 dc 0.0035722 oc 0.160632
262 WC 11 0.164204 dc 0.0035722 oc 0.160632
263 WC 11 0.164204 dc 0.0035722 oc 0.160632
264 WC 11 0.164204 dc 0.0035722 oc 0.160632
265 WC 11 0.164204 dc 0.0035722 oc 0.160632
266 WC 11 0.164204 dc 0.0035722 oc 0.160632
267 WC 11 0.164204 dc 0.0035722 oc 0.160632
268 WC 11 0.00357249 dc 0.00357249 oc 0
269 WC 11 0.00357249 dc 0.00357249 oc 0
270 WC 11 0.00357249 dc 0.00357249 oc 0
271 WC 11 0.00357249 dc 0.00357249 oc 0
272 WC 11 0.00357249 dc 0.00357249 oc 0
273 WC 11 0.00357249 dc 0.00357249 oc 0
274 WC 11 0.00357249 dc 0.00357249 oc 0
275 WC 11 0.00357249 dc 0.00357249 oc 0
276 WC 11 0.00357249 dc 0.00357249 oc 0
277 WC 11 0.00357249 dc 0.00357249 oc 0
278 WC 11 0.00357249 dc 0.00357249 oc 0
279 WC 11 0.00357249 dc 0.00357249 oc 0
280 WC 11 0.00357249 dc 0.00357249 oc 0
281 WC 11 0.00357249 dc 0.00357249 oc 0
282 WC 11 0.00357249 dc 0.00357249 oc 0
283 WC 11 0.00357249 dc 0.00357249 oc 0
284 WC 11 0.00357249 dc 0.00357249 oc 0
285 WC 11 0.00357249 dc 0.00357249 oc 0
286 WC 11 0.00357249 dc 0.00357249 oc 0
287 WC 11 0.00357249 dc 0.00357249 oc 0
288 WC 11 0.00357249 dc 0.00357249 oc 0
289 WC 11 0.00357249 dc 0.00357249 oc 0
290 WC 11 0.00357249 dc 0.00357249 oc 0
291 WC 11 0.00357249 dc 0.00357249 oc 0
292 WC 11 0.00357249 dc 0.00357249 oc 0
293 WC 11 0.00357249 dc 0.00357249 oc 0
294 WC 11 0.00357249 dc 0.00357249 oc 0
295 WC 11 0.00357249 dc 0.00357249 oc 0
296 WC 11 0.00357249 dc 0.00357249 oc 0
297 WC 11 0.00357249 dc 0.00357249 oc 0
298 WC 11 0.00357249 dc 0.00357249 oc 0
299 WC 11 0.00357249 dc 0.00357249 oc 0
300 WC 11 0.00357249 dc 0.00357249 oc 0
301 WC 11 0.00357249 dc 0.00357249 oc 0
302 WC 11 0.00357249 dc 0.00357249 oc 0
303 WC 11 0.00357232 dc 0.00357232 oc 0
303 BC 11 0.00357232 dc 0.00357232 oc 0
304 WC 11 0.00357232 dc 0.00357232 oc 0
305 WC 11 0.00357232 dc 0.00357232 oc 0
306 WC 11 0.00357232 dc 0.00357232 oc 0
307 WC 11 0.00357232 dc 0.00357232 oc 0
308 WC 11 0.00357232 dc 0.00357232 oc 0
309 WC 11 0.00357232 dc 0.00357232 oc 0
310 WC 11 0.00357232 dc 0.00357232 oc 0
311 WC 11 0.00357232 dc 0.00357232 oc 0
312 WC 11 0.00357232 dc 0.00357232 oc 0
313 WC 11 0.00357232 dc 0.00357232 oc 0
314 WC 11 0.00357232 dc 0.00357232 oc 0
315 WC 11 0.00357232 dc 0.00357232 oc 0
316 WC 11 0.00357232 dc 0.00357232 oc 0
317 WC 11 0.00357232 dc 0.00357232 oc 0
318 WC 11 0.00357232 dc 0.00357232 oc 0
319 WC 11 0.00357232 dc 0.00357232 oc 0
320 WC 11 0.00357232 dc 0.00357232 oc 0
321 WC 11 0.00357232 dc 0.00357232 oc 0
322 WC 11 0.00357232 dc 0.00357232 oc 0
323 WC 11 0.00357232 dc 0.00357232 oc 0
324 WC 11 0.00357232 dc 0.00357232 oc 0
325 WC 11 0.00357232 dc 0.00357232 oc 0
326 WC 11 0.00357232 dc 0.00357232 oc 0
327 WC 11 0.00357232 dc 0.00357232 oc 0
328 WC 11 0.00357232 dc 0.00357232 oc 0
329 WC 11 0.00357232 dc 0.00357232 oc 0
330 WC 11 0.00357232 dc 0.00357232 oc 0
331 WC 11 0.00357232 dc 0.00357232 oc 0
332 WC 11 0.00357232 dc 0.00357232 oc 0
333 WC 11 0.00357232 dc 0.00357232 oc 0
334 WC 11 0.00357232 dc 0.00357232 oc 0
335 WC 11 0.00357232 dc 0.00357232 oc 0
336 WC 11 0.00357232 dc 0.00357232 oc 0
337 WC 11 0.00357232 dc 0.00357232 oc 0
338 WC 11 0.00357232 dc 0.00357232 oc 0
339 WC 11 0.00357232 dc 0.00357232 oc 0
340 WC 11 0.00357232 dc 0.00357232 oc 0
341 WC 11 0.00357232 dc 0.00357232 oc 0
342 WC 11 0.00357232 dc 0.00357232 oc 0
343 WC 11 0.00357232 dc 0.00357232 oc 0
344 WC 11 0.00357232 dc 0.00357232 oc 0
345 WC 11 0.00357232 dc 0.00357232 oc 0
346 WC 11 0.00357232 dc 0.00357232 oc 0
347 WC 11 0.00357232 dc 0.00357232 oc 0
348 WC 11 0.00357232 dc 0.00357232 oc 0
349 WC 11 0.00357232 dc 0.00357232 oc 0
350 WC 11 0.00357232 dc 0.00357232 oc 0
351 WC 11 0.00357232 dc 0.00357232 oc 0
352 WC 11 0.00357232 dc 0.00357232 oc 0
353 WC 11 0.00357232 dc 0.00357232 oc 0
354 WC 11 0.00357232 dc 0.00357232 oc 0
355 WC 11 0.00357232 dc 0.00357232 oc 0
356 WC 11 0.00357232 dc 0.00357232 oc 0
357 WC 11 0.00357232 dc 0.00357232 oc 0
358 WC 11 0.00357232 dc 0.00357232 oc 0
359 WC 11 0.00357232 dc 0.00357232 oc 0
360 WC 11 0.00357232 dc 0.00357232 oc 0
361 WC 11 0.00357232 dc 0.00357232 oc 0
362 WC 11 0.00357232 dc 0.00357232 oc 0
363 WC 11 0.00357232 dc 0.00357232 oc 0
364 WC 11 0.00357232 dc 0.00357232 oc 0
365 WC 11 0.00357232 dc 0.00357232 oc 0
366 WC 11 0.00357232 dc 0.00357232 oc 0
367 WC 11 0.00357232 dc 0.00357232 oc 0
368 WC 11 0.00357232 dc 0.00357232 oc 0
369 WC 11 0.00357232 dc 0.00357232 oc 0
370 WC 11 0.00357232 dc 0.00357232 oc 0
371 WC 11 0.00357232 dc 0.00357232 oc 0
372 WC 11 0.00357232 dc 0.00357232 oc 0
373 WC 11 0.00357232 dc 0.00357232 oc 0
374 WC 11 0.00357232 dc 0.00357232 oc 0
375 WC 11 0.00357232 dc 0.00357232 oc 0
376 WC 11 0.00357232 dc 0.00357232 oc 0
377 WC 11 0.00357232 dc 0.00357232 oc 0
378 WC 11 0.00357232 dc 0.00357232 oc 0
379 WC 11 0.00357232 dc 0.00357232 oc 0
380 WC 11 0.00357232 dc 0.00357232 oc 0
381 WC 11 0.00357232 dc 0.00357232 oc 0
382 WC 11 0.00357232 dc 0.00357232 oc 0
383 WC 11 0.00357232 dc 0.00357232 oc 0
384 WC 11 0.00357232 dc 0.00357232 oc 0
385 WC 11 0.00357232 dc 0.00357232 oc 0
386 WC 11 0.00357232 dc 0.00357232 oc 0
387 WC 11 0.00357232 dc 0.00357232 oc 0
388 WC 11 0.00357232 dc 0.00357232 oc 0
389 WC 11 0.00357232 dc 0.00357232 oc 0
390 WC 11 0.00357232 dc 0.00357232 oc 0
391 WC 11 0.00357232 dc 0.00357232 oc 0
392 WC 11 0.00357232 dc 0.00357232 oc 0
393 WC 11 0.00357232 dc 0.00357232 oc 0
394 WC 11 0.00357232 dc 0.00357232 oc 0
395 WC 11 0.00357232 dc 0.00357232 oc 0
396 WC 11 0.00357232 dc 0.00357232 oc 0
397 WC 11 0.00357232 dc 0.00357232 oc 0
398 WC 11 0.00357232 dc 0.00357232 oc 0
399 WC 11 0.00357232 dc 0.00357232 oc 0
400 WC 11 0.00357232 dc 0.00357232 oc 0
401 WC 11 0.00357232 dc 0.00357232 oc 0
402 WC 11 0.00357232 dc 0.00357232 oc 0
403 WC 11 0.00357232 dc 0.00357232 oc 0
404 WC 11 0.00357232 dc 0.00357232 oc 0
405 WC 11 0.00357232 dc 0.00357232 oc 0
406 WC 11 0.00357232 dc 0.00357232 oc 0
407 WC 11 0.00357232 dc 0.00357232 oc 0
408 WC 11 0.00357232 dc 0.00357232 oc 0
409 WC 11 0.00357232 dc 0.00357232 oc 0
410 WC 11 0.00357232 dc 0.00357232 oc 0
411 WC 11 0.00357232 dc 0.00357232 oc 0
412 WC 11 0.00357232 dc 0.00357232 oc 0
413 WC 11 0.00357232 dc 0.00357232 oc 0
414 WC 11 0.00357232 dc 0.00357232 oc 0
415 WC 11 0.00357232 dc 0.00357232 oc 0
416 WC 11 0.00357232 dc 0.00357232 oc 0
417 WC 11 0.00357232 dc 0.00357232 oc 0
418 WC 11 0.00357232 dc 0.00357232 oc 0
419 WC 11 0.00357232 dc 0.00357232 oc 0
420 WC 11 0.00357232 dc 0.00357232 oc 0
421 WC 11 0.00357232 dc 0.00357232 oc 0
422 WC 11 0.00357232 dc 0.00357232 oc 0
423 WC 11 0.00357232 dc 0.00357232 oc 0
424 WC 11 0.00357232 dc 0.00357232 oc 0
425 WC 11 0.00357232 dc 0.00357232 oc 0
426 WC 11 0.00357232 dc 0.00357232 oc 0
427 WC 11 0.00357232 dc 0.00357232 oc 0
428 WC 11 0.00357232 dc 0.00357232 oc 0
429 WC 11 0.00357232 dc 0.00357232 oc 0
430 WC 11 0.00357232 dc 0.00357232 oc 0
431 WC 11 0.00357232 dc 0.00357232 oc 0
432 WC 11 0.00357232 dc 0.00357232 oc 0
433 WC 11 0.00357232 dc 0.00357232 oc 0
434 WC 11 0.00357232 dc 0.00357232 oc 0
435 WC 11 0.00357232 dc 0.00357232 oc 0
436 WC 11 0.00357232 dc 0.00357232 oc 0
437 WC 11 0.00357232 dc 0.00357232 oc 0
438 WC 11 0.00357232 dc 0.00357232 oc 0
439 WC 11 0.00357232 dc 0.00357232 oc 0
440 WC 11 0.00357232 dc 0.00357232 oc 0
441 WC 11 0.00357232 dc 0.00357232 oc 0
442 WC 11 0.00357232 dc 0.00357232 oc 0
443 WC 11 0.00357232 dc 0.00357232 oc 0
444 WC 11 0.00357232 dc 0.00357232 oc 0
445 WC 11 0.00357232 dc 0.00357232 oc 0
446 WC 11 0.00357232 dc 0.00357232 oc 0
447 WC 11 0.00357232 dc 0.00357232 oc 0
448 WC 11 0.00357232 dc 0.00357232 oc 0
449 WC 11 0.00357232 dc 0.00357232 oc 0
450 WC 11 0.00357232 dc 0.00357232 oc 0
451 WC 11 0.00357232 dc 0.00357232 oc 0
452 WC 11 0.00357232 dc 0.00357232 oc 0
453 WC 12 0.00398861 dc 0.00398861 oc 0
453 BC 12 0.00398861 dc 0.00398861 oc 0
454 WC 12 0.00398861 dc 0.00398861 oc 0
455 WC 12 0.00398861 dc 0.00398861 oc 0
456 WC 12 0.00398861 dc 0.00398861 oc 0
457 WC 12 0.00398861 dc 0.00398861 oc 0
458 WC 12 0.00398861 dc 0.00398861 oc 0
459 WC 12 0.00398861 dc 0.00398861 oc 0
460 WC 12 0.00398861 dc 0.00398861 oc 0
461 WC 12 0.00398861 dc 0.00398861 oc 0
462 WC 12 0.00398861 dc 0.00398861 oc 0
463 WC 12 0.00398861 dc 0.00398861 oc 0
464 WC 12 0.00398861 dc 0.00398861 oc 0
465 WC 12 0.00398861 dc 0.00398861 oc 0
466 WC 12 0.00398861 dc 0.00398861 oc 0
467 WC 12 0.00398861 dc 0.00398861 oc 0
468 WC 12 0.00398861 dc 0.00398861 oc 0
469 WC 12 0.00398861 dc 0.00398861 oc 0
470 WC 12 0.00398861 dc 0.00398861 oc 0
471 WC 12 0.00398861 dc 0.00398861 oc 0
472 WC 12 0.00398861 dc 0.00398861 oc 0
473 WC 12 0.00398861 dc 0.00398861 oc 0
474 WC 12 0.00398861 dc 0.00398861 oc 0
475 WC 12 0.00398861 dc 0.00398861 oc 0
476 WC 12 0.00398861 dc 0.00398861 oc 0
477 WC 12 0.00398861 dc 0.00398861 oc 0
478 WC 12 0.00398861 dc 0.00398861 oc 0
479 WC 12 0.00398861 dc 0.00398861 oc 0
480 WC 12 0.00398861 dc 0.00398861 oc 0
481 WC 12 0.00398861 dc 0.00398861 oc 0
482 WC 12 0.00398861 dc 0.00398861 oc 0
483 WC 12 0.00398861 dc 0.00398861 oc 0
484 WC 12 0.00398861 dc 0.00398861 oc 0
485 WC 12 0.00398861 dc 0.00398861 oc 0
486 WC 12 0.00398861 dc 0.00398861 oc 0
487 WC 12 0.00398861 dc 0.00398861 oc 0
488 WC 12 0.00398861 dc 0.00398861 oc 0
489 WC 12 0.00398861 dc 0.00398861 oc 0
490 WC 12 0.00398861 dc 0.00398861 oc 0
491 WC 12 0.00398861 dc 0.00398861 oc 0
492 WC 12 0.00398861 dc 0.00398861 oc 0
493 WC 12 0.00398861 dc 0.00398861 oc 0
494 WC 12 0.00398861 dc 0.00398861 oc 0
495 WC 12 0.00398861 dc 0.00398861 oc 0
496 WC 12 0.00398861 dc 0.00398861 oc 0
497 WC 12 0.00398861 dc 0.00398861 oc 0
498 WC 12 0.00398861 dc 0.00398861 oc 0
499 WC 12 0.00398861 dc 0.00398861 oc 0
500 WC 12 0.00398861 dc 0.00398861 oc 0
501 WC 12 0.00398861 dc 0.00398861 oc 0
502 WC 12 0.00398861 dc 0.00398861 oc 0
503 WC 12 0.00398861 dc 0.00398861 oc 0
504 WC 12 0.00398861 dc 0.00398861 oc 0
505 WC 12 0.00398861 dc 0.00398861 oc 0
506 WC 12 0.00398861 dc 0.00398861 oc 0
507 WC 12 0.00398861 dc 0.00398861 oc 0
508 WC 12 0.00398861 dc 0.00398861 oc 0
509 WC 12 0.00398861 dc 0.00398861 oc 0
510 WC 12 0.00398861 dc 0.00398861 oc 0
511 WC 12 0.00398861 dc 0.00398861 oc 0
512 WC 12 0.00398861 dc 0.00398861 oc 0
513 WC 12 0.00398861 dc 0.00398861 oc 0
514 WC 12 0.00398861 dc 0.00398861 oc 0
515 WC 12 0.00398861 dc 0.00398861 oc 0
516 WC 12 0.00398861 dc 0.00398861 oc 0
517 WC 12 0.00398861 dc 0.00398861 oc 0
518 WC 12 0.00398861 dc 0.00398861 oc 0
519 WC 12 0.00398861 dc 0.00398861 oc 0
520 WC 12 0.00398861 dc 0.00398861 oc 0
521 WC 12 0.00398861 dc 0.00398861 oc 0
522 WC 12 0.00398861 dc 0.00398861 oc 0
523 WC 12 0.00398861 dc 0.00398861 oc 0
524 WC 12 0.00398861 dc 0.00398861 oc 0
525 WC 12 0.00398861 dc 0.00398861 oc 0
526 WC 12 0.00398861 dc 0.00398861 oc 0
527 WC 12 0.00398861 dc 0.00398861 oc 0
528 WC 12 0.00398861 dc 0.00398861 oc 0
529 WC 12 0.00398861 dc 0.00398861 oc 0
530 WC 12 0.00398861 dc 0.00398861 oc 0
531 WC 12 0.00398861 dc 0.00398861 oc 0
532 WC 12 0.00398861 dc 0.00398861 oc 0
533 WC 12 0.00398861 dc 0.00398861 oc 0
534 WC 12 0.00398861 dc 0.00398861 oc 0
535 WC 12 0.00398861 dc 0.00398861 oc 0
536 WC 12 0.00398861 dc 0.00398861 oc 0
537 WC 12 0.00398861 dc 0.00398861 oc 0
538 WC 12 0.00398861 dc 0.00398861 oc 0
539 WC 12 0.00398861 dc 0.00398861 oc 0
540 WC 12 0.00398861 dc 0.00398861 oc 0
541 WC 12 0.00398861 dc 0.00398861 oc 0
542 WC 12 0.00398861 dc 0.00398861 oc 0
543 WC 12 0.00398861 dc 0.00398861 oc 0
544 WC 12 0.00398861 dc 0.00398861 oc 0
545 WC 12 0.00398861 dc 0.00398861 oc 0
546 WC 12 0.00398861 dc 0.00398861 oc 0
547 WC 12 0.00398861 dc 0.00398861 oc 0
548 WC 12 0.00398861 dc 0.00398861 oc 0
549 WC 12 0.00398861 dc 0.00398861 oc 0
550 WC 12 0.00398861 dc 0.00398861 oc 0
551 WC 12 0.00398861 dc 0.00398861 oc 0
552 WC 12 0.00398861 dc 0.00398861 oc 0
553 WC 12 0.00398861 dc 0.00398861 oc 0
554 WC 12 0.00398861 dc 0.00398861 oc 0
555 WC 12 0.00398861 dc 0.00398861 oc 0
556 WC 12 0.00398861 dc 0.00398861 oc 0
557 WC 12 0.00398861 dc 0.00398861 oc 0
558 WC 12 0.00398861 dc 0.00398861 oc 0
559 WC 12 0.00398861 dc 0.00398861 oc 0
560 WC 12 0.00398861 dc 0.00398861 oc 0
561 WC 12 0.00398861 dc 0.00398861 oc 0
562 WC 12 0.00398861 dc 0.00398861 oc 0
563 WC 12 0.00398861 dc 0.00398861 oc 0
564 WC 12 0.00398861 dc 0.00398861 oc 0
565 WC 12 0.00398861 dc 0.00398861 oc 0
566 WC 12 0.00398861 dc 0.00398861 oc 0
567 WC 12 0.00398861 dc 0.00398861 oc 0
568 WC 12 0.00398861 dc 0.00398861 oc 0
569 WC 12 0.00398861 dc 0.00398861 oc 0
570 WC 12 0.00398861 dc 0.00398861 oc 0
571 WC 12 0.00398861 dc 0.00398861 oc 0
572 WC 12 0.00398861 dc 0.00398861 oc 0
573 WC 12 0.00398861 dc 0.00398861 oc 0
574 WC 12 0.00398861 dc 0.00398861 oc 0
575 WC 12 0.00398861 dc 0.00398861 oc 0
576 WC 12 0.00398861 dc 0.00398861 oc 0
577 WC 12 0.00398861 dc 0.00398861 oc 0
578 WC 12 0.00398861 dc 0.00398861 oc 0
579 WC 12 0.00398861 dc 0.00398861 oc 0
580 WC 12 0.00398861 dc 0.00398861 oc 0
581 WC 12 0.00398861 dc 0.00398861 oc 0
582 WC 12 0.00398861 dc 0.00398861 oc 0
583 WC 12 0.00398861 dc 0.00398861 oc 0
584 WC 12 0.00398861 dc 0.00398861 oc 0
585 WC 12 0.00398861 dc 0.00398861 oc 0
586 WC 12 0.00398861 dc 0.00398861 oc 0
587 WC 12 0.00398861 dc 0.00398861 oc 0
588 WC 12 0.00398861 dc 0.00398861 oc 0
589 WC 12 0.00398861 dc 0.00398861 oc 0
590 WC 12 0.00398861 dc 0.00398861 oc 0
591 WC 12 0.00398861 dc 0.00398861 oc 0
592 WC 12 0.00398861 dc 0.00398861 oc 0
593 WC 12 0.00398861 dc 0.00398861 oc 0
594 WC 12 0.00398861 dc 0.00398861 oc 0
595 WC 12 0.00398861 dc 0.00398861 oc 0
596 WC 12 0.00398861 dc 0.00398861 oc 0
597 WC 12 0.00398861 dc 0.00398861 oc 0
598 WC 12 0.00398861 dc 0.00398861 oc 0
599 WC 12 0.00398861 dc 0.00398861 oc 0
600 WC 12 0.00398861 dc 0.00398861 oc 0
601 WC 12 0.00398861 dc 0.00398861 oc 0
602 WC 12 0.00398861 dc 0.00398861 oc 0
603 WC 12 0.00398861 dc 0.00398861 oc 0
604 WC 12 0.00398861 dc 0.00398861 oc 0
605 WC 12 0.00398861 dc 0.00398861 oc 0
606 WC 12 0.00398861 dc 0.00398861 oc 0
607 WC 12 0.00398861 dc 0.00398861 oc 0
608 WC 12 0.00398861 dc 0.00398861 oc 0
609 WC 12 0.00398861 dc 0.00398861 oc 0
610 WC 12 0.00398861 dc 0.00398861 oc 0
611 WC 12 0.00398861 dc 0.00398861 oc 0
612 WC 12 0.00398861 dc 0.00398861 oc 0
613 WC 12 0.00398861 dc 0.00398861 oc 0
614 WC 12 0.00398861 dc 0.00398861 oc 0
615 WC 12 0.00398861 dc 0.00398861 oc 0
616 WC 12 0.00398861 dc 0.00398861 oc 0
617 WC 12 0.00398861 dc 0.00398861 oc 0
618 WC 12 0.00398861 dc 0.00398861 oc 0
619 WC 12 0.00398861 dc 0.00398861 oc 0
620 WC 12 0.00398861 dc 0.00398861 oc 0
621 WC 12 0.00398861 dc 0.00398861 oc 0
622 WC 12 0.00398861 dc 0.00398861 oc 0
623 WC 12 0.00398861 dc 0.00398861 oc 0
624 WC 12 0.00398861 dc 0.00398861 oc 0
625 WC 12 0.00398861 dc 0.00398861 oc 0
626 WC 12 0.00398861 dc 0.00398861 oc 0
627 WC 12 0.00398861 dc 0.00398861 oc 0
628 WC 12 0.00398861 dc 0.00398861 oc 0
629 WC 12 0.00398861 dc 0.00398861 oc 0
630 WC 12 0.00398861 dc 0.00398861 oc 0
631 WC 12 0.00398861 dc 0.00398861 oc 0
632 WC 12 0.00398861 dc 0.00398861 oc 0
633 WC 12 0.00398861 dc 0.00398861 oc 0
634 WC 12 0.00398861 dc 0.00398861 oc 0
635 WC 12 0.00398861 dc 0.00398861 oc 0
636 WC 12 0.00398861 dc 0.00398861 oc 0
637 WC 12 0.00398861 dc 0.00398861 oc 0
638 WC 12 0.00398861 dc 0.00398861 oc 0
639 WC 12 0.00398861 dc 0.00398861 oc 0
640 WC 12 0.00398861 dc 0.00398861 oc 0
641 WC 12 0.00398861 dc 0.00398861 oc 0
642 WC 12 0.00398861 dc 0.00398861 oc 0
643 WC 12 0.00398861 dc 0.00398861 oc 0
644 WC 12 0.00398861 dc 0.00398861 oc 0
645 WC 12 0.00398861 dc 0.00398861 oc 0
646 WC 12 0.00398861 dc 0.00398861 oc 0
647 WC 12 0.00398861 dc 0.00398861 oc 0
648 WC 12 0.00398861 dc 0.00398861 oc 0
649 WC 12 0.00398861 dc 0.00398861 oc 0
650 WC 12 0.00398861 dc 0.00398861 oc 0
651 WC 12 0.00398861 dc 0.00398861 oc 0
652 WC 12 0.00398861 dc 0.00398861 oc 0
653 WC 12 0.00398861 dc 0.00398861 oc 0
654 WC 12 0.00398861 dc 0.00398861 oc 0
655 WC 12 0.00398861 dc 0.00398861 oc 0
656 WC 12 0.00398861 dc 0.00398861 oc 0
657 WC 12 0.00398861 dc 0.00398861 oc 0
658 WC 12 0.00398861 dc 0.00398861 oc 0
659 WC 12 0.00398861 dc 0.00398861 oc 0
660 WC 12 0.00398861 dc 0.00398861 oc 0
661 WC 12 0.00398861 dc 0.00398861 oc 0
662 WC 12 0.00398861 dc 0.00398861 oc 0
663 WC 12 0.00398861 dc 0.00398861 oc 0
664 WC 12 0.00398861 dc 0.00398861 oc 0
665 WC 12 0.00398861 dc 0.00398861 oc 0
666 WC 12 0.00398861 dc 0.00398861 oc 0
667 WC 12 0.00398861 dc 0.00398861 oc 0
668 WC 12 0.00398861 dc 0.00398861 oc 0
669 WC 12 0.00398861 dc 0.00398861 oc 0
670 WC 12 0.00398861 dc 0.00398861 oc 0
671 WC 12 0.00398861 dc 0.00398861 oc 0
672 WC 12 0.00398861 dc 0.00398861 oc 0
673 WC 12 0.00398861 dc 0.00398861 oc 0
674 WC 12 0.00398861 dc 0.00398861 oc 0
675 WC 12 0.00398861 dc 0.00398861 oc 0
676 WC 12 0.00398861 dc 0.00398861 oc 0
677 WC 12 0.00398861 dc 0.00398861 oc 0
678 WC 12 0.00398861 dc 0.00398861 oc 0
679 WC 12 0.00398861 dc 0.00398861 oc 0
680 WC 12 0.00398861 dc 0.00398861 oc 0
681 WC 12 0.00398861 dc 0.00398861 oc 0
682 WC 12 0.00398861 dc 0.00398861 oc 0
683 WC 12 0.00398861 dc 0.00398861 oc 0
684 WC 12 0.00398861 dc 0.00398861 oc 0
685 WC 12 0.00398861 dc 0.00398861 oc 0
686 WC 12 0.00398861 dc 0.00398861 oc 0
687 WC 12 0.00398861 dc 0.00398861 oc 0
688 WC 12 0.00398861 dc 0.00398861 oc 0
689 WC 12 0.00398861 dc 0.00398861 oc 0
690 WC 12 0.00398861 dc 0.00398861 oc 0
691 WC 12 0.00398861 dc 0.00398861 oc 0
692 WC 12 0.00398861 dc 0.00398861 oc 0
693 WC 12 0.00398861 dc 0.00398861 oc 0
694 WC 12 0.00398861 dc 0.00398861 oc 0
695 WC 12 0.00398861 dc 0.00398861 oc 0
696 WC 12 0.00398861 dc 0.00398861 oc 0
697 WC 12 0.00398861 dc 0.00398861 oc 0
698 WC 12 0.00398861 dc 0.00398861 oc 0
699 WC 12 0.00398861 dc 0.00398861 oc 0
700 WC 12 0.00398861 dc 0.00398861 oc 0
701 WC 12 0.00398861 dc 0.00398861 oc 0
702 WC 12 0.00398861 dc 0.00398861 oc 0
703 WC 12 0.00398861 dc 0.00398861 oc 0
704 WC 12 0.00398861 dc 0.00398861 oc 0
705 WC 12 0.00398861 dc 0.00398861 oc 0
706 WC 12 0.00398861 dc 0.00398861 oc 0
707 WC 12 0.00398861 dc 0.00398861 oc 0
708 WC 12 0.00398861 dc 0.00398861 oc 0
709 WC 12 0.00398861 dc 0.00398861 oc 0
710 WC 12 0.00398861 dc 0.00398861 oc 0
711 WC 12 0.00398861 dc 0.00398861 oc 0
712 WC 12 0.00398861 dc 0.00398861 oc 0
713 WC 12 0.00398861 dc 0.00398861 oc 0
714 WC 12 0.00398861 dc 0.00398861 oc 0
715 WC 12 0.00398861 dc 0.00398861 oc 0
716 WC 12 0.00398861 dc 0.00398861 oc 0
717 WC 12 0.00398861 dc 0.00398861 oc 0
718 WC 12 0.00398861 dc 0.00398861 oc 0
719 WC 12 0.00398861 dc 0.00398861 oc 0
720 WC 12 0.00398861 dc 0.00398861 oc 0
721 WC 12 0.00398861 dc 0.00398861 oc 0
722 WC 12 0.00398861 dc 0.00398861 oc 0
723 WC 12 0.00398861 dc 0.00398861 oc 0
724 WC 12 0.00398861 dc 0.00398861 oc 0
725 WC 12 0.00398861 dc 0.00398861 oc 0
726 WC 12 0.00398861 dc 0.00398861 oc 0
727 WC 12 0.00398861 dc 0.00398861 oc 0
728 WC 12 0.00398861 dc 0.00398861 oc 0
729 WC 12 0.00398861 dc 0.00398861 oc 0
730 WC 12 0.00398861 dc 0.00398861 oc 0
731 WC 12 0.00398861 dc 0.00398861 oc 0
732 WC 12 0.00398861 dc 0.00398861 oc 0
733 WC 12 0.00398861 dc 0.00398861 oc 0
734 WC 12 0.00398861 dc 0.00398861 oc 0
735 WC 12 0.00398861 dc 0.00398861 oc 0
736 WC 12 0.00398861 dc 0.00398861 oc 0
737 WC 12 0.00398861 dc 0.00398861 oc 0
738 WC 12 0.00398861 dc 0.00398861 oc 0
739 WC 12 0.00398861 dc 0.00398861 oc 0
740 WC 12 0.00398861 dc 0.00398861 oc 0
741 WC 12 0.00398861 dc 0.00398861 oc 0
742 WC 12 0.00398861 dc 0.00398861 oc 0
743 WC 12 0.00398861 dc 0.00398861 oc 0
744 WC 12 0.00398861 dc 0.00398861 oc 0
745 WC 12 0.00398861 dc 0.00398861 oc 0
746 WC 12 0.00398861 dc 0.00398861 oc 0
747 WC 12 0.00398861 dc 0.00398861 oc 0
748 WC 12 0.00398861 dc 0.00398861 oc 0
749 WC 12 0.00398861 dc 0.00398861 oc 0
750 WC 12 0.00398861 dc 0.00398861 oc 0
751 WC 12 0.00398861 dc 0.00398861 oc 0
752 WC 12 0.00398861 dc 0.00398861 oc 0
753 WC 12 0.00398861 dc 0.00398861 oc 0
754 WC 12 0.00398861 dc 0.00398861 oc 0
755 WC 12 0.00398861 dc 0.00398861 oc 0
756 WC 12 0.00398861 dc 0.00398861 oc 0
757 WC 12 0.00398861 dc 0.00398861 oc 0
758 WC 12 0.00398861 dc 0.00398861 oc 0
759 WC 12 0.00398861 dc 0.00398861 oc 0
760 WC 12 0.00398861 dc 0.00398861 oc 0
761 WC 12 0.00398861 dc 0.00398861 oc 0
762 WC 12 0.00398861 dc 0.00398861 oc 0
763 WC 12 0.00398861 dc 0.00398861 oc 0
764 WC 12 0.00398861 dc 0.00398861 oc 0
765 WC 12 0.00398861 dc 0.00398861 oc 0
766 WC 12 0.00398861 dc 0.00398861 oc 0
767 WC 12 0.00398861 dc 0.00398861 oc 0
768 WC 12 0.00398861 dc 0.00398861 oc 0
769 WC 12 0.00398861 dc 0.00398861 oc 0
770 WC 12 0.00398861 dc 0.00398861 oc 0
771 WC 12 0.00398861 dc 0.00398861 oc 0
772 WC 12 0.00398861 dc 0.00398861 oc 0
773 WC 12 0.00398861 dc 0.00398861 oc 0
774 WC 12 0.00398861 dc 0.00398861 oc 0
775 WC 12 0.00398861 dc 0.00398861 oc 0
776 WC 12 0.00398861 dc 0.00398861 oc 0
777 WC 12 0.00398861 dc 0.00398861 oc 0
778 WC 12 0.00398861 dc 0.00398861 oc 0
779 WC 12 0.00398861 dc 0.00398861 oc 0
780 WC 12 0.00398861 dc 0.00398861 oc 0
781 WC 12 0.00398861 dc 0.00398861 oc 0
782 WC 12 0.00398861 dc 0.00398861 oc 0
783 WC 12 0.00398861 dc 0.00398861 oc 0
784 WC 12 0.00398861 dc 0.00398861 oc 0
785 WC 12 0.00398861 dc 0.00398861 oc 0
786 WC 12 0.00398861 dc 0.00398861 oc 0
787 WC 12 0.00398861 dc 0.00398861 oc 0
788 WC 12 0.00398861 dc 0.00398861 oc 0
789 WC 12 0.00398861 dc 0.00398861 oc 0
790 WC 12 0.00398861 dc 0.00398861 oc 0
791 WC 12 0.00398861 dc 0.00398861 oc 0
792 WC 12 0.00398861 dc 0.00398861 oc 0
793 WC 12 0.00398861 dc 0.00398861 oc 0
794 WC 12 0.00398861 dc 0.00398861 oc 0
795 WC 12 0.00398861 dc 0.00398861 oc 0
796 WC 12 0.00398861 dc 0.00398861 oc 0
797 WC 12 0.00398861 dc 0.00398861 oc 0
798 WC 12 0.00398861 dc 0.00398861 oc 0
799 WC 12 0.00398861 dc 0.00398861 oc 0
800 WC 12 0.00398861 dc 0.00398861 oc 0
801 WC 12 0.00398861 dc 0.00398861 oc 0
802 WC 12 0.00398861 dc 0.00398861 oc 0
803 WC 12 0.00398861 dc 0.00398861 oc 0
804 WC 12 0.00398861 dc 0.00398861 oc 0
805 WC 12 0.00398861 dc 0.00398861 oc 0
806 WC 12 0.00398861 dc 0.00398861 oc 0
807 WC 12 0.00398861 dc 0.00398861 oc 0
808 WC 12 0.00398861 dc 0.00398861 oc 0
809 WC 12 0.00398861 dc 0.00398861 oc 0
810 WC 12 0.00398861 dc 0.00398861 oc 0
811 WC 12 0.00398861 dc 0.00398861 oc 0
812 WC 12 0.00398861 dc 0.00398861 oc 0
813 WC 12 0.00398861 dc 0.00398861 oc 0
814 WC 12 0.00398861 dc 0.00398861 oc 0
815 WC 12 0.00398861 dc 0.00398861 oc 0
816 WC 12 0.00398861 dc 0.00398861 oc 0
817 WC 12 0.00398861 dc 0.00398861 oc 0
818 WC 12 0.00398861 dc 0.00398861 oc 0
819 WC 12 0.00398861 dc 0.00398861 oc 0
820 WC 12 0.00398861 dc 0.00398861 oc 0
821 WC 12 0.00398861 dc 0.00398861 oc 0
822 WC 12 0.00398861 dc 0.00398861 oc 0
823 WC 12 0.00398861 dc 0.00398861 oc 0
824 WC 12 0.00398861 dc 0.00398861 oc 0
825 WC 12 0.00398861 dc 0.00398861 oc 0
826 WC 12 0.00398861 dc 0.00398861 oc 0
827 WC 12 0.00398861 dc 0.00398861 oc 0
828 WC 12 0.00398861 dc 0.00398861 oc 0
829 WC 12 0.00398861 dc 0.00398861 oc 0
830 WC 12 0.00398861 dc 0.00398861 oc 0
831 WC 12 0.00398861 dc 0.00398861 oc 0
832 WC 12 0.00398861 dc 0.00398861 oc 0
833 WC 12 0.00398861 dc 0.00398861 oc 0
834 WC 12 0.00398861 dc 0.00398861 oc 0
835 WC 12 0.00398861 dc 0.00398861 oc 0
836 WC 12 0.00398861 dc 0.00398861 oc 0
837 WC 12 0.00398861 dc 0.00398861 oc 0
838 WC 12 0.00398861 dc 0.00398861 oc 0
839 WC 12 0.00398861 dc 0.00398861 oc 0
840 WC 12 0.00398861 dc 0.00398861 oc 0
841 WC 12 0.00398861 dc 0.00398861 oc 0
842 WC 12 0.00398861 dc 0.00398861 oc 0
843 WC 12 0.00398861 dc 0.00398861 oc 0
844 WC 12 0.00398861 dc 0.00398861 oc 0
845 WC 12 0.00398861 dc 0.00398861 oc 0
846 WC 12 0.00398861 dc 0.00398861 oc 0
847 WC 12 0.00398861 dc 0.00398861 oc 0
848 WC 12 0.00398861 dc 0.00398861 oc 0
849 WC 12 0.00398861 dc 0.00398861 oc 0
850 WC 12 0.00398861 dc 0.00398861 oc 0
851 WC 12 0.00398861 dc 0.00398861 oc 0
852 WC 12 0.00398861 dc 0.00398861 oc 0
853 WC 12 0.00398861 dc 0.00398861 oc 0
854 WC 12 0.00398861 dc 0.00398861 oc 0
855 WC 12 0.00398861 dc 0.00398861 oc 0
856 WC 12 0.00398861 dc 0.00398861 oc 0
857 WC 12 0.00398861 dc 0.00398861 oc 0
858 WC 12 0.00398861 dc 0.00398861 oc 0
859 WC 12 0.00398861 dc 0.00398861 oc 0
860 WC 12 0.00398861 dc 0.00398861 oc 0
861 WC 12 0.00398861 dc 0.00398861 oc 0
862 WC 12 0.00398861 dc 0.00398861 oc 0
863 WC 12 0.00398861 dc 0.00398861 oc 0
864 WC 12 0.00398861 dc 0.00398861 oc 0
865 WC 12 0.00398861 dc 0.00398861 oc 0
866 WC 12 0.00398861 dc 0.00398861 oc 0
867 WC 12 0.00398861 dc 0.00398861 oc 0
868 WC 12 0.00398861 dc 0.00398861 oc 0
869 WC 12 0.00398861 dc 0.00398861 oc 0
870 WC 12 0.00398861 dc 0.00398861 oc 0
871 WC 12 0.00398861 dc 0.00398861 oc 0
872 WC 12 0.00398861 dc 0.00398861 oc 0
873 WC 12 0.00398861 dc 0.00398861 oc 0
874 WC 12 0.00398861 dc 0.00398861 oc 0
875 WC 12 0.00398861 dc 0.00398861 oc 0
876 WC 12 0.00398861 dc 0.00398861 oc 0
877 WC 12 0.00398861 dc 0.00398861 oc 0
878 WC 12 0.00398861 dc 0.00398861 oc 0
879 WC 12 0.00398861 dc 0.00398861 oc 0
880 WC 12 0.00398861 dc 0.00398861 oc 0
881 WC 12 0.00398861 dc 0.00398861 oc 0
882 WC 12 0.00398861 dc 0.00398861 oc 0
883 WC 12 0.00398861 dc 0.00398861 oc 0
884 WC 12 0.00398861 dc 0.00398861 oc 0
885 WC 12 0.00398861 dc 0.00398861 oc 0
886 WC 12 0.00398861 dc 0.00398861 oc 0
887 WC 12 0.00398861 dc 0.00398861 oc 0
888 WC 12 0.00398861 dc 0.00398861 oc 0
889 WC 12 0.00398861 dc 0.00398861 oc 0
890 WC 12 0.00398861 dc 0.00398861 oc 0
891 WC 12 0.00398861 dc 0.00398861 oc 0
892 WC 12 0.00398861 dc 0.00398861 oc 0
893 WC 12 0.00398861 dc 0.00398861 oc 0
894 WC 12 0.00398861 dc 0.00398861 oc 0
895 WC 12 0.00398861 dc 0.00398861 oc 0
896 WC 12 0.00398861 dc 0.00398861 oc 0
897 WC 12 0.00398861 dc 0.00398861 oc 0
898 WC 12 0.00398861 dc 0.00398861 oc 0
899 WC 12 0.00398861 dc 0.00398861 oc 0
900 WC 12 0.00398861 dc 0.00398861 oc 0
901 WC 12 0.00398861 dc 0.00398861 oc 0
902 WC 12 0.00398861 dc 0.00398861 oc 0
903 WC 12 0.00398861 dc 0.00398861 oc 0
904 WC 12 0.00398861 dc 0.00398861 oc 0
905 WC 12 0.00398861 dc 0.00398861 oc 0
906 WC 12 0.00398861 dc 0.00398861 oc 0
907 WC 12 0.00398861 dc 0.00398861 oc 0
908 WC 12 0.00398861 dc 0.00398861 oc 0
909 WC 12 0.00398861 dc 0.00398861 oc 0
910 WC 12 0.00398861 dc 0.00398861 oc 0
911 WC 12 0.00398861 dc 0.00398861 oc 0
912 WC 12 0.00398861 dc 0.00398861 oc 0
913 WC 12 0.00398861 dc 0.00398861 oc 0
914 WC 12 0.00398861 dc 0.00398861 oc 0
915 WC 12 0.00398861 dc 0.00398861 oc 0
916 WC 12 0.00398861 dc 0.00398861 oc 0
917 WC 12 0.00398861 dc 0.00398861 oc 0
918 WC 12 0.00398861 dc 0.00398861 oc 0
919 WC 12 0.00398861 dc 0.00398861 oc 0
920 WC 12 0.00398861 dc 0.00398861 oc 0
921 WC 12 0.00398861 dc 0.00398861 oc 0
922 WC 12 0.00398861 dc 0.00398861 oc 0
923 WC 12 0.00398861 dc 0.00398861 oc 0
924 WC 12 0.00398861 dc 0.00398861 oc 0
925 WC 12 0.00398861 dc 0.00398861 oc 0
926 WC 12 0.00398861 dc 0.00398861 oc 0
927 WC 12 0.00398861 dc 0.00398861 oc 0
928 WC 12 0.00398861 dc 0.00398861 oc 0
929 WC 12 0.00398861 dc 0.00398861 oc 0
930 WC 12 0.00398861 dc 0.00398861 oc 0
931 WC 12 0.00398861 dc 0.00398861 oc 0
932 WC 12 0.00398861 dc 0.00398861 oc 0
933 WC 12 0.00398861 dc 0.00398861 oc 0
934 WC 12 0.00398861 dc 0.00398861 oc 0
935 WC 12 0.00398861 dc 0.00398861 oc 0
936 WC 12 0.00398861 dc 0.00398861 oc 0
937 WC 12 0.00398861 dc 0.00398861 oc 0
938 WC 12 0.00398861 dc 0.00398861 oc 0
939 WC 12 0.00398861 dc 0.00398861 oc 0
940 WC 12 0.00398861 dc 0.00398861 oc 0
941 WC 12 0.00398861 dc 0.00398861 oc 0
942 WC 12 0.00398861 dc 0.00398861 oc 0
943 WC 12 0.00398861 dc 0.00398861 oc 0
944 WC 12 0.00398861 dc 0.00398861 oc 0
945 WC 12 0.00398861 dc 0.00398861 oc 0
946 WC 12 0.00398861 dc 0.00398861 oc 0
947 WC 12 0.00398861 dc 0.00398861 oc 0
948 WC 12 0.00398861 dc 0.00398861 oc 0
949 WC 12 0.00398861 dc 0.00398861 oc 0
950 WC 12 0.00398861 dc 0.00398861 oc 0
951 WC 12 0.00398861 dc 0.00398861 oc 0
952 WC 12 0.00398861 dc 0.00398861 oc 0
953 WC 12 0.00398861 dc 0.00398861 oc 0
954 WC 12 0.00398861 dc 0.00398861 oc 0
955 WC 12 0.00398861 dc 0.00398861 oc 0
956 WC 12 0.00398861 dc 0.00398861 oc 0
957 WC 12 0.00398861 dc 0.00398861 oc 0
958 WC 12 0.00398861 dc 0.00398861 oc 0
959 WC 12 0.00398861 dc 0.00398861 oc 0
960 WC 12 0.00398861 dc 0.00398861 oc 0
961 WC 12 0.00398861 dc 0.00398861 oc 0
962 WC 12 0.00398861 dc 0.00398861 oc 0
963 WC 12 0.00398861 dc 0.00398861 oc 0
964 WC 12 0.00398861 dc 0.00398861 oc 0
965 WC 12 0.00398861 dc 0.00398861 oc 0
966 WC 12 0.00398861 dc 0.00398861 oc 0
967 WC 12 0.00398861 dc 0.00398861 oc 0
968 WC 12 0.00398861 dc 0.00398861 oc 0
969 WC 12 0.00398861 dc 0.00398861 oc 0
970 WC 12 0.00398861 dc 0.00398861 oc 0
971 WC 12 0.00398861 dc 0.00398861 oc 0
972 WC 12 0.00398861 dc 0.00398861 oc 0
973 WC 12 0.00398861 dc 0.00398861 oc 0
974 WC 12 0.00398861 dc 0.00398861 oc 0
975 WC 12 0.00398861 dc 0.00398861 oc 0
976 WC 12 0.00398861 dc 0.00398861 oc 0
977 WC 12 0.00398861 dc 0.00398861 oc 0
978 WC 12 0.00398861 dc 0.00398861 oc 0
979 WC 12 0.00398861 dc 0.00398861 oc 0
980 WC 12 0.00398861 dc 0.00398861 oc 0
981 WC 12 0.00398861 dc 0.00398861 oc 0
982 WC 12 0.00398861 dc 0.00398861 oc 0
983 WC 12 0.00398861 dc 0.00398861 oc 0
984 WC 12 0.00398861 dc 0.00398861 oc 0
985 WC 12 0.00398861 dc 0.00398861 oc 0
986 WC 12 0.00398861 dc 0.00398861 oc 0
987 WC 12 0.00398861 dc 0.00398861 oc 0
988 WC 12 0.00398861 dc 0.00398861 oc 0
989 WC 12 0.00398861 dc 0.00398861 oc 0
990 WC 12 0.00398861 dc 0.00398861 oc 0
991 WC 12 0.00398861 dc 0.00398861 oc 0
992 WC 12 0.00398861 dc 0.00398861 oc 0
993 WC 12 0.00398861 dc 0.00398861 oc 0
994 WC 12 0.00398861 dc 0.00398861 oc 0
995 WC 12 0.00398861 dc 0.00398861 oc 0
996 WC 12 0.00398861 dc 0.00398861 oc 0
997 WC 12 0.00398861 dc 0.00398861 oc 0
998 WC 12 0.00398861 dc 0.00398861 oc 0
999 WC 12 0.00398861 dc 0.00398861 oc 0
1000 WC 12 0.00398861 dc 0.00398861 oc 0
1001 WC 12 0.00398861 dc 0.00398861 oc 0
1002 WC 12 0.00398861 dc 0.00398861 oc 0
1003 WC 12 0.00398861 dc 0.00398861 oc 0
1004 WC 12 0.00398861 dc 0.00398861 oc 0
1005 WC 12 0.00398861 dc 0.00398861 oc 0
1006 WC 12 0.00398861 dc 0.00398861 oc 0
1007 WC 12 0.00398861 dc 0.00398861 oc 0
1008 WC 12 0.00398861 dc 0.00398861 oc 0
1009 WC 12 0.00398861 dc 0.00398861 oc 0
1010 WC 12 0.00398861 dc 0.00398861 oc 0
1011 WC 12 0.00398861 dc 0.00398861 oc 0
1012 WC 12 0.00398861 dc 0.00398861 oc 0
1013 WC 12 0.00398861 dc 0.00398861 oc 0
1014 WC 12 0.00398861 dc 0.00398861 oc 0
1015 WC 12 0.00398861 dc 0.00398861 oc 0
1016 WC 12 0.00398861 dc 0.00398861 oc 0
1017 WC 12 0.00398861 dc 0.00398861 oc 0
1018 WC 12 0.00398861 dc 0.00398861 oc 0
1019 WC 12 0.00398861 dc 0.00398861 oc 0
1020 WC 12 0.00398861 dc 0.00398861 oc 0
1021 WC 12 0.00398861 dc 0.00398861 oc 0
1022 WC 12 0.00398861 dc 0.00398861 oc 0
1023 WC 12 0.00398861 dc 0.00398861 oc 0
1024 WC 12 0.00398861 dc 0.00398861 oc 0
1025 WC 12 0.00398861 dc 0.00398861 oc 0
1026 WC 12 0.00398861 dc 0.00398861 oc 0
1027 WC 12 0.00398861 dc 0.00398861 oc 0
1028 WC 12 0.00398861 dc 0.00398861 oc 0
1029 WC 12 0.00398861 dc 0.00398861 oc 0
1030 WC 12 0.00398861 dc 0.00398861 oc 0
1031 WC 12 0.00398861 dc 0.00398861 oc 0
1032 WC 12 0.00398861 dc 0.00398861 oc 0
1033 WC 12 0.00398861 dc 0.00398861 oc 0
1034 WC 12 0.00398861 dc 0.00398861 oc 0
1035 WC 12 0.00398861 dc 0.00398861 oc 0
1036 WC 12 0.00398861 dc 0.00398861 oc 0
1037 WC 12 0.00398861 dc 0.00398861 oc 0
1038 WC 12 0.00398861 dc 0.00398861 oc 0
1039 WC 12 0.00398861 dc 0.00398861 oc 0
1040 WC 12 0.00398861 dc 0.00398861 oc 0
1041 WC 12 0.00398861 dc 0.00398861 oc 0
1042 WC 12 0.00398861 dc 0.00398861 oc 0
1043 WC 12 0.00398861 dc 0.00398861 oc 0
1044 WC 12 0.00398861 dc 0.00398861 oc 0
1045 WC 12 0.00398861 dc 0.00398861 oc 0
1046 WC 12 0.00398861 dc 0.00398861 oc 0
1047 WC 12 0.00398861 dc 0.00398861 oc 0
1048 WC 12 0.00398861 dc 0.00398861 oc 0
1049 WC 12 0.00398861 dc 0.00398861 oc 0
1050 WC 12 0.00398861 dc 0.00398861 oc 0
1051 WC 12 0.00398861 dc 0.00398861 oc 0
1052 WC 12 0.00398861 dc 0.00398861 oc 0
1053 WC 12 0.00398861 dc 0.00398861 oc 0
1054 WC 12 0.00398861 dc 0.00398861 oc 0
1055 WC 12 0.00398861 dc 0.00398861 oc 0
1056 WC 12 0.00398861 dc 0.00398861 oc 0
1057 WC 12 0.00398861 dc 0.00398861 oc 0
1058 WC 12 0.00398861 dc 0.00398861 oc 0
1059 WC 12 0.00398861 dc 0.00398861 oc 0
1060 WC 12 0.00398861 dc 0.00398861 oc 0
1061 WC 12 0.00398861 dc 0.00398861 oc 0
1062 WC 12 0.00398861 dc 0.00398861 oc 0
1063 WC 12 0.00398861 dc 0.00398861 oc 0
1064 WC 12 0.00398861 dc 0.00398861 oc 0
1065 WC 12 0.00398861 dc 0.00398861 oc 0
1066 WC 12 0.00398861 dc 0.00398861 oc 0
1067 WC 12 0.00398861 dc 0.00398861 oc 0
1068 WC 12 0.00398861 dc 0.00398861 oc 0
1069 WC 12 0.00398861 dc 0.00398861 oc 0
1070 WC 12 0.00398861 dc 0.00398861 oc 0
1071 WC 12 0.00398861 dc 0.00398861 oc 0
1072 WC 12 0.00398861 dc 0.00398861 oc 0
1073 WC 12 0.00398861 dc 0.00398861 oc 0
1074 WC 12 0.00398861 dc 0.00398861 oc 0
1075 WC 12 0.00398861 dc 0.00398861 oc 0
1076 WC 12 0.00398861 dc 0.00398861 oc 0
1077 WC 12 0.00398861 dc 0.00398861 oc 0
1078 WC 12 0.00398861 dc 0.00398861 oc 0
1079 WC 12 0.00398861 dc 0.00398861 oc 0
1080 WC 12 0.00398861 dc 0.00398861 oc 0
1081 WC 12 0.00398861 dc 0.00398861 oc 0
1082 WC 12 0.00398861 dc 0.00398861 oc 0
1083 WC 12 0.00398861 dc 0.00398861 oc 0
1084 WC 12 0.00398861 dc 0.00398861 oc 0
1085 WC 12 0.00398861 dc 0.00398861 oc 0
1086 WC 12 0.00398861 dc 0.00398861 oc 0
1087 WC 12 0.00398861 dc 0.00398861 oc 0
1088 WC 12 0.00398861 dc 0.00398861 oc 0
1089 WC 12 0.00398861 dc 0.00398861 oc 0
1090 WC 12 0.00398861 dc 0.00398861 oc 0
1091 WC 12 0.00398861 dc 0.00398861 oc 0
1092 WC 12 0.00398861 dc 0.00398861 oc 0
1093 WC 12 0.00398861 dc 0.00398861 oc 0
1094 WC 12 0.00398861 dc 0.00398861 oc 0
1095 WC 12 0.00398861 dc 0.00398861 oc 0
1096 WC 12 0.00398861 dc 0.00398861 oc 0
1097 WC 12 0.00398861 dc 0.00398861 oc 0
1098 WC 12 0.00398861 dc 0.00398861 oc 0
1099 WC 12 0.00398861 dc 0.00398861 oc 0
1100 WC 12 0.00398861 dc 0.00398861 oc 0
1101 WC 12 0.00398861 dc 0.00398861 oc 0
1102 WC 12 0.00398861 dc 0.00398861 oc 0
1103 WC 12 0.00398861 dc 0.00398861 oc 0
1104 WC 12 0.00398861 dc 0.00398861 oc 0
1105 WC 12 0.00398861 dc 0.00398861 oc 0
1106 WC 12 0.00398861 dc 0.00398861 oc 0
1107 WC 12 0.00398861 dc 0.00398861 oc 0
1108 WC 12 0.00398861 dc 0.00398861 oc 0
1109 WC 12 0.00398861 dc 0.00398861 oc 0
1110 WC 12 0.00398861 dc 0.00398861 oc 0
1111 WC 12 0.00398861 dc 0.00398861 oc 0
1112 WC 12 0.00398861 dc 0.00398861 oc 0
1113 WC 12 0.00398861 dc 0.00398861 oc 0
1114 WC 12 0.00398861 dc 0.00398861 oc 0
1115 WC 12 0.00398861 dc 0.00398861 oc 0
1116 WC 12 0.00398861 dc 0.00398861 oc 0
1117 WC 12 0.00398861 dc 0.00398861 oc 0
1118 WC 12 0.00398861 dc 0.00398861 oc 0
1119 WC 12 0.00398861 dc 0.00398861 oc 0
1120 WC 12 0.00398861 dc 0.00398861 oc 0
1121 WC 12 0.00398861 dc 0.00398861 oc 0
1122 WC 12 0.00398861 dc 0.00398861 oc 0
1123 WC 12 0.00398861 dc 0.00398861 oc 0
1124 WC 12 0.00398861 dc 0.00398861 oc 0
1125 WC 12 0.00398861 dc 0.00398861 oc 0
1126 WC 12 0.00398861 dc 0.00398861 oc 0
1127 WC 12 0.00398861 dc 0.00398861 oc 0
1128 WC 12 0.00398861 dc 0.00398861 oc 0
1129 WC 12 0.00398861 dc 0.00398861 oc 0
1130 WC 12 0.00398861 dc 0.00398861 oc 0
1131 WC 12 0.00398861 dc 0.00398861 oc 0
1132 WC 12 0.00398861 dc 0.00398861 oc 0
1133 WC 12 0.00398861 dc 0.00398861 oc 0
1134 WC 12 0.00398861 dc 0.00398861 oc 0
1135 WC 12 0.00398861 dc 0.00398861 oc 0
1136 WC 12 0.00398861 dc 0.00398861 oc 0
1137 WC 12 0.00398861 dc 0.00398861 oc 0
1138 WC 12 0.00398861 dc 0.00398861 oc 0
1139 WC 12 0.00398861 dc 0.00398861 oc 0
1140 WC 12 0.00398861 dc 0.00398861 oc 0
1141 WC 12 0.00398861 dc 0.00398861 oc 0
1142 WC 12 0.00398861 dc 0.00398861 oc 0
1143 WC 12 0.00398861 dc 0.00398861 oc 0
1144 WC 12 0.00398861 dc 0.00398861 oc 0
1145 WC 12 0.00398861 dc 0.00398861 oc 0
1146 WC 12 0.00398861 dc 0.00398861 oc 0
1147 WC 12 0.00398861 dc 0.00398861 oc 0
1148 WC 12 0.00398861 dc 0.00398861 oc 0
1149 WC 12 0.00398861 dc 0.00398861 oc 0
1150 WC 12 0.00398861 dc 0.00398861 oc 0
1151 WC 12 0.00398861 dc 0.00398861 oc 0
1152 WC 12 0.00398861 dc 0.00398861 oc 0
1153 WC 12 0.00398861 dc 0.00398861 oc 0
1154 WC 12 0.00398861 dc 0.00398861 oc 0
1155 WC 12 0.00398861 dc 0.00398861 oc 0
1156 WC 12 0.00398861 dc 0.00398861 oc 0
1157 WC 12 0.00398861 dc 0.00398861 oc 0
1158 WC 12 0.00398861 dc 0.00398861 oc 0
1159 WC 12 0.00398861 dc 0.00398861 oc 0
1160 WC 12 0.00398861 dc 0.00398861 oc 0
1161 WC 12 0.00398861 dc 0.00398861 oc 0
1162 WC 12 0.00398861 dc 0.00398861 oc 0
1163 WC 12 0.00398861 dc 0.00398861 oc 0
1164 WC 12 0.00398861 dc 0.00398861 oc 0
1165 WC 12 0.00398861 dc 0.00398861 oc 0
1166 WC 12 0.00398861 dc 0.00398861 oc 0
1167 WC 12 0.00398861 dc 0.00398861 oc 0
1168 WC 12 0.00398861 dc 0.00398861 oc 0
1169 WC 12 0.00398861 dc 0.00398861 oc 0
1170 WC 12 0.00398861 dc 0.00398861 oc 0
1171 WC 12 0.00398861 dc 0.00398861 oc 0
1172 WC 12 0.00398861 dc 0.00398861 oc 0
1173 WC 12 0.00398861 dc 0.00398861 oc 0
1174 WC 12 0.00398861 dc 0.00398861 oc 0
1175 WC 12 0.00398861 dc 0.00398861 oc 0
1176 WC 12 0.00398861 dc 0.00398861 oc 0
1177 WC 12 0.00398861 dc 0.00398861 oc 0
1178 WC 12 0.00398861 dc 0.00398861 oc 0
1179 WC 12 0.00398861 dc 0.00398861 oc 0
1180 WC 12 0.00398861 dc 0.00398861 oc 0
1181 WC 12 0.00398861 dc 0.00398861 oc 0
1182 WC 12 0.00398861 dc 0.00398861 oc 0
1183 WC 12 0.00398861 dc 0.00398861 oc 0
1184 WC 12 0.00398861 dc 0.00398861 oc 0
1185 WC 12 0.00398861 dc 0.00398861 oc 0
1186 WC 12 0.00398861 dc 0.00398861 oc 0
1187 WC 12 0.00398861 dc 0.00398861 oc 0
1188 WC 12 0.00398861 dc 0.00398861 oc 0
1189 WC 12 0.00398861 dc 0.00398861 oc 0
1190 WC 12 0.00398861 dc 0.00398861 oc 0
1191 WC 12 0.00398861 dc 0.00398861 oc 0
1192 WC 12 0.00398861 dc 0.00398861 oc 0
1193 WC 12 0.00398861 dc 0.00398861 oc 0
1194 WC 12 0.00398861 dc 0.00398861 oc 0
1195 WC 12 0.00398861 dc 0.00398861 oc 0
1196 WC 12 0.00398861 dc 0.00398861 oc 0
1197 WC 12 0.00398861 dc 0.00398861 oc 0
1198 WC 12 0.00398861 dc 0.00398861 oc 0
1199 WC 12 0.00398861 dc 0.00398861 oc 0
1200 WC 12 0.00398861 dc 0.00398861 oc 0
1201 WC 12 0.00398861 dc 0.00398861 oc 0
1202 WC 12 0.00398861 dc 0.00398861 oc 0
1203 WC 12 0.00398861 dc 0.00398861 oc 0
1204 WC 12 0.00398861 dc 0.00398861 oc 0
1205 WC 12 0.00398861 dc 0.00398861 oc 0
1206 WC 12 0.00398861 dc 0.00398861 oc 0
1207 WC 12 0.00398861 dc 0.00398861 oc 0
1208 WC 12 0.00398861 dc 0.00398861 oc 0
1209 WC 12 0.00398861 dc 0.00398861 oc 0
1210 WC 12 0.00398861 dc 0.00398861 oc 0
1211 WC 12 0.00398861 dc 0.00398861 oc 0
1212 WC 12 0.00398861 dc 0.00398861 oc 0
1213 WC 12 0.00398861 dc 0.00398861 oc 0
1214 WC 12 0.00398861 dc 0.00398861 oc 0
1215 WC 12 0.00398861 dc 0.00398861 oc 0
1216 WC 12 0.00398861 dc 0.00398861 oc 0
1217 WC 12 0.00398861 dc 0.00398861 oc 0
1218 WC 12 0.00398861 dc 0.00398861 oc 0
1219 WC 12 0.00398861 dc 0.00398861 oc 0
1220 WC 12 0.00398861 dc 0.00398861 oc 0
1221 WC 12 0.00398861 dc 0.00398861 oc 0
1222 WC 12 0.00398861 dc 0.00398861 oc 0
1223 WC 12 0.00398861 dc 0.00398861 oc 0
1224 WC 12 0.00398861 dc 0.00398861 oc 0
1225 WC 12 0.00398861 dc 0.00398861 oc 0
1226 WC 12 0.00398861 dc 0.00398861 oc 0
1227 WC 12 0.00398861 dc 0.00398861 oc 0
1228 WC 12 0.00398861 dc 0.00398861 oc 0
1229 WC 12 0.00398861 dc 0.00398861 oc 0
1230 WC 12 0.00398861 dc 0.00398861 oc 0
1231 WC 12 0.00398861 dc 0.00398861 oc 0
1232 WC 12 0.00398861 dc 0.00398861 oc 0
1233 WC 12 0.00398861 dc 0.00398861 oc 0
1234 WC 12 0.00398861 dc 0.00398861 oc 0
1235 WC 12 0.00398861 dc 0.00398861 oc 0
1236 WC 12 0.00398861 dc 0.00398861 oc 0
1237 WC 12 0.00398861 dc 0.00398861 oc 0
1238 WC 12 0.00398861 dc 0.00398861 oc 0
1239 WC 12 0.00398861 dc 0.00398861 oc 0
1240 WC 12 0.00398861 dc 0.00398861 oc 0
1241 WC 12 0.00398861 dc 0.00398861 oc 0
1242 WC 12 0.00398861 dc 0.00398861 oc 0
1243 WC 12 0.00398861 dc 0.00398861 oc 0
1244 WC 12 0.00398861 dc 0.00398861 oc 0
1245 WC 12 0.00398861 dc 0.00398861 oc 0
1246 WC 12 0.00398861 dc 0.00398861 oc 0
1247 WC 12 0.00398861 dc 0.00398861 oc 0
1248 WC 12 0.00398861 dc 0.00398861 oc 0
1249 WC 12 0.00398861 dc 0.00398861 oc 0
1250 WC 12 0.00398861 dc 0.00398861 oc 0
1251 WC 12 0.00398861 dc 0.00398861 oc 0
1252 WC 12 0.00398861 dc 0.00398861 oc 0
1253 WC 12 0.00398861 dc 0.00398861 oc 0
1254 WC 12 0.00398861 dc 0.00398861 oc 0
1255 WC 12 0.00398861 dc 0.00398861 oc 0
1256 WC 12 0.00398861 dc 0.00398861 oc 0
1257 WC 12 0.00398861 dc 0.00398861 oc 0
1258 WC 12 0.00398861 dc 0.00398861 oc 0
1259 WC 12 0.00398861 dc 0.00398861 oc 0
1260 WC 12 0.00398861 dc 0.00398861 oc 0
1261 WC 12 0.00398861 dc 0.00398861 oc 0
1262 WC 12 0.00398861 dc 0.00398861 oc 0
1263 WC 12 0.00398861 dc 0.00398861 oc 0
1264 WC 12 0.00398861 dc 0.00398861 oc 0
1265 WC 12 0.00398861 dc 0.00398861 oc 0
1266 WC 12 0.00398861 dc 0.00398861 oc 0
1267 WC 12 0.00398861 dc 0.00398861 oc 0
1268 WC 12 0.00398861 dc 0.00398861 oc 0
1269 WC 12 0.00398861 dc 0.00398861 oc 0
1270 WC 12 0.00398861 dc 0.00398861 oc 0
1271 WC 12 0.00398861 dc 0.00398861 oc 0
1272 WC 12 0.00398861 dc 0.00398861 oc 0
1273 WC 12 0.00398861 dc 0.00398861 oc 0
1274 WC 12 0.00398861 dc 0.00398861 oc 0
1275 WC 12 0.00398861 dc 0.00398861 oc 0
1276 WC 12 0.00398861 dc 0.00398861 oc 0
1277 WC 12 0.00398861 dc 0.00398861 oc 0
1278 WC 12 0.00398861 dc 0.00398861 oc 0
1279 WC 12 0.00398861 dc 0.00398861 oc 0
1280 WC 12 0.00398861 dc 0.00398861 oc 0
1281 WC 12 0.00398861 dc 0.00398861 oc 0
1282 WC 12 0.00398861 dc 0.00398861 oc 0
1283 WC 12 0.00398861 dc 0.00398861 oc 0
1284 WC 12 0.00398861 dc 0.00398861 oc 0
1285 WC 12 0.00398861 dc 0.00398861 oc 0
1286 WC 12 0.00398861 dc 0.00398861 oc 0
1287 WC 12 0.00398861 dc 0.00398861 oc 0
1288 WC 12 0.00398861 dc 0.00398861 oc 0
1289 WC 12 0.00398861 dc 0.00398861 oc 0
1290 WC 12 0.00398861 dc 0.00398861 oc 0
1291 WC 12 0.00398861 dc 0.00398861 oc 0
1292 WC 12 0.00398861 dc 0.00398861 oc 0
1293 WC 12 0.00398861 dc 0.00398861 oc 0
1294 WC 12 0.00398861 dc 0.00398861 oc 0
1295 WC 12 0.00398861 dc 0.00398861 oc 0
1296 WC 12 0.00398861 dc 0.00398861 oc 0
1297 WC 12 0.00398861 dc 0.00398861 oc 0
1298 WC 12 0.00398861 dc 0.00398861 oc 0
1299 WC 12 0.00398861 dc 0.00398861 oc 0
1300 WC 12 0.00398861 dc 0.00398861 oc 0
1301 WC 12 0.00398861 dc 0.00398861 oc 0
1302 WC 12 0.00398861 dc 0.00398861 oc 0
1303 WC 12 0.00398861 dc 0.00398861 oc 0
1304 WC 12 0.00398861 dc 0.00398861 oc 0
1305 WC 12 0.00398861 dc 0.00398861 oc 0
1306 WC 12 0.00398861 dc 0.00398861 oc 0
1307 WC 12 0.00398861 dc 0.00398861 oc 0
1308 WC 12 0.00398861 dc 0.00398861 oc 0
1309 WC 12 0.00398861 dc 0.00398861 oc 0
1310 WC 12 0.00398861 dc 0.00398861 oc 0
1311 WC 12 0.00398861 dc 0.00398861 oc 0
1312 WC 12 0.00398861 dc 0.00398861 oc 0
1313 WC 12 0.00398861 dc 0.00398861 oc 0
1314 WC 12 0.00398861 dc 0.00398861 oc 0
1315 WC 12 0.00398861 dc 0.00398861 oc 0
1316 WC 12 0.00398861 dc 0.00398861 oc 0
1317 WC 12 0.00398861 dc 0.00398861 oc 0
1318 WC 12 0.00398861 dc 0.00398861 oc 0
1319 WC 12 0.00398861 dc 0.00398861 oc 0
1320 WC 12 0.00398861 dc 0.00398861 oc 0
1321 WC 12 0.00398861 dc 0.00398861 oc 0
1322 WC 12 0.00398861 dc 0.00398861 oc 0
1323 WC 12 0.00398861 dc 0.00398861 oc 0
1324 WC 12 0.00398861 dc 0.00398861 oc 0
1325 WC 12 0.00398861 dc 0.00398861 oc 0
1326 WC 12 0.00398861 dc 0.00398861 oc 0
1327 WC 12 0.00398861 dc 0.00398861 oc 0
1328 WC 12 0.00398861 dc 0.00398861 oc 0
1329 WC 12 0.00398861 dc 0.00398861 oc 0
1330 WC 12 0.00398861 dc 0.00398861 oc 0
1331 WC 12 0.00398861 dc 0.00398861 oc 0
1332 WC 12 0.00398861 dc 0.00398861 oc 0
1333 WC 12 0.00398861 dc 0.00398861 oc 0
1334 WC 12 0.00398861 dc 0.00398861 oc 0
1335 WC 12 0.00398861 dc 0.00398861 oc 0
1336 WC 12 0.00398861 dc 0.00398861 oc 0
1337 WC 12 0.00398861 dc 0.00398861 oc 0
1338 WC 12 0.00398861 dc 0.00398861 oc 0
1339 WC 12 0.00398861 dc 0.00398861 oc 0
1340 WC 12 0.00398861 dc 0.00398861 oc 0
1341 WC 12 0.00398861 dc 0.00398861 oc 0
1342 WC 12 0.00398861 dc 0.00398861 oc 0
1343 WC 12 0.00398861 dc 0.00398861 oc 0
1344 WC 12 0.00398861 dc 0.00398861 oc 0
1345 WC 12 0.00398861 dc 0.00398861 oc 0
1346 WC 12 0.00398861 dc 0.00398861 oc 0
1347 WC 12 0.00398861 dc 0.00398861 oc 0
1348 WC 12 0.00398861 dc 0.00398861 oc 0
1349 WC 12 0.00398861 dc 0.00398861 oc 0
1350 WC 12 0.00398861 dc 0.00398861 oc 0
1351 WC 12 0.00398861 dc 0.00398861 oc 0
1352 WC 12 0.00398861 dc 0.00398861 oc 0
1353 WC 12 0.00398861 dc 0.00398861 oc 0
1354 WC 12 0.00398861 dc 0.00398861 oc 0
1355 WC 12 0.00398861 dc 0.00398861 oc 0
1356 WC 12 0.00398861 dc 0.00398861 oc 0
1357 WC 12 0.00398861 dc 0.00398861 oc 0
1358 WC 12 0.00398861 dc 0.00398861 oc 0
1359 WC 12 0.00398861 dc 0.00398861 oc 0
1360 WC 12 0.00398861 dc 0.00398861 oc 0
1361 WC 12 0.00398861 dc 0.00398861 oc 0
1362 WC 12 0.00398861 dc 0.00398861 oc 0
1363 WC 12 0.00398861 dc 0.00398861 oc 0
1364 WC 12 0.00398861 dc 0.00398861 oc 0
1365 WC 12 0.00398861 dc 0.00398861 oc 0
1366 WC 12 0.00398861 dc 0.00398861 oc 0
1367 WC 12 0.00398861 dc 0.00398861 oc 0
1368 WC 12 0.00398861 dc 0.00398861 oc 0
1369 WC 12 0.00398861 dc 0.00398861 oc 0
1370 WC 12 0.00398861 dc 0.00398861 oc 0
1371 WC 12 0.00398861 dc 0.00398861 oc 0
1372 WC 12 0.00398861 dc 0.00398861 oc 0
1373 WC 12 0.00398861 dc 0.00398861 oc 0
1374 WC 12 0.00398861 dc 0.00398861 oc 0
1375 WC 12 0.00398861 dc 0.00398861 oc 0
1376 WC 12 0.00398861 dc 0.00398861 oc 0
1377 WC 12 0.00398861 dc 0.00398861 oc 0
1378 WC 12 0.00398861 dc 0.00398861 oc 0
1379 WC 12 0.00398861 dc 0.00398861 oc 0
1380 WC 12 0.00398861 dc 0.00398861 oc 0
1381 WC 12 0.00398861 dc 0.00398861 oc 0
1382 WC 12 0.00398861 dc 0.00398861 oc 0
1383 WC 12 0.00398861 dc 0.00398861 oc 0
1384 WC 12 0.00398861 dc 0.00398861 oc 0
1385 WC 12 0.00398861 dc 0.00398861 oc 0
1386 WC 12 0.00398861 dc 0.00398861 oc 0
1387 WC 12 0.00398861 dc 0.00398861 oc 0
1388 WC 12 0.00398861 dc 0.00398861 oc 0
1389 WC 12 0.00398861 dc 0.00398861 oc 0
1390 WC 12 0.00398861 dc 0.00398861 oc 0
1391 WC 12 0.00398861 dc 0.00398861 oc 0
1392 WC 12 0.00398861 dc 0.00398861 oc 0
1393 WC 12 0.00398861 dc 0.00398861 oc 0
1394 WC 12 0.00398861 dc 0.00398861 oc 0
1395 WC 12 0.00398861 dc 0.00398861 oc 0
1396 WC 12 0.00398861 dc 0.00398861 oc 0
1397 WC 12 0.00398861 dc 0.00398861 oc 0
1398 WC 12 0.00398861 dc 0.00398861 oc 0
1399 WC 12 0.00398861 dc 0.00398861 oc 0
1400 WC 12 0.00398861 dc 0.00398861 oc 0
1401 WC 12 0.00398861 dc 0.00398861 oc 0
1402 WC 12 0.00398861 dc 0.00398861 oc 0
1403 WC 12 0.00398861 dc 0.00398861 oc 0
1404 WC 12 0.00398861 dc 0.00398861 oc 0
1405 WC 12 0.00398861 dc 0.00398861 oc 0
1406 WC 12 0.00398861 dc 0.00398861 oc 0
1407 WC 12 0.00398861 dc 0.00398861 oc 0
1408 WC 12 0.00398861 dc 0.00398861 oc 0
1409 WC 12 0.00398861 dc 0.00398861 oc 0
1410 WC 12 0.00398861 dc 0.00398861 oc 0
1411 WC 12 0.00398861 dc 0.00398861 oc 0
1412 WC 12 0.00398861 dc 0.00398861 oc 0
1413 WC 12 0.00398861 dc 0.00398861 oc 0
1414 WC 12 0.00398861 dc 0.00398861 oc 0
1415 WC 12 0.00398861 dc 0.00398861 oc 0
1416 WC 12 0.00398861 dc 0.00398861 oc 0
1417 WC 12 0.00398861 dc 0.00398861 oc 0
1418 WC 12 0.00398861 dc 0.00398861 oc 0
1419 WC 12 0.00398861 dc 0.00398861 oc 0
1420 WC 12 0.00398861 dc 0.00398861 oc 0
1421 WC 12 0.00398861 dc 0.00398861 oc 0
1422 WC 12 0.00398861 dc 0.00398861 oc 0
1423 WC 12 0.00398861 dc 0.00398861 oc 0
1424 WC 12 0.00398861 dc 0.00398861 oc 0
1425 WC 12 0.00398861 dc 0.00398861 oc 0
1426 WC 12 0.00398861 dc 0.00398861 oc 0
1427 WC 12 0.00398861 dc 0.00398861 oc 0
1428 WC 12 0.00398861 dc 0.00398861 oc 0
1429 WC 12 0.00398861 dc 0.00398861 oc 0
1430 WC 12 0.00398861 dc 0.00398861 oc 0
1431 WC 12 0.00398861 dc 0.00398861 oc 0
1432 WC 12 0.00398861 dc 0.00398861 oc 0
1433 WC 12 0.00398861 dc 0.00398861 oc 0
1434 WC 12 0.00398861 dc 0.00398861 oc 0
1435 WC 12 0.00398861 dc 0.00398861 oc 0
1436 WC 12 0.00398861 dc 0.00398861 oc 0
1437 WC 12 0.00398861 dc 0.00398861 oc 0
1438 WC 12 0.00398861 dc 0.00398861 oc 0
1439 WC 12 0.00398861 dc 0.00398861 oc 0
1440 WC 12 0.00398861 dc 0.00398861 oc 0
1441 WC 12 0.00398861 dc 0.00398861 oc 0
1442 WC 12 0.00398861 dc 0.00398861 oc 0
1443 WC 12 0.00398861 dc 0.00398861 oc 0
1444 WC 12 0.00398861 dc 0.00398861 oc 0
1445 WC 12 0.00398861 dc 0.00398861 oc 0
1446 WC 12 0.00398861 dc 0.00398861 oc 0
1447 WC 12 0.00398861 dc 0.00398861 oc 0
1448 WC 12 0.00398861 dc 0.00398861 oc 0
1449 WC 12 0.00398861 dc 0.00398861 oc 0
1450 WC 12 0.00398861 dc 0.00398861 oc 0
1451 WC 12 0.00398861 dc 0.00398861 oc 0
1452 WC 12 0.00398861 dc 0.00398861 oc 0
1453 WC 12 0.00398861 dc 0.00398861 oc 0
1454 WC 12 0.00398861 dc 0.00398861 oc 0
1455 WC 12 0.00398861 dc 0.00398861 oc 0
1456 WC 12 0.00398861 dc 0.00398861 oc 0
1457 WC 12 0.00398861 dc 0.00398861 oc 0
1458 WC 12 0.00398861 dc 0.00398861 oc 0
1459 WC 12 0.00398861 dc 0.00398861 oc 0
1460 WC 12 0.00398861 dc 0.00398861 oc 0
1461 WC 12 0.00398861 dc 0.00398861 oc 0
1462 WC 12 0.00398861 dc 0.00398861 oc 0
1463 WC 12 0.00398861 dc 0.00398861 oc 0
1464 WC 12 0.00398861 dc 0.00398861 oc 0
1465 WC 12 0.00398861 dc 0.00398861 oc 0
1466 WC 12 0.00398861 dc 0.00398861 oc 0
1467 WC 12 0.00398861 dc 0.00398861 oc 0
1468 WC 12 0.00398861 dc 0.00398861 oc 0
1469 WC 12 0.00398861 dc 0.00398861 oc 0
1470 WC 12 0.00398861 dc 0.00398861 oc 0
1471 WC 12 0.00398861 dc 0.00398861 oc 0
1472 WC 12 0.00398861 dc 0.00398861 oc 0
1473 WC 12 0.00398861 dc 0.00398861 oc 0
1474 WC 12 0.00398861 dc 0.00398861 oc 0
1475 WC 12 0.00398861 dc 0.00398861 oc 0
1476 WC 12 0.00398861 dc 0.00398861 oc 0
1477 WC 12 0.00398861 dc 0.00398861 oc 0
1478 WC 12 0.00398861 dc 0.00398861 oc 0
1479 WC 12 0.00398861 dc 0.00398861 oc 0
1480 WC 12 0.00398861 dc 0.00398861 oc 0
1481 WC 12 0.00398861 dc 0.00398861 oc 0
1482 WC 12 0.00398861 dc 0.00398861 oc 0
1483 WC 12 0.00398861 dc 0.00398861 oc 0
1484 WC 12 0.00398861 dc 0.00398861 oc 0
1485 WC 12 0.00398861 dc 0.00398861 oc 0
1486 WC 12 0.00398861 dc 0.00398861 oc 0
1487 WC 12 0.00398861 dc 0.00398861 oc 0
1488 WC 12 0.00398861 dc 0.00398861 oc 0
1489 WC 12 0.00398861 dc 0.00398861 oc 0
1490 WC 12 0.00398861 dc 0.00398861 oc 0
1491 WC 12 0.00398861 dc 0.00398861 oc 0
1492 WC 12 0.00398861 dc 0.00398861 oc 0
1493 WC 12 0.00398861 dc 0.00398861 oc 0
1494 WC 12 0.00398861 dc 0.00398861 oc 0
1495 WC 12 0.00398861 dc 0.00398861 oc 0
1496 WC 12 0.00398861 dc 0.00398861 oc 0
1497 WC 12 0.00398861 dc 0.00398861 oc 0
1498 WC 12 0.00398861 dc 0.00398861 oc 0
1499 WC 12 0.00398861 dc 0.00398861 oc 0
1500 WC 12 0.00398861 dc 0.00398861 oc 0
1501 WC 12 0.00398861 dc 0.00398861 oc 0
1502 WC 12 0.00398861 dc 0.00398861 oc 0
1503 WC 12 0.00398861 dc 0.00398861 oc 0
1504 WC 12 0.00398861 dc 0.00398861 oc 0
1505 WC 12 0.00398861 dc 0.00398861 oc 0
1506 WC 12 0.00398861 dc 0.00398861 oc 0
1507 WC 12 0.00398861 dc 0.00398861 oc 0
1508 WC 12 0.00398861 dc 0.00398861 oc 0
1509 WC 12 0.00398861 dc 0.00398861 oc 0
1510 WC 12 0.00398861 dc 0.00398861 oc 0
1511 WC 12 0.00398861 dc 0.00398861 oc 0
1512 WC 12 0.00398861 dc 0.00398861 oc 0
1513 WC 12 0.00398861 dc 0.00398861 oc 0
1514 WC 12 0.00398861 dc 0.00398861 oc 0
1515 WC 12 0.00398861 dc 0.00398861 oc 0
1516 WC 12 0.00398861 dc 0.00398861 oc 0
1517 WC 12 0.00398861 dc 0.00398861 oc 0
1518 WC 12 0.00398861 dc 0.00398861 oc 0
1519 WC 12 0.00398861 dc 0.00398861 oc 0
1520 WC 12 0.00398861 dc 0.00398861 oc 0
1521 WC 12 0.00398861 dc 0.00398861 oc 0
1522 WC 12 0.00398861 dc 0.00398861 oc 0
1523 WC 12 0.00398861 dc 0.00398861 oc 0
1524 WC 12 0.00398861 dc 0.00398861 oc 0
1525 WC 12 0.00398861 dc 0.00398861 oc 0
1526 WC 12 0.00398861 dc 0.00398861 oc 0
1527 WC 12 0.00398861 dc 0.00398861 oc 0
1528 WC 12 0.00398861 dc 0.00398861 oc 0
1529 WC 12 0.00398861 dc 0.00398861 oc 0
1530 WC 12 0.00398861 dc 0.00398861 oc 0
1531 WC 12 0.00398861 dc 0.00398861 oc 0
1532 WC 12 0.00398861 dc 0.00398861 oc 0
1533 WC 12 0.00398861 dc 0.00398861 oc 0
1534 WC 12 0.00398861 dc 0.00398861 oc 0
1535 WC 12 0.00398861 dc 0.00398861 oc 0
1536 WC 12 0.00398861 dc 0.00398861 oc 0
1537 WC 12 0.00398861 dc 0.00398861 oc 0
1538 WC 12 0.00398861 dc 0.00398861 oc 0
1539 WC 12 0.00398861 dc 0.00398861 oc 0
1540 WC 12 0.00398861 dc 0.00398861 oc 0
1541 WC 12 0.00398861 dc 0.00398861 oc 0
1542 WC 12 0.00398861 dc 0.00398861 oc 0
1543 WC 12 0.00398861 dc 0.00398861 oc 0
1544 WC 12 0.00398861 dc 0.00398861 oc 0
1545 WC 12 0.00398861 dc 0.00398861 oc 0
1546 WC 12 0.00398861 dc 0.00398861 oc 0
1547 WC 12 0.00398861 dc 0.00398861 oc 0
1548 WC 12 0.00398861 dc 0.00398861 oc 0
1549 WC 12 0.00398861 dc 0.00398861 oc 0
1550 WC 12 0.00398861 dc 0.00398861 oc 0
1551 WC 12 0.00398861 dc 0.00398861 oc 0
1552 WC 12 0.00398861 dc 0.00398861 oc 0
1553 WC 12 0.00398861 dc 0.00398861 oc 0
1554 WC 12 0.00398861 dc 0.00398861 oc 0
1555 WC 12 0.00398861 dc 0.00398861 oc 0
1556 WC 12 0.00398861 dc 0.00398861 oc 0
1557 WC 12 0.00398861 dc 0.00398861 oc 0
1558 WC 12 0.00398861 dc 0.00398861 oc 0
1559 WC 12 0.00398861 dc 0.00398861 oc 0
1560 WC 12 0.00398861 dc 0.00398861 oc 0
1561 WC 12 0.00398861 dc 0.00398861 oc 0
1562 WC 12 0.00398861 dc 0.00398861 oc 0
1563 WC 12 0.00398861 dc 0.00398861 oc 0
1564 WC 12 0.00398861 dc 0.00398861 oc 0
1565 WC 12 0.00398861 dc 0.00398861 oc 0
1566 WC 12 0.00398861 dc 0.00398861 oc 0
1567 WC 12 0.00398861 dc 0.00398861 oc 0
1568 WC 12 0.00398861 dc 0.00398861 oc 0
1569 WC 12 0.00398861 dc 0.00398861 oc 0
1570 WC 12 0.00398861 dc 0.00398861 oc 0
1571 WC 12 0.00398861 dc 0.00398861 oc 0
1572 WC 12 0.00398861 dc 0.00398861 oc 0
1573 WC 12 0.00398861 dc 0.00398861 oc 0
1574 WC 12 0.00398861 dc 0.00398861 oc 0
1575 WC 12 0.00398861 dc 0.00398861 oc 0
1576 WC 12 0.00398861 dc 0.00398861 oc 0
1577 WC 12 0.00398861 dc 0.00398861 oc 0
1578 WC 12 0.00398861 dc 0.00398861 oc 0
1579 WC 12 0.00398861 dc 0.00398861 oc 0
1580 WC 12 0.00398861 dc 0.00398861 oc 0
1581 WC 12 0.00398861 dc 0.00398861 oc 0
1582 WC 12 0.00398861 dc 0.00398861 oc 0
1583 WC 12 0.00398861 dc 0.00398861 oc 0
1584 WC 12 0.00398861 dc 0.00398861 oc 0
1585 WC 12 0.00398861 dc 0.00398861 oc 0
1586 WC 12 0.00398861 dc 0.00398861 oc 0
1587 WC 12 0.00398861 dc 0.00398861 oc 0
1588 WC 12 0.00398861 dc 0.00398861 oc 0
1589 WC 12 0.00398861 dc 0.00398861 oc 0
1590 WC 12 0.00398861 dc 0.00398861 oc 0
1591 WC 12 0.00398861 dc 0.00398861 oc 0
1592 WC 12 0.00398861 dc 0.00398861 oc 0
1593 WC 12 0.00398861 dc 0.00398861 oc 0
1594 WC 12 0.00398861 dc 0.00398861 oc 0
1595 WC 12 0.00398861 dc 0.00398861 oc 0
1596 WC 12 0.00398861 dc 0.00398861 oc 0
1597 WC 12 0.00398861 dc 0.00398861 oc 0
1598 WC 12 0.00398861 dc 0.00398861 oc 0
1599 WC 12 0.00398861 dc 0.00398861 oc 0
1600 WC 12 0.00398861 dc 0.00398861 oc 0
1601 WC 12 0.00398861 dc 0.00398861 oc 0
1602 WC 12 0.00398861 dc 0.00398861 oc 0
1603 WC 12 0.00398861 dc 0.00398861 oc 0
1604 WC 12 0.00398861 dc 0.00398861 oc 0
1605 WC 12 0.00398861 dc 0.00398861 oc 0
1606 WC 12 0.00398861 dc 0.00398861 oc 0
1607 WC 12 0.00398861 dc 0.00398861 oc 0
1608 WC 12 0.00398861 dc 0.00398861 oc 0
1609 WC 12 0.00398861 dc 0.00398861 oc 0
1610 WC 12 0.00398861 dc 0.00398861 oc 0
1611 WC 12 0.00398861 dc 0.00398861 oc 0
1612 WC 12 0.00398861 dc 0.00398861 oc 0
1613 WC 12 0.00398861 dc 0.00398861 oc 0
1614 WC 12 0.00398861 dc 0.00398861 oc 0
1615 WC 12 0.00398861 dc 0.00398861 oc 0
1616 WC 12 0.00398861 dc 0.00398861 oc 0
1617 WC 12 0.00398861 dc 0.00398861 oc 0
1618 WC 12 0.00398861 dc 0.00398861 oc 0
1619 WC 12 0.00398861 dc 0.00398861 oc 0
1620 WC 12 0.00398861 dc 0.00398861 oc 0
1621 WC 12 0.00398861 dc 0.00398861 oc 0
1622 WC 12 0.00398861 dc 0.00398861 oc 0
1623 WC 12 0.00398861 dc 0.00398861 oc 0
1624 WC 12 0.00398861 dc 0.00398861 oc 0
1625 WC 12 0.00398861 dc 0.00398861 oc 0
1626 WC 12 0.00398861 dc 0.00398861 oc 0
1627 WC 12 0.00398861 dc 0.00398861 oc 0
1628 WC 12 0.00398861 dc 0.00398861 oc 0
1629 WC 12 0.00398861 dc 0.00398861 oc 0
1630 WC 12 0.00398861 dc 0.00398861 oc 0
1631 WC 12 0.00398861 dc 0.00398861 oc 0
1632 WC 12 0.00398861 dc 0.00398861 oc 0
1633 WC 12 0.00398861 dc 0.00398861 oc 0
1634 WC 12 0.00398861 dc 0.00398861 oc 0
1635 WC 12 0.00398861 dc 0.00398861 oc 0
1636 WC 12 0.00398861 dc 0.00398861 oc 0
1637 WC 12 0.00398861 dc 0.00398861 oc 0
1638 WC 12 0.00398861 dc 0.00398861 oc 0
1639 WC 12 0.00398861 dc 0.00398861 oc 0
1640 WC 12 0.00398861 dc 0.00398861 oc 0
1641 WC 12 0.00398861 dc 0.00398861 oc 0
1642 WC 12 0.00398861 dc 0.00398861 oc 0
1643 WC 12 0.00398861 dc 0.00398861 oc 0
1644 WC 12 0.00398861 dc 0.00398861 oc 0
1645 WC 12 0.00398861 dc 0.00398861 oc 0
1646 WC 12 0.00398861 dc 0.00398861 oc 0
1647 WC 12 0.00398861 dc 0.00398861 oc 0
1648 WC 12 0.00398861 dc 0.00398861 oc 0
1649 WC 12 0.00398861 dc 0.00398861 oc 0
1650 WC 12 0.00398861 dc 0.00398861 oc 0
1651 WC 12 0.00398861 dc 0.00398861 oc 0
1652 WC 12 0.00398861 dc 0.00398861 oc 0
1653 WC 12 0.00398861 dc 0.00398861 oc 0
1654 WC 12 0.00398861 dc 0.00398861 oc 0
1655 WC 12 0.00398861 dc 0.00398861 oc 0
1656 WC 12 0.00398861 dc 0.00398861 oc 0
1657 WC 12 0.00398861 dc 0.00398861 oc 0
1658 WC 12 0.00398861 dc 0.00398861 oc 0
1659 WC 12 0.00398861 dc 0.00398861 oc 0
1660 WC 12 0.00398861 dc 0.00398861 oc 0
1661 WC 12 0.00398861 dc 0.00398861 oc 0
1662 WC 12 0.00398861 dc 0.00398861 oc 0
1663 WC 12 0.00398861 dc 0.00398861 oc 0
1664 WC 12 0.00398861 dc 0.00398861 oc 0
1665 WC 12 0.00398861 dc 0.00398861 oc 0
1666 WC 12 0.00398861 dc 0.00398861 oc 0
1667 WC 12 0.00398861 dc 0.00398861 oc 0
1668 WC 12 0.00398861 dc 0.00398861 oc 0
1669 WC 12 0.00398861 dc 0.00398861 oc 0
1670 WC 12 0.00398861 dc 0.00398861 oc 0
1671 WC 12 0.00398861 dc 0.00398861 oc 0
1672 WC 12 0.00398861 dc 0.00398861 oc 0
1673 WC 12 0.00398861 dc 0.00398861 oc 0
1674 WC 12 0.00398861 dc 0.00398861 oc 0
1675 WC 12 0.00398861 dc 0.00398861 oc 0
1676 WC 12 0.00398861 dc 0.00398861 oc 0
1677 WC 12 0.00398861 dc 0.00398861 oc 0
1678 WC 12 0.00398861 dc 0.00398861 oc 0
1679 WC 12 0.00398861 dc 0.00398861 oc 0
1680 WC 12 0.00398861 dc 0.00398861 oc 0
1681 WC 12 0.00398861 dc 0.00398861 oc 0
1682 WC 12 0.00398861 dc 0.00398861 oc 0
1683 WC 12 0.00398861 dc 0.00398861 oc 0
1684 WC 12 0.00398861 dc 0.00398861 oc 0
1685 WC 12 0.00398861 dc 0.00398861 oc 0
1686 WC 12 0.00398861 dc 0.00398861 oc 0
1687 WC 12 0.00398861 dc 0.00398861 oc 0
1688 WC 12 0.00398861 dc 0.00398861 oc 0
1689 WC 12 0.00398861 dc 0.00398861 oc 0
1690 WC 12 0.00398861 dc 0.00398861 oc 0
1691 WC 12 0.00398861 dc 0.00398861 oc 0
1692 WC 12 0.00398861 dc 0.00398861 oc 0
1693 WC 12 0.00398861 dc 0.00398861 oc 0
1694 WC 12 0.00398861 dc 0.00398861 oc 0
1695 WC 12 0.00398861 dc 0.00398861 oc 0
1696 WC 12 0.00398861 dc 0.00398861 oc 0
1697 WC 12 0.00398861 dc 0.00398861 oc 0
1698 WC 12 0.00398861 dc 0.00398861 oc 0
1699 WC 12 0.00398861 dc 0.00398861 oc 0
1700 WC 12 0.00398861 dc 0.00398861 oc 0
1701 WC 12 0.00398861 dc 0.00398861 oc 0
1702 WC 12 0.00398861 dc 0.00398861 oc 0
1703 WC 12 0.00398861 dc 0.00398861 oc 0
1704 WC 12 0.00398861 dc 0.00398861 oc 0
1705 WC 12 0.00398861 dc 0.00398861 oc 0
1706 WC 12 0.00398861 dc 0.00398861 oc 0
1707 WC 12 0.00398861 dc 0.00398861 oc 0
1708 WC 12 0.00398861 dc 0.00398861 oc 0
1709 WC 12 0.00398861 dc 0.00398861 oc 0
1710 WC 12 0.00398861 dc 0.00398861 oc 0
1711 WC 12 0.00398861 dc 0.00398861 oc 0
1712 WC 12 0.00398861 dc 0.00398861 oc 0
1713 WC 12 0.00398861 dc 0.00398861 oc 0
1714 WC 12 0.00398861 dc 0.00398861 oc 0
1715 WC 12 0.00398861 dc 0.00398861 oc 0
1716 WC 12 0.00398861 dc 0.00398861 oc 0
1717 WC 12 0.00398861 dc 0.00398861 oc 0
1718 WC 12 0.00398861 dc 0.00398861 oc 0
1719 WC 12 0.00398861 dc 0.00398861 oc 0
1720 WC 12 0.00398861 dc 0.00398861 oc 0
1721 WC 12 0.00398861 dc 0.00398861 oc 0
1722 WC 12 0.00398861 dc 0.00398861 oc 0
1723 WC 12 0.00398861 dc 0.00398861 oc 0
1724 WC 12 0.00398861 dc 0.00398861 oc 0
1725 WC 12 0.00398861 dc 0.00398861 oc 0
1726 WC 12 0.00398861 dc 0.00398861 oc 0
1727 WC 12 0.00398861 dc 0.00398861 oc 0
1728 WC 12 0.00398861 dc 0.00398861 oc 0
1729 WC 12 0.00398861 dc 0.00398861 oc 0
1730 WC 12 0.00398861 dc 0.00398861 oc 0
1731 WC 12 0.00398861 dc 0.00398861 oc 0
1732 WC 12 0.00398861 dc 0.00398861 oc 0
1733 WC 12 0.00398861 dc 0.00398861 oc 0
1734 WC 12 0.00398861 dc 0.00398861 oc 0
1735 WC 12 0.00398861 dc 0.00398861 oc 0
1736 WC 12 0.00398861 dc 0.00398861 oc 0
1737 WC 12 0.00398861 dc 0.00398861 oc 0
1738 WC 12 0.00398861 dc 0.00398861 oc 0
1739 WC 12 0.00398861 dc 0.00398861 oc 0
1740 WC 12 0.00398861 dc 0.00398861 oc 0
1741 WC 12 0.00398861 dc 0.00398861 oc 0
1742 WC 12 0.00398861 dc 0.00398861 oc 0
1743 WC 12 0.00398861 dc 0.00398861 oc 0
1744 WC 12 0.00398861 dc 0.00398861 oc 0
1745 WC 12 0.00398861 dc 0.00398861 oc 0
1746 WC 12 0.00398861 dc 0.00398861 oc 0
1747 WC 12 0.00398861 dc 0.00398861 oc 0
1748 WC 12 0.00398861 dc 0.00398861 oc 0
1749 WC 12 0.00398861 dc 0.00398861 oc 0
1750 WC 12 0.00398861 dc 0.00398861 oc 0
1751 WC 12 0.00398861 dc 0.00398861 oc 0
1752 WC 12 0.00398861 dc 0.00398861 oc 0
1753 WC 12 0.00398861 dc 0.00398861 oc 0
1754 WC 12 0.00398861 dc 0.00398861 oc 0
1755 WC 12 0.00398861 dc 0.00398861 oc 0
1756 WC 12 0.00398861 dc 0.00398861 oc 0
1757 WC 12 0.00398861 dc 0.00398861 oc 0
1758 WC 12 0.00398861 dc 0.00398861 oc 0
1759 WC 12 0.00398861 dc 0.00398861 oc 0
1760 WC 12 0.00398861 dc 0.00398861 oc 0
1761 WC 12 0.00398861 dc 0.00398861 oc 0
1762 WC 12 0.00398861 dc 0.00398861 oc 0
1763 WC 12 0.00398861 dc 0.00398861 oc 0
1764 WC 12 0.00398861 dc 0.00398861 oc 0
1765 WC 12 0.00398861 dc 0.00398861 oc 0
1766 WC 12 0.00398861 dc 0.00398861 oc 0
1767 WC 12 0.00398861 dc 0.00398861 oc 0
1768 WC 12 0.00398861 dc 0.00398861 oc 0
1769 WC 12 0.00398861 dc 0.00398861 oc 0
1770 WC 12 0.00398861 dc 0.00398861 oc 0
1771 WC 12 0.00398861 dc 0.00398861 oc 0
1772 WC 12 0.00398861 dc 0.00398861 oc 0
1773 WC 12 0.00398861 dc 0.00398861 oc 0
1774 WC 12 0.00398861 dc 0.00398861 oc 0
1775 WC 12 0.00398861 dc 0.00398861 oc 0
1776 WC 12 0.00398861 dc 0.00398861 oc 0
1777 WC 12 0.00398861 dc 0.00398861 oc 0
1778 WC 12 0.00398861 dc 0.00398861 oc 0
1779 WC 12 0.00398861 dc 0.00398861 oc 0
1780 WC 12 0.00398861 dc 0.00398861 oc 0
1781 WC 12 0.00398861 dc 0.00398861 oc 0
1782 WC 12 0.00398861 dc 0.00398861 oc 0
1783 WC 12 0.00398861 dc 0.00398861 oc 0
1784 WC 12 0.00398861 dc 0.00398861 oc 0
1785 WC 12 0.00398861 dc 0.00398861 oc 0
1786 WC 12 0.00398861 dc 0.00398861 oc 0
1787 WC 12 0.00398861 dc 0.00398861 oc 0
1788 WC 12 0.00398861 dc 0.00398861 oc 0
1789 WC 12 0.00398861 dc 0.00398861 oc 0
1790 WC 12 0.00398861 dc 0.00398861 oc 0
1791 WC 12 0.00398861 dc 0.00398861 oc 0
1792 WC 12 0.00398861 dc 0.00398861 oc 0
1793 WC 12 0.00398861 dc 0.00398861 oc 0
1794 WC 12 0.00398861 dc 0.00398861 oc 0
1795 WC 12 0.00398861 dc 0.00398861 oc 0
1796 WC 12 0.00398861 dc 0.00398861 oc 0
1797 WC 12 0.00398861 dc 0.00398861 oc 0
1798 WC 12 0.00398861 dc 0.00398861 oc 0
1799 WC 12 0.00398861 dc 0.00398861 oc 0
1800 WC 12 0.00398861 dc 0.00398861 oc 0
1801 WC 12 0.00398861 dc 0.00398861 oc 0
1802 WC 12 0.00398861 dc 0.00398861 oc 0
1803 WC 12 0.00398861 dc 0.00398861 oc 0
1804 WC 12 0.00398861 dc 0.00398861 oc 0
1805 WC 12 0.00398861 dc 0.00398861 oc 0
1806 WC 12 0.00398861 dc 0.00398861 oc 0
1807 WC 12 0.00398861 dc 0.00398861 oc 0
1808 WC 12 0.00398861 dc 0.00398861 oc 0
1809 WC 12 0.00398861 dc 0.00398861 oc 0
1810 WC 12 0.00398861 dc 0.00398861 oc 0
1811 WC 12 0.00398861 dc 0.00398861 oc 0
1812 WC 12 0.00398861 dc 0.00398861 oc 0
1813 WC 12 0.00398861 dc 0.00398861 oc 0
1814 WC 12 0.00398861 dc 0.00398861 oc 0
1815 WC 12 0.00398861 dc 0.00398861 oc 0
1816 WC 12 0.00398861 dc 0.00398861 oc 0
1817 WC 12 0.00398861 dc 0.00398861 oc 0
1818 WC 12 0.00398861 dc 0.00398861 oc 0
1819 WC 12 0.00398861 dc 0.00398861 oc 0
1820 WC 12 0.00398861 dc 0.00398861 oc 0
1821 WC 12 0.00398861 dc 0.00398861 oc 0
1822 WC 12 0.00398861 dc 0.00398861 oc 0
1823 WC 12 0.00398861 dc 0.00398861 oc 0
1824 WC 12 0.00398861 dc 0.00398861 oc 0
1825 WC 12 0.00398861 dc 0.00398861 oc 0
1826 WC 12 0.00398861 dc 0.00398861 oc 0
1827 WC 12 0.00398861 dc 0.00398861 oc 0
1828 WC 12 0.00398861 dc 0.00398861 oc 0
1829 WC 12 0.00398861 dc 0.00398861 oc 0
1830 WC 12 0.00398861 dc 0.00398861 oc 0
1831 WC 12 0.00398861 dc 0.00398861 oc 0
1832 WC 12 0.00398861 dc 0.00398861 oc 0
1833 WC 12 0.00398861 dc 0.00398861 oc 0
1834 WC 12 0.00398861 dc 0.00398861 oc 0
1835 WC 12 0.00398861 dc 0.00398861 oc 0
1836 WC 12 0.00398861 dc 0.00398861 oc 0
1837 WC 12 0.00398861 dc 0.00398861 oc 0
1838 WC 12 0.00398861 dc 0.00398861 oc 0
1839 WC 12 0.00398861 dc 0.00398861 oc 0
1840 WC 12 0.00398861 dc 0.00398861 oc 0
1841 WC 12 0.00398861 dc 0.00398861 oc 0
1842 WC 12 0.00398861 dc 0.00398861 oc 0
1843 WC 12 0.00398861 dc 0.00398861 oc 0
1844 WC 12 0.00398861 dc 0.00398861 oc 0
1845 WC 12 0.00398861 dc 0.00398861 oc 0
1846 WC 12 0.00398861 dc 0.00398861 oc 0
1847 WC 12 0.00398861 dc 0.00398861 oc 0
1848 WC 12 0.00398861 dc 0.00398861 oc 0
1849 WC 12 0.00398861 dc 0.00398861 oc 0
1850 WC 12 0.00398861 dc 0.00398861 oc 0
1851 WC 12 0.00398861 dc 0.00398861 oc 0
1852 WC 12 0.00398861 dc 0.00398861 oc 0
1853 WC 12 0.00398861 dc 0.00398861 oc 0
1854 WC 12 0.00398861 dc 0.00398861 oc 0
1855 WC 12 0.00398861 dc 0.00398861 oc 0
1856 WC 12 0.00398861 dc 0.00398861 oc 0
1856 BC 12 0.00398861 dc 0.00398861 oc 0
Exceeded maxwalltime.

Run statistics:
R3_distance_calls = 2412648
R3_norm_calls = 4792342262
penalty_calls = 440622896
UserCPUtime = 60.01s
walltime = 61s
Host = Josies-MacBook-Air.local
/Users/josievs/miniforge3/envs/mof/lib/python3.12/site-packages/diffpy/structure/structure.py:196: UserWarning: Duplicate atom Ca already exists at array([0., 0., 0.])
  self.add_new_atom(*args, **kwargs)
