########################################################################
# mpbcliga
# mpbcliga 1.2.1.post39 3337c18 2025-06-16 16:20:47 -0400 Simon Billinge
# Compiled with Apple LLVM 17.0.0 (clang-1700.0.13.5).
# Josies-MacBook-Air.local
# Tue Jul  7 11:06:47 2026
########################################################################
distfile=/Users/josievs/Desktop/MOF modeling/data/liga/MgO_mp-1265_run/target.dst
outstru=/Users/josievs/Desktop/MOF modeling/data/liga/MgO_mp-1265_solved.xyz
outfmt=rawxyz
saverate=0
saveall=0
trace=0
verbose=wc,bc,sc
ndim=3
crystal=1
latpar=4.194,4.194,4.194,90,90,90
rmax=6.63057
distreuse=1
costweights=1,1
tolcost=0.0001
formula=Mg4O4
radii=Mg:0.72,O:1.4
maxwalltime=40
rngseed=13
promotefrac=0.1
promoterelax=0
demoterelax=0
ligasize=10
stopgame=0.0025
seasontrials=16384
trialsharing=success
########################################################################

Initial team
0 I 0 0
Filling lower divisions
Done
0 WC 0 0 dc 0 oc 0
0 BC 0 0 dc 0 oc 0

Starting the game ... now.
1 WC 8 0.00317626 dc 1.03363e-06 oc 0.00317523
1 BC 8 0.00317626 dc 1.03363e-06 oc 0.00317523
2 WC 8 0.00317626 dc 1.03363e-06 oc 0.00317523
3 WC 8 0.00317595 dc 9.6446e-07 oc 0.00317499
3 BC 8 0.00317595 dc 9.6446e-07 oc 0.00317499
4 WC 8 0.00317595 dc 9.6446e-07 oc 0.00317499
5 WC 8 0.00317595 dc 9.6446e-07 oc 0.00317499
6 WC 8 0.00317572 dc 9.46561e-07 oc 0.00317477
6 BC 8 0.00317572 dc 9.46561e-07 oc 0.00317477
7 WC 8 0.00317572 dc 9.46561e-07 oc 0.00317477
8 WC 8 0.00317572 dc 9.46561e-07 oc 0.00317477
9 WC 8 0.00317572 dc 9.46561e-07 oc 0.00317477
10 WC 8 0.00317572 dc 9.46561e-07 oc 0.00317477
11 WC 8 0.00317572 dc 9.46561e-07 oc 0.00317477
12 WC 8 0.00317572 dc 9.46561e-07 oc 0.00317477
13 WC 8 0.00317572 dc 9.46561e-07 oc 0.00317477
14 WC 8 0.00317572 dc 9.46561e-07 oc 0.00317477
15 WC 8 0.00317572 dc 9.46561e-07 oc 0.00317477
16 WC 8 0.00317572 dc 9.46561e-07 oc 0.00317477
17 WC 8 0.00317572 dc 9.46561e-07 oc 0.00317477
18 WC 8 0.00317572 dc 9.46561e-07 oc 0.00317477
19 WC 8 0.00317572 dc 9.46561e-07 oc 0.00317477
20 WC 8 0.00317572 dc 9.46561e-07 oc 0.00317477
21 WC 8 0.00317572 dc 9.46561e-07 oc 0.00317477
22 WC 8 0.00317572 dc 9.46561e-07 oc 0.00317477
23 WC 8 0.00317572 dc 9.46561e-07 oc 0.00317477
24 WC 8 0.00317572 dc 9.46561e-07 oc 0.00317477
25 WC 8 0.00317572 dc 9.46561e-07 oc 0.00317477
26 WC 8 0.00317572 dc 9.46561e-07 oc 0.00317477
27 WC 8 0.00317572 dc 9.46561e-07 oc 0.00317477
28 WC 8 0.00317572 dc 9.46561e-07 oc 0.00317477
29 WC 8 0.00317572 dc 9.46561e-07 oc 0.00317477
30 WC 8 0.00317572 dc 9.46561e-07 oc 0.00317477
31 WC 8 0.00317572 dc 9.46561e-07 oc 0.00317477
32 WC 8 0.00317538 dc 9.11695e-07 oc 0.00317447
32 BC 8 0.00317538 dc 9.11695e-07 oc 0.00317447
33 WC 8 0.00317538 dc 9.11695e-07 oc 0.00317447
34 WC 8 0.00317538 dc 9.11695e-07 oc 0.00317447
35 WC 8 0.00317538 dc 9.11695e-07 oc 0.00317447
36 WC 8 0.00317538 dc 9.11695e-07 oc 0.00317447
37 WC 8 0.00317538 dc 9.11695e-07 oc 0.00317447
38 WC 8 0.00317538 dc 9.11695e-07 oc 0.00317447
39 WC 8 0.00317538 dc 9.11695e-07 oc 0.00317447
40 WC 8 0.00317538 dc 9.11695e-07 oc 0.00317447
41 WC 8 0.00317538 dc 9.11695e-07 oc 0.00317447
42 WC 8 0.00317538 dc 9.11695e-07 oc 0.00317447
43 WC 8 0.00317538 dc 9.11695e-07 oc 0.00317447
44 WC 8 0.00317538 dc 9.11695e-07 oc 0.00317447
45 WC 8 0.00317538 dc 9.11695e-07 oc 0.00317447
46 WC 8 0.00317538 dc 9.11695e-07 oc 0.00317447
47 WC 8 0.00317538 dc 9.11695e-07 oc 0.00317447
48 WC 8 0.00317592 dc 9.85879e-07 oc 0.00317494
49 WC 8 0.00317592 dc 9.85879e-07 oc 0.00317494
50 WC 8 0.00317592 dc 9.85879e-07 oc 0.00317494
51 WC 8 0.00317592 dc 9.85879e-07 oc 0.00317494
52 WC 8 0.00317611 dc 9.63909e-07 oc 0.00317515
53 WC 8 0.00317611 dc 9.63909e-07 oc 0.00317515
54 WC 8 0.00317611 dc 9.63909e-07 oc 0.00317515
55 WC 8 0.00317611 dc 9.63909e-07 oc 0.00317515
56 WC 8 0.00317611 dc 9.63909e-07 oc 0.00317515
57 WC 8 0.00317611 dc 9.63909e-07 oc 0.00317515
58 WC 8 0.00317611 dc 9.63909e-07 oc 0.00317515
59 WC 8 0.00317611 dc 9.63909e-07 oc 0.00317515
60 WC 8 0.00317611 dc 9.63909e-07 oc 0.00317515
61 WC 8 0.00317611 dc 9.63909e-07 oc 0.00317515
62 WC 8 0.00317611 dc 9.63909e-07 oc 0.00317515
63 WC 8 0.00317611 dc 9.63909e-07 oc 0.00317515
64 WC 8 0.00317611 dc 9.63909e-07 oc 0.00317515
65 WC 8 0.00317611 dc 9.63909e-07 oc 0.00317515
66 WC 8 0.00317611 dc 9.63909e-07 oc 0.00317515
67 WC 8 0.00317611 dc 9.63909e-07 oc 0.00317515
68 WC 8 0.00317611 dc 9.63909e-07 oc 0.00317515
69 WC 8 0.00317611 dc 9.63909e-07 oc 0.00317515
70 WC 8 0.00317611 dc 9.63909e-07 oc 0.00317515
71 WC 8 0.00317611 dc 9.63909e-07 oc 0.00317515
72 WC 8 0.00317641 dc 1.02406e-06 oc 0.00317538
73 WC 8 0.00317641 dc 1.02406e-06 oc 0.00317538
74 WC 8 0.00317641 dc 1.02406e-06 oc 0.00317538
75 WC 8 0.00317641 dc 1.02406e-06 oc 0.00317538
76 WC 8 0.00317641 dc 1.02406e-06 oc 0.00317538
77 WC 8 0.00317641 dc 1.02406e-06 oc 0.00317538
78 WC 8 0.00317637 dc 1.02042e-06 oc 0.00317535
79 WC 8 0.00317637 dc 1.02042e-06 oc 0.00317535
80 WC 8 0.00317725 dc 1.013e-06 oc 0.00317624
81 WC 8 0.00317725 dc 1.013e-06 oc 0.00317624
82 WC 8 0.00317725 dc 1.013e-06 oc 0.00317624
83 WC 8 0.00317725 dc 1.013e-06 oc 0.00317624
84 WC 8 0.00317725 dc 1.013e-06 oc 0.00317624
85 WC 8 0.00317725 dc 1.013e-06 oc 0.00317624
86 WC 8 0.00317725 dc 1.013e-06 oc 0.00317624
87 WC 8 0.00317628 dc 1.03633e-06 oc 0.00317524
88 WC 8 0.00317628 dc 1.03633e-06 oc 0.00317524
89 WC 8 0.00317628 dc 1.03633e-06 oc 0.00317524
90 WC 8 0.00317595 dc 9.60204e-07 oc 0.00317499
91 WC 8 0.00317595 dc 9.60204e-07 oc 0.00317499
92 WC 8 0.00317595 dc 9.60204e-07 oc 0.00317499
93 WC 8 0.00317595 dc 9.60204e-07 oc 0.00317499
94 WC 8 0.00317595 dc 9.60204e-07 oc 0.00317499
95 WC 8 0.00317595 dc 9.60204e-07 oc 0.00317499
96 WC 8 0.00317595 dc 9.60204e-07 oc 0.00317499
97 WC 8 0.00317595 dc 9.60204e-07 oc 0.00317499
98 WC 8 0.00317595 dc 9.60204e-07 oc 0.00317499
99 WC 8 0.00317595 dc 9.60204e-07 oc 0.00317499
100 WC 8 0.00317595 dc 9.60204e-07 oc 0.00317499
101 WC 8 0.00317582 dc 1.00881e-06 oc 0.00317481
102 WC 8 0.00317582 dc 1.00881e-06 oc 0.00317481
103 WC 8 0.00317582 dc 1.00881e-06 oc 0.00317481
104 WC 8 0.00317643 dc 9.85804e-07 oc 0.00317544
105 WC 8 0.00317643 dc 9.85804e-07 oc 0.00317544
106 WC 8 0.00317643 dc 9.85804e-07 oc 0.00317544
107 WC 8 0.00317643 dc 9.85804e-07 oc 0.00317544
108 WC 8 0.00317643 dc 9.85804e-07 oc 0.00317544
109 WC 8 0.00317643 dc 9.85804e-07 oc 0.00317544
110 WC 8 0.00317565 dc 9.35177e-07 oc 0.00317471
111 WC 8 0.00317565 dc 9.35177e-07 oc 0.00317471
112 WC 8 0.00317565 dc 9.35177e-07 oc 0.00317471
113 WC 8 0.00317565 dc 9.35177e-07 oc 0.00317471
114 WC 8 0.00317565 dc 9.35177e-07 oc 0.00317471
115 WC 8 0.00317565 dc 9.35177e-07 oc 0.00317471
116 WC 8 0.00317565 dc 9.35177e-07 oc 0.00317471
117 WC 8 0.00317565 dc 9.35177e-07 oc 0.00317471
118 WC 8 0.00317565 dc 9.35177e-07 oc 0.00317471
119 WC 8 0.00317565 dc 9.35177e-07 oc 0.00317471
120 WC 8 0.00317565 dc 9.35177e-07 oc 0.00317471
121 WC 8 0.00317565 dc 9.35177e-07 oc 0.00317471
122 WC 8 0.00317534 dc 9.12229e-07 oc 0.00317443
122 BC 8 0.00317534 dc 9.12229e-07 oc 0.00317443
123 WC 8 0.00317534 dc 9.12229e-07 oc 0.00317443
124 WC 8 0.00317565 dc 9.35177e-07 oc 0.00317471
125 WC 8 0.00317565 dc 9.35177e-07 oc 0.00317471
126 WC 8 0.00317565 dc 9.35177e-07 oc 0.00317471
127 WC 8 0.00317565 dc 9.35177e-07 oc 0.00317471
128 WC 8 0.00317565 dc 9.35177e-07 oc 0.00317471
129 WC 8 0.00317565 dc 9.35177e-07 oc 0.00317471
130 WC 8 0.00317579 dc 9.45978e-07 oc 0.00317484
131 WC 8 0.00317579 dc 9.45978e-07 oc 0.00317484
132 WC 8 0.00317579 dc 9.45978e-07 oc 0.00317484
133 WC 8 0.00317579 dc 9.45978e-07 oc 0.00317484
134 WC 8 0.00317579 dc 9.45978e-07 oc 0.00317484
135 WC 8 0.00317579 dc 9.45978e-07 oc 0.00317484
136 WC 8 0.00317579 dc 9.45978e-07 oc 0.00317484
137 WC 8 0.00317579 dc 9.45978e-07 oc 0.00317484
138 WC 8 0.00317579 dc 9.45978e-07 oc 0.00317484
139 WC 8 0.00317579 dc 9.45978e-07 oc 0.00317484
140 WC 8 0.00317579 dc 9.45978e-07 oc 0.00317484
141 WC 8 0.00317579 dc 9.45978e-07 oc 0.00317484
142 WC 8 0.00317579 dc 9.45978e-07 oc 0.00317484
143 WC 8 0.00317579 dc 9.45978e-07 oc 0.00317484
144 WC 8 0.00317579 dc 9.45978e-07 oc 0.00317484
145 WC 8 0.00317558 dc 9.38973e-07 oc 0.00317464
146 WC 8 0.00317558 dc 9.38973e-07 oc 0.00317464
147 WC 8 0.00317558 dc 9.38973e-07 oc 0.00317464
148 WC 8 0.00317558 dc 9.38973e-07 oc 0.00317464
149 WC 8 0.00317598 dc 9.69561e-07 oc 0.00317501
150 WC 8 0.00317598 dc 9.69561e-07 oc 0.00317501
151 WC 8 0.00317598 dc 9.69561e-07 oc 0.00317501
152 WC 8 0.00317598 dc 9.69561e-07 oc 0.00317501
153 WC 8 0.00317598 dc 9.69561e-07 oc 0.00317501
154 WC 8 0.00317535 dc 9.83313e-07 oc 0.00317437
155 WC 8 0.00317572 dc 9.45383e-07 oc 0.00317477
156 WC 8 0.00317572 dc 9.45383e-07 oc 0.00317477
157 WC 8 0.00317572 dc 9.45383e-07 oc 0.00317477
158 WC 8 0.00317572 dc 9.45383e-07 oc 0.00317477
159 WC 8 0.00317572 dc 9.45383e-07 oc 0.00317477
160 WC 8 0.00317572 dc 9.45383e-07 oc 0.00317477
161 WC 8 0.00317572 dc 9.45383e-07 oc 0.00317477
162 WC 8 0.00317572 dc 9.45383e-07 oc 0.00317477
163 WC 8 0.00317572 dc 9.45383e-07 oc 0.00317477
164 WC 8 0.00317572 dc 9.45383e-07 oc 0.00317477
165 WC 8 0.00317572 dc 9.45383e-07 oc 0.00317477
166 WC 8 0.00317572 dc 9.45383e-07 oc 0.00317477
167 WC 8 0.00317572 dc 9.45383e-07 oc 0.00317477
168 WC 8 0.00317572 dc 9.45383e-07 oc 0.00317477
169 WC 8 0.00317572 dc 9.45383e-07 oc 0.00317477
170 WC 8 0.00317601 dc 9.78416e-07 oc 0.00317503
171 WC 8 0.00317601 dc 9.78416e-07 oc 0.00317503
172 WC 8 0.00317565 dc 9.41532e-07 oc 0.0031747
173 WC 8 0.00317568 dc 1.00335e-06 oc 0.00317467
174 WC 8 0.00317566 dc 9.53883e-07 oc 0.0031747
175 WC 8 0.00317566 dc 9.53883e-07 oc 0.0031747
176 WC 8 0.00317591 dc 9.83664e-07 oc 0.00317492
177 WC 8 0.00317591 dc 9.83664e-07 oc 0.00317492
178 WC 8 0.00317591 dc 9.83664e-07 oc 0.00317492
179 WC 8 0.00317591 dc 9.83664e-07 oc 0.00317492
180 WC 8 0.00317591 dc 9.83664e-07 oc 0.00317492
181 WC 8 0.00317591 dc 9.83664e-07 oc 0.00317492
182 WC 8 0.00317591 dc 9.83664e-07 oc 0.00317492
183 WC 8 0.00317591 dc 9.83664e-07 oc 0.00317492
184 WC 8 0.00317591 dc 9.83664e-07 oc 0.00317492
185 WC 8 0.00317591 dc 9.83664e-07 oc 0.00317492
186 WC 8 0.00317591 dc 9.83664e-07 oc 0.00317492
187 WC 8 0.00317591 dc 9.83664e-07 oc 0.00317492
188 WC 8 0.00317633 dc 1.05246e-06 oc 0.00317528
189 WC 8 0.00317633 dc 1.05246e-06 oc 0.00317528
190 WC 8 0.00317632 dc 1.01176e-06 oc 0.00317531
191 WC 8 0.00317606 dc 1.02383e-06 oc 0.00317503
192 WC 8 0.00317606 dc 1.02383e-06 oc 0.00317503
193 WC 8 0.00317649 dc 9.63823e-07 oc 0.00317553
194 WC 8 0.00317649 dc 9.63823e-07 oc 0.00317553
195 WC 8 0.00317649 dc 9.63823e-07 oc 0.00317553
196 WC 8 0.00317614 dc 1.0052e-06 oc 0.00317513
197 WC 8 0.00317614 dc 1.0052e-06 oc 0.00317513
198 WC 8 0.00317614 dc 1.0052e-06 oc 0.00317513
199 WC 8 0.00317614 dc 1.0052e-06 oc 0.00317513
200 WC 8 0.00317614 dc 1.0052e-06 oc 0.00317513
201 WC 8 0.00317614 dc 1.0052e-06 oc 0.00317513
202 WC 8 0.00317614 dc 1.0052e-06 oc 0.00317513
203 WC 8 0.00317614 dc 1.0052e-06 oc 0.00317513
204 WC 8 0.00317536 dc 9.34879e-07 oc 0.00317443
205 WC 8 0.00317536 dc 9.34879e-07 oc 0.00317443
206 WC 8 0.00317536 dc 9.34879e-07 oc 0.00317443
207 WC 8 0.00317536 dc 9.34879e-07 oc 0.00317443
208 WC 8 0.00317536 dc 9.34879e-07 oc 0.00317443
209 WC 8 0.00317536 dc 9.34879e-07 oc 0.00317443
210 WC 8 0.00317536 dc 9.34879e-07 oc 0.00317443
211 WC 8 0.00317536 dc 9.34879e-07 oc 0.00317443
212 WC 8 0.00317541 dc 9.37076e-07 oc 0.00317447
213 WC 8 0.00317541 dc 9.37076e-07 oc 0.00317447
214 WC 8 0.00317541 dc 9.37076e-07 oc 0.00317447
215 WC 8 0.00317541 dc 9.37076e-07 oc 0.00317447
216 WC 8 0.00317541 dc 9.37076e-07 oc 0.00317447
217 WC 8 0.00317541 dc 9.37076e-07 oc 0.00317447
218 WC 8 0.00317541 dc 9.37076e-07 oc 0.00317447
219 WC 8 0.00317541 dc 9.37076e-07 oc 0.00317447
220 WC 8 0.00317541 dc 9.37076e-07 oc 0.00317447
221 WC 8 0.00317541 dc 9.37076e-07 oc 0.00317447
222 WC 8 0.00317541 dc 9.37076e-07 oc 0.00317447
223 WC 8 0.00317541 dc 9.37076e-07 oc 0.00317447
224 WC 8 0.00317541 dc 9.37076e-07 oc 0.00317447
225 WC 8 0.00317541 dc 9.37076e-07 oc 0.00317447
226 WC 8 0.00317541 dc 9.37076e-07 oc 0.00317447
227 WC 8 0.00317541 dc 9.37076e-07 oc 0.00317447
228 WC 8 0.00317541 dc 9.37076e-07 oc 0.00317447
229 WC 8 0.00317541 dc 9.37076e-07 oc 0.00317447
230 WC 8 0.00317541 dc 9.37076e-07 oc 0.00317447
231 WC 8 0.00317541 dc 9.37076e-07 oc 0.00317447
232 WC 8 0.00317541 dc 9.37076e-07 oc 0.00317447
233 WC 8 0.00317541 dc 9.37076e-07 oc 0.00317447
234 WC 8 0.00317541 dc 9.37076e-07 oc 0.00317447
235 WC 8 0.00317536 dc 9.34664e-07 oc 0.00317443
236 WC 8 0.00317536 dc 9.34664e-07 oc 0.00317443
237 WC 8 0.00317536 dc 9.34664e-07 oc 0.00317443
238 WC 8 0.00317536 dc 9.34664e-07 oc 0.00317443
239 WC 8 0.00317536 dc 9.34664e-07 oc 0.00317443
240 WC 8 0.00317536 dc 9.34664e-07 oc 0.00317443
241 WC 8 0.00317536 dc 9.34664e-07 oc 0.00317443
242 WC 8 0.00317536 dc 9.34664e-07 oc 0.00317443
243 WC 8 0.00317536 dc 9.34664e-07 oc 0.00317443
244 WC 8 0.00317536 dc 9.34664e-07 oc 0.00317443
245 WC 8 0.00317536 dc 9.34664e-07 oc 0.00317443
246 WC 8 0.00317536 dc 9.34664e-07 oc 0.00317443
247 WC 8 0.00317536 dc 9.34664e-07 oc 0.00317443
248 WC 8 0.00317536 dc 9.34664e-07 oc 0.00317443
249 WC 8 0.00317536 dc 9.34664e-07 oc 0.00317443
250 WC 8 0.00317536 dc 9.34664e-07 oc 0.00317443
251 WC 8 0.00317536 dc 9.34664e-07 oc 0.00317443
252 WC 8 0.00317536 dc 9.34664e-07 oc 0.00317443
253 WC 8 0.00317632 dc 9.56239e-07 oc 0.00317536
254 WC 8 0.00317632 dc 9.56239e-07 oc 0.00317536
255 WC 8 0.00317632 dc 9.56239e-07 oc 0.00317536
256 WC 8 0.00317632 dc 9.56239e-07 oc 0.00317536
257 WC 8 0.00317632 dc 9.56239e-07 oc 0.00317536
258 WC 8 0.00317564 dc 9.28286e-07 oc 0.00317471
259 WC 8 0.00317564 dc 9.28286e-07 oc 0.00317471
260 WC 8 0.00317632 dc 9.56239e-07 oc 0.00317536
261 WC 8 0.00317632 dc 9.56239e-07 oc 0.00317536
262 WC 8 0.00317551 dc 9.44536e-07 oc 0.00317457
263 WC 8 0.00317551 dc 9.44536e-07 oc 0.00317457
264 WC 8 0.00317551 dc 9.44536e-07 oc 0.00317457
265 WC 8 0.00317551 dc 9.44536e-07 oc 0.00317457
266 WC 8 0.00317551 dc 9.44536e-07 oc 0.00317457
267 WC 8 0.00317551 dc 9.44536e-07 oc 0.00317457
268 WC 8 0.00317551 dc 9.44536e-07 oc 0.00317457
269 WC 8 0.00317551 dc 9.44536e-07 oc 0.00317457
270 WC 8 0.00317551 dc 9.44536e-07 oc 0.00317457
271 WC 8 0.00317551 dc 9.44536e-07 oc 0.00317457
272 WC 8 0.00317551 dc 9.44536e-07 oc 0.00317457
273 WC 8 0.00317551 dc 9.44536e-07 oc 0.00317457
274 WC 8 0.00317551 dc 9.44536e-07 oc 0.00317457
275 WC 8 0.00317551 dc 9.44536e-07 oc 0.00317457
276 WC 8 0.00317551 dc 9.44536e-07 oc 0.00317457
277 WC 8 0.00317551 dc 9.44536e-07 oc 0.00317457
278 WC 8 0.00317551 dc 9.44536e-07 oc 0.00317457
279 WC 8 0.00317551 dc 9.44536e-07 oc 0.00317457
280 WC 8 0.00317551 dc 9.44536e-07 oc 0.00317457
281 WC 8 0.00317551 dc 9.44536e-07 oc 0.00317457
282 WC 8 0.00317551 dc 9.44536e-07 oc 0.00317457
283 WC 8 0.00317551 dc 9.44536e-07 oc 0.00317457
284 WC 8 0.00317551 dc 9.44536e-07 oc 0.00317457
285 WC 8 0.00317551 dc 9.44536e-07 oc 0.00317457
286 WC 8 0.00317551 dc 9.44536e-07 oc 0.00317457
287 WC 8 0.00317551 dc 9.44536e-07 oc 0.00317457
288 WC 8 0.00317551 dc 9.44536e-07 oc 0.00317457
289 WC 8 0.00317551 dc 9.44536e-07 oc 0.00317457
290 WC 8 0.00317551 dc 9.44536e-07 oc 0.00317457
291 WC 8 0.00317551 dc 9.44536e-07 oc 0.00317457
292 WC 8 0.00317551 dc 9.44536e-07 oc 0.00317457
293 WC 8 0.00317551 dc 9.44536e-07 oc 0.00317457
294 WC 8 0.00317594 dc 9.69385e-07 oc 0.00317497
295 WC 8 0.00317594 dc 9.69385e-07 oc 0.00317497
296 WC 8 0.00317576 dc 9.59532e-07 oc 0.0031748
297 WC 8 0.00317576 dc 9.59532e-07 oc 0.0031748
298 WC 8 0.00317576 dc 9.59532e-07 oc 0.0031748
299 WC 8 0.00317576 dc 9.59532e-07 oc 0.0031748
300 WC 8 0.00317576 dc 9.59532e-07 oc 0.0031748
301 WC 8 0.00317576 dc 9.59532e-07 oc 0.0031748
302 WC 8 0.00317576 dc 9.59532e-07 oc 0.0031748
303 WC 8 0.00317576 dc 9.59532e-07 oc 0.0031748
304 WC 8 0.00317576 dc 9.59532e-07 oc 0.0031748
305 WC 8 0.00317576 dc 9.59532e-07 oc 0.0031748
306 WC 8 0.00317576 dc 9.59532e-07 oc 0.0031748
307 WC 8 0.00317576 dc 9.59532e-07 oc 0.0031748
308 WC 8 0.00317576 dc 9.59532e-07 oc 0.0031748
309 WC 8 0.00317568 dc 9.56028e-07 oc 0.00317473
310 WC 8 0.00317576 dc 9.59532e-07 oc 0.0031748
311 WC 8 0.00317576 dc 9.59532e-07 oc 0.0031748
312 WC 8 0.00317576 dc 9.59532e-07 oc 0.0031748
313 WC 8 0.00317568 dc 9.84586e-07 oc 0.00317469
314 WC 8 0.00317568 dc 9.84586e-07 oc 0.00317469
315 WC 8 0.00317568 dc 9.84586e-07 oc 0.00317469
316 WC 8 0.00317568 dc 9.84586e-07 oc 0.00317469
317 WC 8 0.00317568 dc 9.84586e-07 oc 0.00317469
318 WC 8 0.00317568 dc 9.84586e-07 oc 0.00317469
319 WC 8 0.00317568 dc 9.84586e-07 oc 0.00317469
320 WC 8 0.00317568 dc 9.84586e-07 oc 0.00317469
321 WC 8 0.00317608 dc 9.55664e-07 oc 0.00317512
322 WC 8 0.00317568 dc 9.84586e-07 oc 0.00317469
323 WC 8 0.00317568 dc 9.84586e-07 oc 0.00317469
324 WC 8 0.00317632 dc 9.56399e-07 oc 0.00317536
325 WC 8 0.00317632 dc 9.56399e-07 oc 0.00317536
326 WC 8 0.00317632 dc 9.56399e-07 oc 0.00317536
327 WC 8 0.00317632 dc 9.56399e-07 oc 0.00317536
328 WC 8 0.00317632 dc 9.56399e-07 oc 0.00317536
329 WC 8 0.00317632 dc 9.56399e-07 oc 0.00317536
330 WC 8 0.00317632 dc 9.56399e-07 oc 0.00317536
331 WC 8 0.00317632 dc 9.56399e-07 oc 0.00317536
332 WC 8 0.00317632 dc 9.56399e-07 oc 0.00317536
333 WC 8 0.00317547 dc 9.1084e-07 oc 0.00317455
334 WC 8 0.00317547 dc 9.1084e-07 oc 0.00317455
335 WC 8 0.00317547 dc 9.1084e-07 oc 0.00317455
336 WC 8 0.00317547 dc 9.1084e-07 oc 0.00317455
337 WC 8 0.00317547 dc 9.1084e-07 oc 0.00317455
338 WC 8 0.00317547 dc 9.1084e-07 oc 0.00317455
339 WC 8 0.00317547 dc 9.1084e-07 oc 0.00317455
340 WC 8 0.00317547 dc 9.1084e-07 oc 0.00317455
341 WC 8 0.00317547 dc 9.1084e-07 oc 0.00317455
342 WC 8 0.00317547 dc 9.1084e-07 oc 0.00317455
343 WC 8 0.00317547 dc 9.1084e-07 oc 0.00317455
344 WC 8 0.00317547 dc 9.1084e-07 oc 0.00317455
345 WC 8 0.00317547 dc 9.1084e-07 oc 0.00317455
346 WC 8 0.00317547 dc 9.1084e-07 oc 0.00317455
347 WC 8 0.00317547 dc 9.1084e-07 oc 0.00317455
348 WC 8 0.00317547 dc 9.1084e-07 oc 0.00317455
349 WC 8 0.00317547 dc 9.1084e-07 oc 0.00317455
350 WC 8 0.00317547 dc 9.1084e-07 oc 0.00317455
351 WC 8 0.00317547 dc 9.1084e-07 oc 0.00317455
352 WC 8 0.00317547 dc 9.1084e-07 oc 0.00317455
353 WC 8 0.00317547 dc 9.1084e-07 oc 0.00317455
354 WC 8 0.00317547 dc 9.1084e-07 oc 0.00317455
355 WC 8 0.00317547 dc 9.1084e-07 oc 0.00317455
356 WC 8 0.00317547 dc 9.1084e-07 oc 0.00317455
357 WC 8 0.00317547 dc 9.1084e-07 oc 0.00317455
358 WC 8 0.00317547 dc 9.1084e-07 oc 0.00317455
359 WC 8 0.00317547 dc 9.1084e-07 oc 0.00317455
360 WC 8 0.00317547 dc 9.1084e-07 oc 0.00317455
361 WC 8 0.00317547 dc 9.1084e-07 oc 0.00317455
362 WC 8 0.00317547 dc 9.1084e-07 oc 0.00317455
363 WC 8 0.00317547 dc 9.1084e-07 oc 0.00317455
364 WC 8 0.00317547 dc 9.1084e-07 oc 0.00317455
365 WC 8 0.00317547 dc 9.1084e-07 oc 0.00317455
366 WC 8 0.00317547 dc 9.1084e-07 oc 0.00317455
367 WC 8 0.00317547 dc 9.1084e-07 oc 0.00317455
368 WC 8 0.00317547 dc 9.1084e-07 oc 0.00317455
369 WC 8 0.00317547 dc 9.1084e-07 oc 0.00317455
370 WC 8 0.00317547 dc 9.1084e-07 oc 0.00317455
371 WC 8 0.00317547 dc 9.1084e-07 oc 0.00317455
372 WC 8 0.00317547 dc 9.1084e-07 oc 0.00317455
373 WC 8 0.00317547 dc 9.1084e-07 oc 0.00317455
374 WC 8 0.00317563 dc 9.20789e-07 oc 0.00317471
375 WC 8 0.00317563 dc 9.20789e-07 oc 0.00317471
376 WC 8 0.00317563 dc 9.20789e-07 oc 0.00317471
377 WC 8 0.00317563 dc 9.20789e-07 oc 0.00317471
378 WC 8 0.00317563 dc 9.20789e-07 oc 0.00317471
379 WC 8 0.00317563 dc 9.20789e-07 oc 0.00317471
380 WC 8 0.00317563 dc 9.20789e-07 oc 0.00317471
381 WC 8 0.00317563 dc 9.20789e-07 oc 0.00317471
382 WC 8 0.00317563 dc 9.20789e-07 oc 0.00317471
383 WC 8 0.00317563 dc 9.20789e-07 oc 0.00317471
384 WC 8 0.00317563 dc 9.20789e-07 oc 0.00317471
385 WC 8 0.00317563 dc 9.20789e-07 oc 0.00317471
386 WC 8 0.00317563 dc 9.20789e-07 oc 0.00317471
387 WC 8 0.00317563 dc 9.20789e-07 oc 0.00317471
388 WC 8 0.00317563 dc 9.20789e-07 oc 0.00317471
389 WC 8 0.00317563 dc 9.20789e-07 oc 0.00317471
390 WC 8 0.00317563 dc 9.20789e-07 oc 0.00317471
391 WC 8 0.00317563 dc 9.20789e-07 oc 0.00317471
392 WC 8 0.00317563 dc 9.20789e-07 oc 0.00317471
393 WC 8 0.00317563 dc 9.20789e-07 oc 0.00317471
394 WC 8 0.00317563 dc 9.20789e-07 oc 0.00317471
395 WC 8 0.00317563 dc 9.20789e-07 oc 0.00317471
396 WC 8 0.00317563 dc 9.20789e-07 oc 0.00317471
397 WC 8 0.00317537 dc 9.42855e-07 oc 0.00317442
398 WC 8 0.00317537 dc 9.42855e-07 oc 0.00317442
399 WC 8 0.00317537 dc 9.42855e-07 oc 0.00317442
400 WC 8 0.00317537 dc 9.42855e-07 oc 0.00317442
401 WC 8 0.00317537 dc 9.42855e-07 oc 0.00317442
402 WC 8 0.00317537 dc 9.42855e-07 oc 0.00317442
403 WC 8 0.00317537 dc 9.42855e-07 oc 0.00317442
404 WC 8 0.00317537 dc 9.42855e-07 oc 0.00317442
405 WC 8 0.00317537 dc 9.42855e-07 oc 0.00317442
406 WC 8 0.00317537 dc 9.42855e-07 oc 0.00317442
407 WC 8 0.00317537 dc 9.42855e-07 oc 0.00317442
408 WC 8 0.00317537 dc 9.42855e-07 oc 0.00317442
409 WC 8 0.00317537 dc 9.42855e-07 oc 0.00317442
410 WC 8 0.00317537 dc 9.42855e-07 oc 0.00317442
411 WC 8 0.00317537 dc 9.42855e-07 oc 0.00317442
412 WC 8 0.00317537 dc 9.42855e-07 oc 0.00317442
413 WC 8 0.00317537 dc 9.42855e-07 oc 0.00317442
414 WC 8 0.00317537 dc 9.42855e-07 oc 0.00317442
415 WC 8 0.00317537 dc 9.42855e-07 oc 0.00317442
416 WC 8 0.00317537 dc 9.42855e-07 oc 0.00317442
417 WC 8 0.00317537 dc 9.42855e-07 oc 0.00317442
418 WC 8 0.00317537 dc 9.42855e-07 oc 0.00317442
419 WC 8 0.00317537 dc 9.42855e-07 oc 0.00317442
420 WC 8 0.00317537 dc 9.42855e-07 oc 0.00317442
421 WC 8 0.00317537 dc 9.42855e-07 oc 0.00317442
422 WC 8 0.00317537 dc 9.42855e-07 oc 0.00317442
423 WC 8 0.00317537 dc 9.42855e-07 oc 0.00317442
424 WC 8 0.00317673 dc 1.03307e-06 oc 0.0031757
425 WC 8 0.00317673 dc 1.03307e-06 oc 0.0031757
426 WC 8 0.00317572 dc 9.80967e-07 oc 0.00317474
427 WC 8 0.00317597 dc 9.76308e-07 oc 0.00317499
428 WC 8 0.00317597 dc 9.76308e-07 oc 0.00317499
429 WC 8 0.00317597 dc 9.76308e-07 oc 0.00317499
430 WC 8 0.00317573 dc 9.68815e-07 oc 0.00317477
431 WC 8 0.00317573 dc 9.68815e-07 oc 0.00317477
432 WC 8 0.00317559 dc 9.05544e-07 oc 0.00317469
433 WC 8 0.00317559 dc 9.05544e-07 oc 0.00317469
434 WC 8 0.00317559 dc 9.05544e-07 oc 0.00317469
435 WC 8 0.00317559 dc 9.05544e-07 oc 0.00317469
436 WC 8 0.00317559 dc 9.05544e-07 oc 0.00317469
437 WC 8 0.00317559 dc 9.05544e-07 oc 0.00317469
438 WC 8 0.00317559 dc 9.05544e-07 oc 0.00317469
439 WC 8 0.0031754 dc 8.95112e-07 oc 0.0031745
440 WC 8 0.0031754 dc 8.95112e-07 oc 0.0031745
441 WC 8 0.0031754 dc 8.95112e-07 oc 0.0031745
442 WC 8 0.0031754 dc 8.95112e-07 oc 0.0031745
443 WC 8 0.0031754 dc 8.95112e-07 oc 0.0031745
444 WC 8 0.0031754 dc 8.95112e-07 oc 0.0031745
445 WC 8 0.0031754 dc 8.95112e-07 oc 0.0031745
446 WC 8 0.0031754 dc 8.95112e-07 oc 0.0031745
447 WC 8 0.0031754 dc 8.95112e-07 oc 0.0031745
448 WC 8 0.0031754 dc 8.95112e-07 oc 0.0031745
449 WC 8 0.496327 dc 9.71997e-07 oc 0.496326
450 WC 8 0.00317604 dc 9.69997e-07 oc 0.00317507
451 WC 8 0.00317502 dc 8.64491e-07 oc 0.00317416
451 BC 8 0.00317502 dc 8.64491e-07 oc 0.00317416
452 WC 8 0.00317502 dc 8.64491e-07 oc 0.00317416
453 WC 8 0.00317502 dc 8.64491e-07 oc 0.00317416
454 WC 8 0.00317502 dc 8.64491e-07 oc 0.00317416
455 WC 8 0.00317502 dc 8.64491e-07 oc 0.00317416
456 WC 8 0.00317502 dc 8.64491e-07 oc 0.00317416
457 WC 8 0.00317502 dc 8.64491e-07 oc 0.00317416
458 WC 8 0.00317502 dc 8.64491e-07 oc 0.00317416
459 WC 8 0.00317502 dc 8.64491e-07 oc 0.00317416
460 WC 8 0.00317502 dc 8.64491e-07 oc 0.00317416
461 WC 8 0.00317502 dc 8.64491e-07 oc 0.00317416
462 WC 8 0.00317502 dc 8.64491e-07 oc 0.00317416
463 WC 8 0.00317606 dc 9.44287e-07 oc 0.00317512
464 WC 8 0.00317591 dc 9.56213e-07 oc 0.00317496
465 WC 8 0.00317591 dc 9.56213e-07 oc 0.00317496
466 WC 8 0.00317591 dc 9.56213e-07 oc 0.00317496
467 WC 8 0.00317591 dc 9.56213e-07 oc 0.00317496
468 WC 8 0.00317591 dc 9.56213e-07 oc 0.00317496
469 WC 8 0.00317591 dc 9.56213e-07 oc 0.00317496
470 WC 8 0.00317567 dc 9.70118e-07 oc 0.0031747
471 WC 8 0.00317567 dc 9.70118e-07 oc 0.0031747
472 WC 8 0.00317567 dc 9.70118e-07 oc 0.0031747
473 WC 8 0.00317567 dc 9.70118e-07 oc 0.0031747
474 WC 8 0.00317567 dc 9.70118e-07 oc 0.0031747
475 WC 8 0.00317567 dc 9.70118e-07 oc 0.0031747
476 WC 8 0.00317567 dc 9.70118e-07 oc 0.0031747
477 WC 8 0.00317567 dc 9.70118e-07 oc 0.0031747
478 WC 8 0.00317567 dc 9.70118e-07 oc 0.0031747
479 WC 8 0.00317503 dc 8.68941e-07 oc 0.00317416
480 WC 8 0.00317503 dc 8.68941e-07 oc 0.00317416
481 WC 8 0.00317503 dc 8.68941e-07 oc 0.00317416
482 WC 8 0.00317503 dc 8.68941e-07 oc 0.00317416
483 WC 8 0.00317503 dc 8.68941e-07 oc 0.00317416
484 WC 8 0.00317503 dc 8.68941e-07 oc 0.00317416
485 WC 8 0.00317503 dc 8.68941e-07 oc 0.00317416
486 WC 8 0.00317503 dc 8.68941e-07 oc 0.00317416
487 WC 8 0.00317503 dc 8.68941e-07 oc 0.00317416
488 WC 8 0.00317503 dc 8.68941e-07 oc 0.00317416
489 WC 8 0.00317561 dc 9.13271e-07 oc 0.0031747
490 WC 8 0.00317561 dc 9.13271e-07 oc 0.0031747
491 WC 8 0.00317561 dc 9.13271e-07 oc 0.0031747
492 WC 8 0.00317561 dc 9.13271e-07 oc 0.0031747
493 WC 8 0.00317561 dc 9.13271e-07 oc 0.0031747
494 WC 8 0.00317561 dc 9.13271e-07 oc 0.0031747
495 WC 8 0.00317619 dc 9.59842e-07 oc 0.00317523
496 WC 8 0.00317592 dc 9.3257e-07 oc 0.00317499
497 WC 8 0.00317592 dc 9.3257e-07 oc 0.00317499
498 WC 8 0.00317592 dc 9.3257e-07 oc 0.00317499
499 WC 8 0.00317592 dc 9.3257e-07 oc 0.00317499
500 WC 8 0.00317592 dc 9.3257e-07 oc 0.00317499
501 WC 8 0.00317592 dc 9.3257e-07 oc 0.00317499
502 WC 8 0.00317549 dc 9.09868e-07 oc 0.00317458
503 WC 8 0.00317549 dc 9.09868e-07 oc 0.00317458
504 WC 8 0.00317549 dc 9.09868e-07 oc 0.00317458
505 WC 8 0.00317549 dc 9.09868e-07 oc 0.00317458
506 WC 8 0.00317549 dc 9.09868e-07 oc 0.00317458
507 WC 8 0.00317549 dc 9.09868e-07 oc 0.00317458
508 WC 8 0.00317549 dc 9.09868e-07 oc 0.00317458
509 WC 8 0.00317549 dc 9.09868e-07 oc 0.00317458
510 WC 8 0.00317549 dc 9.09868e-07 oc 0.00317458
511 WC 8 0.00317549 dc 9.09868e-07 oc 0.00317458
512 WC 8 0.00317549 dc 9.09868e-07 oc 0.00317458
513 WC 8 0.00317549 dc 9.09868e-07 oc 0.00317458
514 WC 8 0.00317549 dc 9.09868e-07 oc 0.00317458
515 WC 8 0.00317549 dc 9.09868e-07 oc 0.00317458
516 WC 8 0.00317549 dc 9.09868e-07 oc 0.00317458
517 WC 8 0.00317549 dc 9.09868e-07 oc 0.00317458
518 WC 8 0.00317549 dc 9.09868e-07 oc 0.00317458
519 WC 8 0.00317549 dc 9.09868e-07 oc 0.00317458
520 WC 8 0.00317549 dc 9.09868e-07 oc 0.00317458
521 WC 8 0.00317549 dc 9.09868e-07 oc 0.00317458
522 WC 8 0.00317549 dc 9.09868e-07 oc 0.00317458
523 WC 8 0.00317549 dc 9.09868e-07 oc 0.00317458
524 WC 8 0.00317549 dc 9.09868e-07 oc 0.00317458
525 WC 8 0.00317549 dc 9.09868e-07 oc 0.00317458
526 WC 8 0.00317549 dc 9.09868e-07 oc 0.00317458
527 WC 8 0.00317549 dc 9.09868e-07 oc 0.00317458
528 WC 8 0.00317549 dc 9.09868e-07 oc 0.00317458
529 WC 8 0.00317549 dc 9.09868e-07 oc 0.00317458
530 WC 8 0.00317549 dc 9.09868e-07 oc 0.00317458
531 WC 8 0.00317549 dc 9.09868e-07 oc 0.00317458
532 WC 8 0.00317549 dc 9.09868e-07 oc 0.00317458
533 WC 8 0.00317549 dc 9.09868e-07 oc 0.00317458
534 WC 8 0.00317549 dc 9.09868e-07 oc 0.00317458
535 WC 8 0.00317549 dc 9.09868e-07 oc 0.00317458
536 WC 8 0.00317549 dc 9.09868e-07 oc 0.00317458
537 WC 8 0.00317549 dc 9.09868e-07 oc 0.00317458
538 WC 8 0.00317549 dc 9.09868e-07 oc 0.00317458
539 WC 8 0.00317549 dc 9.09868e-07 oc 0.00317458
540 WC 8 0.00317549 dc 9.09868e-07 oc 0.00317458
541 WC 8 0.00317549 dc 9.09868e-07 oc 0.00317458
542 WC 8 0.00317549 dc 9.09868e-07 oc 0.00317458
543 WC 8 0.00317549 dc 9.09868e-07 oc 0.00317458
544 WC 8 0.00317549 dc 9.09868e-07 oc 0.00317458
545 WC 8 0.00317549 dc 9.09868e-07 oc 0.00317458
546 WC 8 0.00317549 dc 9.09868e-07 oc 0.00317458
547 WC 8 0.00317549 dc 9.09868e-07 oc 0.00317458
548 WC 8 0.00317549 dc 9.09868e-07 oc 0.00317458
549 WC 8 0.00317549 dc 9.09868e-07 oc 0.00317458
550 WC 8 0.00317549 dc 9.09868e-07 oc 0.00317458
551 WC 8 0.00317549 dc 9.09868e-07 oc 0.00317458
552 WC 8 0.00317549 dc 9.09868e-07 oc 0.00317458
553 WC 8 0.00317549 dc 9.09868e-07 oc 0.00317458
554 WC 8 0.00317582 dc 9.36961e-07 oc 0.00317488
555 WC 8 0.00317582 dc 9.36961e-07 oc 0.00317488
556 WC 8 0.00317591 dc 9.77539e-07 oc 0.00317494
557 WC 8 0.00317541 dc 9.66393e-07 oc 0.00317444
558 WC 8 0.00317591 dc 9.77539e-07 oc 0.00317494
559 WC 8 0.00317591 dc 9.77539e-07 oc 0.00317494
560 WC 8 0.00317591 dc 9.77539e-07 oc 0.00317494
561 WC 8 0.00317533 dc 8.901e-07 oc 0.00317444
562 WC 8 0.00317533 dc 8.901e-07 oc 0.00317444
563 WC 8 0.00317533 dc 8.901e-07 oc 0.00317444
564 WC 8 0.00317533 dc 8.901e-07 oc 0.00317444
565 WC 8 0.00317533 dc 8.901e-07 oc 0.00317444
566 WC 8 0.00317533 dc 8.901e-07 oc 0.00317444
567 WC 8 0.00317533 dc 8.901e-07 oc 0.00317444
568 WC 8 0.00317533 dc 8.901e-07 oc 0.00317444
569 WC 8 0.00317533 dc 8.901e-07 oc 0.00317444
570 WC 8 0.00317533 dc 8.901e-07 oc 0.00317444
571 WC 8 0.00317533 dc 8.901e-07 oc 0.00317444
572 WC 8 0.00317533 dc 8.901e-07 oc 0.00317444
573 WC 8 0.00317533 dc 8.901e-07 oc 0.00317444
574 WC 8 0.00317533 dc 8.901e-07 oc 0.00317444
575 WC 8 0.00317533 dc 8.901e-07 oc 0.00317444
576 WC 8 0.00317533 dc 8.901e-07 oc 0.00317444
577 WC 8 0.00317533 dc 8.901e-07 oc 0.00317444
578 WC 8 0.00317533 dc 8.901e-07 oc 0.00317444
579 WC 8 0.00317533 dc 8.901e-07 oc 0.00317444
580 WC 8 0.00317533 dc 8.901e-07 oc 0.00317444
581 WC 8 0.00317564 dc 9.49095e-07 oc 0.00317469
582 WC 8 0.00317564 dc 9.49095e-07 oc 0.00317469
583 WC 8 0.00317564 dc 9.49095e-07 oc 0.00317469
584 WC 8 0.00317564 dc 9.49095e-07 oc 0.00317469
585 WC 8 0.00317564 dc 9.49095e-07 oc 0.00317469
586 WC 8 0.00317537 dc 9.1881e-07 oc 0.00317445
587 WC 8 0.00317537 dc 9.1881e-07 oc 0.00317445
588 WC 8 0.00317537 dc 9.1881e-07 oc 0.00317445
589 WC 8 0.00317537 dc 9.1881e-07 oc 0.00317445
590 WC 8 0.00317537 dc 9.1881e-07 oc 0.00317445
591 WC 8 0.00317537 dc 9.1881e-07 oc 0.00317445
592 WC 8 0.00317537 dc 9.1881e-07 oc 0.00317445
593 WC 8 0.00317537 dc 9.1881e-07 oc 0.00317445
594 WC 8 0.00317537 dc 9.1881e-07 oc 0.00317445
595 WC 8 0.00317537 dc 9.1881e-07 oc 0.00317445
596 WC 8 0.00317537 dc 9.1881e-07 oc 0.00317445
597 WC 8 0.00317537 dc 9.1881e-07 oc 0.00317445
598 WC 8 0.00317537 dc 9.1881e-07 oc 0.00317445
599 WC 8 0.00317537 dc 9.1881e-07 oc 0.00317445
600 WC 8 0.00317537 dc 9.1881e-07 oc 0.00317445
601 WC 8 0.00317537 dc 9.1881e-07 oc 0.00317445
602 WC 8 0.00317537 dc 9.1881e-07 oc 0.00317445
603 WC 8 0.00317537 dc 9.1881e-07 oc 0.00317445
604 WC 8 0.00317537 dc 9.1881e-07 oc 0.00317445
605 WC 8 0.00317537 dc 9.1881e-07 oc 0.00317445
606 WC 8 0.00317537 dc 9.1881e-07 oc 0.00317445
607 WC 8 0.00317537 dc 9.1881e-07 oc 0.00317445
608 WC 8 0.00317537 dc 9.1881e-07 oc 0.00317445
609 WC 8 0.00317537 dc 9.1881e-07 oc 0.00317445
610 WC 8 0.00317537 dc 9.1881e-07 oc 0.00317445
611 WC 8 0.00317537 dc 9.1881e-07 oc 0.00317445
612 WC 8 0.00317537 dc 9.1881e-07 oc 0.00317445
613 WC 8 0.00317537 dc 9.1881e-07 oc 0.00317445
614 WC 8 0.00317537 dc 9.1881e-07 oc 0.00317445
615 WC 8 0.00317537 dc 9.1881e-07 oc 0.00317445
616 WC 8 0.00317537 dc 9.1881e-07 oc 0.00317445
617 WC 8 0.00317537 dc 9.1881e-07 oc 0.00317445
618 WC 8 0.00317537 dc 9.1881e-07 oc 0.00317445
619 WC 8 0.00317537 dc 9.1881e-07 oc 0.00317445
620 WC 8 0.00317537 dc 9.1881e-07 oc 0.00317445
621 WC 8 0.00317537 dc 9.1881e-07 oc 0.00317445
622 WC 8 0.00317537 dc 9.1881e-07 oc 0.00317445
623 WC 8 0.00317537 dc 9.1881e-07 oc 0.00317445
624 WC 8 0.00317537 dc 9.1881e-07 oc 0.00317445
625 WC 8 0.00317537 dc 9.1881e-07 oc 0.00317445
626 WC 8 0.00317537 dc 9.1881e-07 oc 0.00317445
627 WC 8 0.00317537 dc 9.1881e-07 oc 0.00317445
628 WC 8 0.00317537 dc 9.1881e-07 oc 0.00317445
629 WC 8 0.00317537 dc 9.1881e-07 oc 0.00317445
630 WC 8 0.00317537 dc 9.1881e-07 oc 0.00317445
631 WC 8 0.00317537 dc 9.1881e-07 oc 0.00317445
632 WC 8 0.00317537 dc 9.1881e-07 oc 0.00317445
633 WC 8 0.003177 dc 1.00866e-06 oc 0.00317599
634 WC 8 0.00317653 dc 1.00736e-06 oc 0.00317552
635 WC 8 0.00317653 dc 1.00736e-06 oc 0.00317552
636 WC 8 0.00317653 dc 1.00736e-06 oc 0.00317552
637 WC 8 0.00317688 dc 1.02189e-06 oc 0.00317586
638 WC 8 0.00317688 dc 1.02189e-06 oc 0.00317586
639 WC 8 0.00317688 dc 1.02189e-06 oc 0.00317586
640 WC 8 0.00317688 dc 1.02189e-06 oc 0.00317586
641 WC 8 0.00317688 dc 1.02189e-06 oc 0.00317586
642 WC 8 0.0031769 dc 1.00654e-06 oc 0.00317589
643 WC 8 0.0031769 dc 1.00654e-06 oc 0.00317589
644 WC 8 0.0031769 dc 1.00654e-06 oc 0.00317589
645 WC 8 0.0031769 dc 1.00654e-06 oc 0.00317589
646 WC 8 0.00317625 dc 9.89109e-07 oc 0.00317526
647 WC 8 0.00317597 dc 9.56411e-07 oc 0.00317501
648 WC 8 0.00317597 dc 9.56411e-07 oc 0.00317501
649 WC 8 0.00317552 dc 9.43466e-07 oc 0.00317458
650 WC 8 0.00317552 dc 9.43466e-07 oc 0.00317458
651 WC 8 0.00317552 dc 9.43466e-07 oc 0.00317458
652 WC 8 0.00317552 dc 9.43466e-07 oc 0.00317458
653 WC 8 0.00317552 dc 9.43466e-07 oc 0.00317458
654 WC 8 0.00317552 dc 9.43466e-07 oc 0.00317458
655 WC 8 0.00317552 dc 9.43466e-07 oc 0.00317458
656 WC 8 0.00317552 dc 9.43466e-07 oc 0.00317458
657 WC 8 0.00317552 dc 9.43466e-07 oc 0.00317458
658 WC 8 0.00317552 dc 9.43466e-07 oc 0.00317458
659 WC 8 0.00317552 dc 9.43466e-07 oc 0.00317458
660 WC 8 0.00317552 dc 9.43466e-07 oc 0.00317458
661 WC 8 0.00317597 dc 9.56411e-07 oc 0.00317501
662 WC 8 0.00317597 dc 9.56411e-07 oc 0.00317501
663 WC 8 0.00317557 dc 9.68533e-07 oc 0.00317461
664 WC 8 0.00317552 dc 9.39772e-07 oc 0.00317458
665 WC 8 0.00317535 dc 9.22807e-07 oc 0.00317443
666 WC 8 0.00317557 dc 9.68533e-07 oc 0.00317461
667 WC 8 0.00317557 dc 9.68533e-07 oc 0.00317461
668 WC 8 0.00317557 dc 9.68533e-07 oc 0.00317461
669 WC 8 0.00317557 dc 9.68533e-07 oc 0.00317461
670 WC 8 0.00317557 dc 9.68533e-07 oc 0.00317461
671 WC 8 0.00317557 dc 9.68533e-07 oc 0.00317461
672 WC 8 0.00317557 dc 9.68533e-07 oc 0.00317461
673 WC 8 0.00317557 dc 9.68533e-07 oc 0.00317461
674 WC 8 0.00317557 dc 9.68533e-07 oc 0.00317461
675 WC 8 0.00317557 dc 9.68533e-07 oc 0.00317461
676 WC 8 0.00317557 dc 9.68533e-07 oc 0.00317461
677 WC 8 0.00317557 dc 9.68533e-07 oc 0.00317461
678 WC 8 0.00317534 dc 9.42189e-07 oc 0.0031744
679 WC 8 0.00317534 dc 9.42189e-07 oc 0.0031744
680 WC 8 0.00317534 dc 9.42189e-07 oc 0.0031744
681 WC 8 0.00317534 dc 9.42189e-07 oc 0.0031744
682 WC 8 0.00317534 dc 9.42189e-07 oc 0.0031744
683 WC 8 0.00317534 dc 9.42189e-07 oc 0.0031744
684 WC 8 0.00317534 dc 9.42189e-07 oc 0.0031744
685 WC 8 0.00317572 dc 9.27842e-07 oc 0.00317479
686 WC 8 0.00317572 dc 9.27842e-07 oc 0.00317479
687 WC 8 0.00317572 dc 9.27842e-07 oc 0.00317479
688 WC 8 0.00317572 dc 9.27842e-07 oc 0.00317479
689 WC 8 0.0031752 dc 8.88207e-07 oc 0.00317431
690 WC 8 0.0031752 dc 8.88207e-07 oc 0.00317431
691 WC 8 0.0031752 dc 8.88207e-07 oc 0.00317431
692 WC 8 0.00317572 dc 9.27842e-07 oc 0.00317479
693 WC 8 0.00317572 dc 9.27842e-07 oc 0.00317479
694 WC 8 0.00317572 dc 9.27842e-07 oc 0.00317479
695 WC 8 0.00317572 dc 9.27842e-07 oc 0.00317479
696 WC 8 0.00317572 dc 9.27842e-07 oc 0.00317479
697 WC 8 0.00317572 dc 9.27842e-07 oc 0.00317479
698 WC 8 0.00317572 dc 9.27842e-07 oc 0.00317479
699 WC 8 0.00317572 dc 9.27842e-07 oc 0.00317479
700 WC 8 0.00317572 dc 9.27842e-07 oc 0.00317479
701 WC 8 0.00317572 dc 9.27842e-07 oc 0.00317479
702 WC 8 0.00317572 dc 9.27842e-07 oc 0.00317479
703 WC 8 0.00317572 dc 9.27842e-07 oc 0.00317479
704 WC 8 0.00317572 dc 9.27842e-07 oc 0.00317479
705 WC 8 0.00317572 dc 9.27842e-07 oc 0.00317479
706 WC 8 0.00317572 dc 9.27842e-07 oc 0.00317479
707 WC 8 0.00317556 dc 9.62716e-07 oc 0.0031746
708 WC 8 0.00317556 dc 9.62716e-07 oc 0.0031746
709 WC 8 0.00317556 dc 9.62716e-07 oc 0.0031746
710 WC 8 0.00317556 dc 9.62716e-07 oc 0.0031746
711 WC 8 0.00317556 dc 9.62716e-07 oc 0.0031746
712 WC 8 0.00317556 dc 9.62716e-07 oc 0.0031746
713 WC 8 0.00317556 dc 9.62716e-07 oc 0.0031746
714 WC 8 0.00317556 dc 9.62716e-07 oc 0.0031746
715 WC 8 0.00317556 dc 9.62716e-07 oc 0.0031746
716 WC 8 0.00317556 dc 9.62716e-07 oc 0.0031746
717 WC 8 0.00317556 dc 9.62716e-07 oc 0.0031746
718 WC 8 0.00317556 dc 9.62716e-07 oc 0.0031746
719 WC 8 0.00317556 dc 9.62716e-07 oc 0.0031746
720 WC 8 0.00317556 dc 9.62716e-07 oc 0.0031746
721 WC 8 0.00317556 dc 9.62716e-07 oc 0.0031746
722 WC 8 0.00317556 dc 9.62716e-07 oc 0.0031746
723 WC 8 0.00317533 dc 9.00576e-07 oc 0.00317443
724 WC 8 0.00317533 dc 9.00576e-07 oc 0.00317443
725 WC 8 0.00317533 dc 9.00576e-07 oc 0.00317443
726 WC 8 0.00317533 dc 9.00576e-07 oc 0.00317443
727 WC 8 0.00317533 dc 9.00576e-07 oc 0.00317443
728 WC 8 0.00317538 dc 9.58992e-07 oc 0.00317442
729 WC 8 0.00317538 dc 9.58992e-07 oc 0.00317442
730 WC 8 0.00317538 dc 9.58992e-07 oc 0.00317442
731 WC 8 0.00317538 dc 9.58992e-07 oc 0.00317442
732 WC 8 0.00317538 dc 9.58992e-07 oc 0.00317442
733 WC 8 0.00317538 dc 9.58992e-07 oc 0.00317442
734 WC 8 0.00317538 dc 9.58992e-07 oc 0.00317442
735 WC 8 0.0031755 dc 9.23642e-07 oc 0.00317458
736 WC 8 0.0031755 dc 9.23642e-07 oc 0.00317458
737 WC 8 0.0031755 dc 9.23642e-07 oc 0.00317458
738 WC 8 0.0031755 dc 9.23642e-07 oc 0.00317458
739 WC 8 0.0031755 dc 9.23642e-07 oc 0.00317458
740 WC 8 0.00317564 dc 9.47588e-07 oc 0.00317469
741 WC 8 0.00317564 dc 9.47588e-07 oc 0.00317469
742 WC 8 0.00317564 dc 9.47588e-07 oc 0.00317469
743 WC 8 0.00317564 dc 9.47588e-07 oc 0.00317469
744 WC 8 0.00317564 dc 9.47588e-07 oc 0.00317469
745 WC 8 0.00317564 dc 9.47588e-07 oc 0.00317469
746 WC 8 0.00317564 dc 9.47588e-07 oc 0.00317469
747 WC 8 0.00317564 dc 9.47588e-07 oc 0.00317469
748 WC 8 0.00317564 dc 9.47588e-07 oc 0.00317469
749 WC 8 0.00317564 dc 9.47588e-07 oc 0.00317469
750 WC 8 0.00317564 dc 9.47588e-07 oc 0.00317469
751 WC 8 0.00317564 dc 9.47588e-07 oc 0.00317469
752 WC 8 0.00317564 dc 9.47588e-07 oc 0.00317469
753 WC 8 0.00317564 dc 9.47588e-07 oc 0.00317469
754 WC 8 0.00317658 dc 1.01736e-06 oc 0.00317556
755 WC 8 0.00317658 dc 1.01736e-06 oc 0.00317556
756 WC 8 0.0031758 dc 9.84714e-07 oc 0.00317481
757 WC 8 0.00317591 dc 9.69855e-07 oc 0.00317494
758 WC 8 0.00317591 dc 9.69855e-07 oc 0.00317494
759 WC 8 0.00317591 dc 9.69855e-07 oc 0.00317494
760 WC 8 0.00317591 dc 9.69855e-07 oc 0.00317494
761 WC 8 0.00317591 dc 9.69855e-07 oc 0.00317494
762 WC 8 0.00317591 dc 9.69855e-07 oc 0.00317494
763 WC 8 0.0031758 dc 9.84714e-07 oc 0.00317481
764 WC 8 0.0031758 dc 9.84714e-07 oc 0.00317481
765 WC 8 0.00317594 dc 9.56983e-07 oc 0.00317499
766 WC 8 0.00317594 dc 9.56983e-07 oc 0.00317499
767 WC 8 0.00317594 dc 9.56983e-07 oc 0.00317499
768 WC 8 0.00317594 dc 9.56983e-07 oc 0.00317499
769 WC 8 0.00317594 dc 9.56983e-07 oc 0.00317499
770 WC 8 0.00317594 dc 9.56983e-07 oc 0.00317499
771 WC 8 0.00317594 dc 9.56983e-07 oc 0.00317499
772 WC 8 0.00317594 dc 9.56983e-07 oc 0.00317499
773 WC 8 0.00317594 dc 9.56983e-07 oc 0.00317499
774 WC 8 0.00317594 dc 9.56983e-07 oc 0.00317499
775 WC 8 0.00317594 dc 9.56983e-07 oc 0.00317499
776 WC 8 0.00317594 dc 9.56983e-07 oc 0.00317499
777 WC 8 0.00317594 dc 9.56983e-07 oc 0.00317499
778 WC 8 0.00317594 dc 9.56983e-07 oc 0.00317499
779 WC 8 0.00317594 dc 9.56983e-07 oc 0.00317499
780 WC 8 0.00317596 dc 9.81153e-07 oc 0.00317498
781 WC 8 0.0031758 dc 9.84714e-07 oc 0.00317481
782 WC 8 0.496326 dc 9.54581e-07 oc 0.496325
783 WC 8 0.0031758 dc 9.84714e-07 oc 0.00317481
784 WC 8 0.0031758 dc 9.84714e-07 oc 0.00317481
785 WC 8 0.0031758 dc 9.84714e-07 oc 0.00317481
786 WC 8 0.0031756 dc 9.71946e-07 oc 0.00317462
787 WC 8 0.0031756 dc 9.71946e-07 oc 0.00317462
788 WC 8 0.0031756 dc 9.71946e-07 oc 0.00317462
789 WC 8 0.0031756 dc 9.71946e-07 oc 0.00317462
790 WC 8 0.0031758 dc 9.84714e-07 oc 0.00317481
791 WC 8 0.0031758 dc 9.84714e-07 oc 0.00317481
792 WC 8 0.0031758 dc 9.84714e-07 oc 0.00317481
793 WC 8 0.0031758 dc 9.84714e-07 oc 0.00317481
794 WC 8 0.00317625 dc 9.67802e-07 oc 0.00317528
795 WC 8 0.00317625 dc 9.67802e-07 oc 0.00317528
796 WC 8 0.00317625 dc 9.67802e-07 oc 0.00317528
797 WC 8 0.00317625 dc 9.67802e-07 oc 0.00317528
798 WC 8 0.00317599 dc 9.86953e-07 oc 0.003175
799 WC 8 0.00317599 dc 9.86953e-07 oc 0.003175
800 WC 8 0.00317631 dc 9.51831e-07 oc 0.00317535
801 WC 8 0.00317631 dc 9.51831e-07 oc 0.00317535
802 WC 8 0.00317631 dc 9.51831e-07 oc 0.00317535
803 WC 8 0.00317631 dc 9.51831e-07 oc 0.00317535
804 WC 8 0.00317593 dc 9.84374e-07 oc 0.00317495
805 WC 8 0.00317593 dc 9.84374e-07 oc 0.00317495
806 WC 8 0.00317593 dc 9.84374e-07 oc 0.00317495
807 WC 8 0.00317593 dc 9.84374e-07 oc 0.00317495
808 WC 8 0.00317593 dc 9.84374e-07 oc 0.00317495
809 WC 8 0.00317593 dc 9.84374e-07 oc 0.00317495
810 WC 8 0.00317593 dc 9.84374e-07 oc 0.00317495
811 WC 8 0.00317593 dc 9.84374e-07 oc 0.00317495
812 WC 8 0.00317593 dc 9.84374e-07 oc 0.00317495
813 WC 8 0.00317593 dc 9.84374e-07 oc 0.00317495
814 WC 8 0.00317593 dc 9.84374e-07 oc 0.00317495
815 WC 8 0.00317593 dc 9.84374e-07 oc 0.00317495
816 WC 8 0.00317593 dc 9.84374e-07 oc 0.00317495
817 WC 8 0.00317593 dc 9.84374e-07 oc 0.00317495
818 WC 8 0.00317593 dc 9.84374e-07 oc 0.00317495
819 WC 8 0.00317593 dc 9.84374e-07 oc 0.00317495
820 WC 8 0.00317626 dc 1.00434e-06 oc 0.00317526
821 WC 8 0.00317626 dc 1.00434e-06 oc 0.00317526
822 WC 8 0.00317626 dc 1.00434e-06 oc 0.00317526
823 WC 8 0.00317654 dc 1.01421e-06 oc 0.00317553
824 WC 8 0.00317654 dc 1.01421e-06 oc 0.00317553
825 WC 8 0.00317654 dc 1.01421e-06 oc 0.00317553
826 WC 8 0.00317654 dc 1.01421e-06 oc 0.00317553
827 WC 8 0.00317654 dc 1.01421e-06 oc 0.00317553
828 WC 8 0.00317569 dc 9.97292e-07 oc 0.00317469
829 WC 8 0.00317654 dc 1.01421e-06 oc 0.00317553
830 WC 8 0.00317654 dc 1.01421e-06 oc 0.00317553
831 WC 8 0.00317654 dc 1.01421e-06 oc 0.00317553
832 WC 8 0.00317654 dc 1.01421e-06 oc 0.00317553
833 WC 8 0.00317654 dc 1.01421e-06 oc 0.00317553
834 WC 8 0.00317571 dc 1.02607e-06 oc 0.00317469
835 WC 8 0.00317561 dc 9.95676e-07 oc 0.00317462
836 WC 8 0.00317561 dc 9.95676e-07 oc 0.00317462
837 WC 8 0.00317561 dc 9.95676e-07 oc 0.00317462
838 WC 8 0.00317561 dc 9.95676e-07 oc 0.00317462
839 WC 8 0.00317561 dc 9.95676e-07 oc 0.00317462
840 WC 8 0.00317561 dc 9.95676e-07 oc 0.00317462
841 WC 8 0.00317561 dc 9.95676e-07 oc 0.00317462
842 WC 8 0.00317561 dc 9.95676e-07 oc 0.00317462
843 WC 8 0.00317561 dc 9.95676e-07 oc 0.00317462
844 WC 8 0.00317561 dc 9.95676e-07 oc 0.00317462
845 WC 8 0.00317593 dc 9.78462e-07 oc 0.00317496
846 WC 8 0.00317593 dc 9.78462e-07 oc 0.00317496
847 WC 8 0.00317593 dc 9.78462e-07 oc 0.00317496
848 WC 8 0.00317593 dc 9.78462e-07 oc 0.00317496
849 WC 8 0.0031767 dc 1.01056e-06 oc 0.00317569
850 WC 8 0.00317602 dc 9.63468e-07 oc 0.00317506
851 WC 8 0.00317602 dc 9.63468e-07 oc 0.00317506
852 WC 8 0.0031759 dc 9.61998e-07 oc 0.00317494
853 WC 8 0.00317602 dc 9.63468e-07 oc 0.00317506
854 WC 8 0.00317643 dc 9.75816e-07 oc 0.00317545
855 WC 8 0.00317643 dc 9.75816e-07 oc 0.00317545
856 WC 8 0.00317643 dc 9.75816e-07 oc 0.00317545
857 WC 8 0.00317643 dc 9.75816e-07 oc 0.00317545
858 WC 8 0.00317643 dc 9.75816e-07 oc 0.00317545
859 WC 8 0.00317643 dc 9.75816e-07 oc 0.00317545
860 WC 8 0.00317643 dc 9.75816e-07 oc 0.00317545
861 WC 8 0.00317643 dc 9.75816e-07 oc 0.00317545
862 WC 8 0.00317608 dc 9.94247e-07 oc 0.00317509
863 WC 8 0.00317608 dc 9.94247e-07 oc 0.00317509
864 WC 8 0.00317608 dc 9.94247e-07 oc 0.00317509
865 WC 8 0.00317608 dc 9.94247e-07 oc 0.00317509
866 WC 8 0.00317633 dc 9.89887e-07 oc 0.00317534
867 WC 8 0.00317633 dc 9.89887e-07 oc 0.00317534
868 WC 8 0.00317633 dc 9.89887e-07 oc 0.00317534
869 WC 8 0.00317633 dc 9.89887e-07 oc 0.00317534
870 WC 8 0.00317618 dc 9.65689e-07 oc 0.00317522
871 WC 8 0.00317618 dc 9.65689e-07 oc 0.00317522
872 WC 8 0.00317618 dc 9.65689e-07 oc 0.00317522
873 WC 8 0.00317618 dc 9.65689e-07 oc 0.00317522
874 WC 8 0.00317618 dc 9.65689e-07 oc 0.00317522
875 WC 8 0.00317618 dc 9.65689e-07 oc 0.00317522
876 WC 8 0.00317618 dc 9.65689e-07 oc 0.00317522
877 WC 8 0.00317618 dc 9.65689e-07 oc 0.00317522
878 WC 8 0.00317618 dc 9.65689e-07 oc 0.00317522
879 WC 8 0.00317618 dc 9.65689e-07 oc 0.00317522
880 WC 8 0.00317633 dc 9.89887e-07 oc 0.00317534
881 WC 8 0.00317633 dc 9.89887e-07 oc 0.00317534
882 WC 8 0.00317633 dc 9.89887e-07 oc 0.00317534
883 WC 8 0.00317633 dc 9.89887e-07 oc 0.00317534
884 WC 8 0.00317633 dc 9.89887e-07 oc 0.00317534
885 WC 8 0.00317633 dc 9.89887e-07 oc 0.00317534
886 WC 8 0.00317633 dc 9.89887e-07 oc 0.00317534
887 WC 8 0.00317633 dc 9.89887e-07 oc 0.00317534
888 WC 8 0.00317633 dc 9.89887e-07 oc 0.00317534
889 WC 8 0.00317633 dc 9.89887e-07 oc 0.00317534
890 WC 8 0.00317633 dc 9.89887e-07 oc 0.00317534
891 WC 8 0.00317633 dc 9.89887e-07 oc 0.00317534
892 WC 8 0.00317633 dc 9.89887e-07 oc 0.00317534
893 WC 8 0.00317633 dc 9.89887e-07 oc 0.00317534
894 WC 8 0.00317633 dc 9.89887e-07 oc 0.00317534
895 WC 8 0.00317633 dc 9.89887e-07 oc 0.00317534
896 WC 8 0.00317633 dc 9.89887e-07 oc 0.00317534
897 WC 8 0.00317633 dc 9.89887e-07 oc 0.00317534
898 WC 8 0.00317633 dc 9.89887e-07 oc 0.00317534
899 WC 8 0.00317633 dc 9.89887e-07 oc 0.00317534
900 WC 8 0.00317633 dc 9.89887e-07 oc 0.00317534
901 WC 8 0.00317633 dc 9.89887e-07 oc 0.00317534
902 WC 8 0.00317633 dc 9.89887e-07 oc 0.00317534
903 WC 8 0.00317633 dc 9.89887e-07 oc 0.00317534
904 WC 8 0.00317633 dc 9.89887e-07 oc 0.00317534
905 WC 8 0.00317633 dc 9.89887e-07 oc 0.00317534
906 WC 8 0.00317633 dc 9.89887e-07 oc 0.00317534
907 WC 8 0.00317633 dc 9.89887e-07 oc 0.00317534
908 WC 8 0.00317633 dc 9.89887e-07 oc 0.00317534
909 WC 8 0.00317633 dc 9.89887e-07 oc 0.00317534
910 WC 8 0.003176 dc 9.90484e-07 oc 0.00317501
911 WC 8 0.003176 dc 9.90484e-07 oc 0.00317501
912 WC 8 0.003176 dc 9.90484e-07 oc 0.00317501
913 WC 8 0.003176 dc 9.90484e-07 oc 0.00317501
914 WC 8 0.003176 dc 9.90484e-07 oc 0.00317501
915 WC 8 0.003176 dc 9.90484e-07 oc 0.00317501
916 WC 8 0.003176 dc 9.90484e-07 oc 0.00317501
917 WC 8 0.003176 dc 9.90484e-07 oc 0.00317501
918 WC 8 0.003176 dc 9.90484e-07 oc 0.00317501
919 WC 8 0.003176 dc 9.90484e-07 oc 0.00317501
920 WC 8 0.003176 dc 9.90484e-07 oc 0.00317501
921 WC 8 0.003176 dc 9.90484e-07 oc 0.00317501
922 WC 8 0.003176 dc 9.90484e-07 oc 0.00317501
923 WC 8 0.003176 dc 9.90484e-07 oc 0.00317501
924 WC 8 0.00317534 dc 9.1062e-07 oc 0.00317443
925 WC 8 0.00317534 dc 9.1062e-07 oc 0.00317443
926 WC 8 0.00317534 dc 9.1062e-07 oc 0.00317443
927 WC 8 0.00317534 dc 9.1062e-07 oc 0.00317443
928 WC 8 0.00317534 dc 9.1062e-07 oc 0.00317443
929 WC 8 0.00317534 dc 9.1062e-07 oc 0.00317443
930 WC 8 0.00317534 dc 9.1062e-07 oc 0.00317443
931 WC 8 0.00317534 dc 9.1062e-07 oc 0.00317443
932 WC 8 0.00317534 dc 9.1062e-07 oc 0.00317443
933 WC 8 0.00317534 dc 9.1062e-07 oc 0.00317443
934 WC 8 0.00317534 dc 9.1062e-07 oc 0.00317443
935 WC 8 0.00317534 dc 9.1062e-07 oc 0.00317443
936 WC 8 0.00317534 dc 9.1062e-07 oc 0.00317443
937 WC 8 0.00317534 dc 9.1062e-07 oc 0.00317443
938 WC 8 0.00317534 dc 9.1062e-07 oc 0.00317443
939 WC 8 0.00317534 dc 9.1062e-07 oc 0.00317443
940 WC 8 0.003175 dc 8.99344e-07 oc 0.0031741
940 BC 8 0.003175 dc 8.99344e-07 oc 0.0031741
941 WC 8 0.003175 dc 8.99344e-07 oc 0.0031741
942 WC 8 0.003175 dc 8.99344e-07 oc 0.0031741
943 WC 8 0.003175 dc 8.99344e-07 oc 0.0031741
944 WC 8 0.003175 dc 8.99344e-07 oc 0.0031741
945 WC 8 0.003175 dc 8.99344e-07 oc 0.0031741
946 WC 8 0.003175 dc 8.99344e-07 oc 0.0031741
947 WC 8 0.003175 dc 8.99344e-07 oc 0.0031741
948 WC 8 0.003175 dc 8.99344e-07 oc 0.0031741
949 WC 8 0.003175 dc 8.99344e-07 oc 0.0031741
950 WC 8 0.003175 dc 8.99344e-07 oc 0.0031741
951 WC 8 0.003175 dc 8.99344e-07 oc 0.0031741
952 WC 8 0.00317637 dc 9.88192e-07 oc 0.00317538
953 WC 8 0.00317637 dc 9.88192e-07 oc 0.00317538
954 WC 8 0.00317637 dc 9.88192e-07 oc 0.00317538
955 WC 8 0.00317637 dc 9.88192e-07 oc 0.00317538
956 WC 8 0.00317637 dc 9.88192e-07 oc 0.00317538
957 WC 8 0.00317637 dc 9.88192e-07 oc 0.00317538
958 WC 8 0.00317637 dc 9.88192e-07 oc 0.00317538
959 WC 8 0.00317637 dc 9.88192e-07 oc 0.00317538
960 WC 8 0.00317637 dc 9.88192e-07 oc 0.00317538
961 WC 8 0.00317637 dc 9.88192e-07 oc 0.00317538
962 WC 8 0.00317589 dc 1.00783e-06 oc 0.00317489
963 WC 8 0.00317571 dc 9.57453e-07 oc 0.00317475
964 WC 8 0.00317571 dc 9.57453e-07 oc 0.00317475
965 WC 8 0.00317571 dc 9.57453e-07 oc 0.00317475
966 WC 8 0.00317571 dc 9.57453e-07 oc 0.00317475
967 WC 8 0.00317571 dc 9.57453e-07 oc 0.00317475
968 WC 8 0.00317571 dc 9.57453e-07 oc 0.00317475
969 WC 8 0.00317571 dc 9.57453e-07 oc 0.00317475
970 WC 8 0.00317571 dc 9.57453e-07 oc 0.00317475
971 WC 8 0.00317571 dc 9.57453e-07 oc 0.00317475
972 WC 8 0.00317571 dc 9.57453e-07 oc 0.00317475
973 WC 8 0.00317571 dc 9.57453e-07 oc 0.00317475
974 WC 8 0.00317571 dc 9.57453e-07 oc 0.00317475
975 WC 8 0.00317571 dc 9.57453e-07 oc 0.00317475
976 WC 8 0.00317571 dc 9.57453e-07 oc 0.00317475
977 WC 8 0.00317571 dc 9.57453e-07 oc 0.00317475
978 WC 8 0.00317571 dc 9.57453e-07 oc 0.00317475
979 WC 8 0.00317571 dc 9.57453e-07 oc 0.00317475
980 WC 8 0.00317571 dc 9.57453e-07 oc 0.00317475
981 WC 8 0.00317571 dc 9.57453e-07 oc 0.00317475
982 WC 8 0.00317571 dc 9.57453e-07 oc 0.00317475
983 WC 8 0.00317571 dc 9.57453e-07 oc 0.00317475
984 WC 8 0.00317571 dc 9.57453e-07 oc 0.00317475
985 WC 8 0.00317571 dc 9.57453e-07 oc 0.00317475
986 WC 8 0.00317522 dc 8.95016e-07 oc 0.00317433
987 WC 8 0.00317522 dc 8.95016e-07 oc 0.00317433
988 WC 8 0.00317522 dc 8.95016e-07 oc 0.00317433
989 WC 8 0.00317522 dc 8.95016e-07 oc 0.00317433
990 WC 8 0.00317522 dc 8.95016e-07 oc 0.00317433
991 WC 8 0.00317522 dc 8.95016e-07 oc 0.00317433
992 WC 8 0.00317522 dc 8.95016e-07 oc 0.00317433
993 WC 8 0.00317522 dc 8.95016e-07 oc 0.00317433
994 WC 8 0.00317522 dc 8.95016e-07 oc 0.00317433
995 WC 8 0.00317522 dc 8.95016e-07 oc 0.00317433
996 WC 8 0.00317522 dc 8.95016e-07 oc 0.00317433
997 WC 8 0.00317522 dc 8.95016e-07 oc 0.00317433
998 WC 8 0.00317522 dc 8.95016e-07 oc 0.00317433
999 WC 8 0.00317522 dc 8.95016e-07 oc 0.00317433
1000 WC 8 0.00317522 dc 8.95016e-07 oc 0.00317433
1001 WC 8 0.00317522 dc 8.95016e-07 oc 0.00317433
1002 WC 8 0.00317522 dc 8.95016e-07 oc 0.00317433
1003 WC 8 0.00317522 dc 8.95016e-07 oc 0.00317433
1004 WC 8 0.00317522 dc 8.95016e-07 oc 0.00317433
1005 WC 8 0.00317522 dc 8.95016e-07 oc 0.00317433
1006 WC 8 0.00317522 dc 8.95016e-07 oc 0.00317433
1007 WC 8 0.00317522 dc 8.95016e-07 oc 0.00317433
1008 WC 8 0.00317522 dc 8.95016e-07 oc 0.00317433
1009 WC 8 0.00317522 dc 8.95016e-07 oc 0.00317433
1010 WC 8 0.00317522 dc 8.95016e-07 oc 0.00317433
1011 WC 8 0.00317674 dc 9.93432e-07 oc 0.00317575
1012 WC 8 0.00317674 dc 9.93432e-07 oc 0.00317575
1013 WC 8 0.00317674 dc 9.93432e-07 oc 0.00317575
1014 WC 8 0.00317674 dc 9.93432e-07 oc 0.00317575
1015 WC 8 0.00317674 dc 9.93432e-07 oc 0.00317575
1016 WC 8 0.0031763 dc 1.00983e-06 oc 0.00317529
1017 WC 8 0.0031763 dc 1.00983e-06 oc 0.00317529
1018 WC 8 0.00317597 dc 1.00644e-06 oc 0.00317496
1019 WC 8 0.00317597 dc 1.00644e-06 oc 0.00317496
1020 WC 8 0.00317597 dc 1.00644e-06 oc 0.00317496
1021 WC 8 0.00317597 dc 1.00644e-06 oc 0.00317496
1022 WC 8 0.00317597 dc 1.00644e-06 oc 0.00317496
1023 WC 8 0.00317597 dc 1.00644e-06 oc 0.00317496
1024 WC 8 0.00317597 dc 1.00644e-06 oc 0.00317496
1025 WC 8 0.00317597 dc 1.00644e-06 oc 0.00317496
1026 WC 8 0.00317597 dc 1.00644e-06 oc 0.00317496
1027 WC 8 0.00317597 dc 1.00644e-06 oc 0.00317496
1028 WC 8 0.00317549 dc 9.18997e-07 oc 0.00317457
1029 WC 8 0.00317549 dc 9.18997e-07 oc 0.00317457
1030 WC 8 0.00317549 dc 9.18997e-07 oc 0.00317457
1031 WC 8 0.00317597 dc 1.00644e-06 oc 0.00317496
1032 WC 8 0.00317597 dc 1.00644e-06 oc 0.00317496
1033 WC 8 0.00317597 dc 1.00644e-06 oc 0.00317496
1034 WC 8 0.00317647 dc 1.02314e-06 oc 0.00317545
1035 WC 8 0.00317653 dc 9.99393e-07 oc 0.00317553
1036 WC 8 0.00317653 dc 9.99393e-07 oc 0.00317553
1037 WC 8 0.00317653 dc 9.99393e-07 oc 0.00317553
1038 WC 8 0.00317653 dc 9.99393e-07 oc 0.00317553
1039 WC 8 0.00317653 dc 9.99393e-07 oc 0.00317553
1040 WC 8 0.00317653 dc 9.99393e-07 oc 0.00317553
1041 WC 8 0.00317653 dc 9.99393e-07 oc 0.00317553
1042 WC 8 0.00317653 dc 9.99393e-07 oc 0.00317553
1043 WC 8 0.00317653 dc 9.99393e-07 oc 0.00317553
1044 WC 8 0.00317653 dc 9.99393e-07 oc 0.00317553
1045 WC 8 0.00317629 dc 9.53983e-07 oc 0.00317534
1046 WC 8 0.00317629 dc 9.53983e-07 oc 0.00317534
1047 WC 8 0.00317629 dc 9.53983e-07 oc 0.00317534
1048 WC 8 0.00317629 dc 9.53983e-07 oc 0.00317534
1049 WC 8 0.00317629 dc 9.53983e-07 oc 0.00317534
1050 WC 8 0.00317629 dc 9.53983e-07 oc 0.00317534
1051 WC 8 0.00317553 dc 9.1285e-07 oc 0.00317462
1052 WC 8 0.00317553 dc 9.1285e-07 oc 0.00317462
1053 WC 8 0.00317553 dc 9.1285e-07 oc 0.00317462
1054 WC 8 0.00317553 dc 9.1285e-07 oc 0.00317462
1055 WC 8 0.00317553 dc 9.1285e-07 oc 0.00317462
1056 WC 8 0.00317553 dc 9.1285e-07 oc 0.00317462
1057 WC 8 0.00317553 dc 9.1285e-07 oc 0.00317462
1058 WC 8 0.00317518 dc 8.903e-07 oc 0.00317429
1059 WC 8 0.00317518 dc 8.903e-07 oc 0.00317429
1060 WC 8 0.00317553 dc 9.1285e-07 oc 0.00317462
1061 WC 8 0.00317553 dc 9.1285e-07 oc 0.00317462
1062 WC 8 0.00317553 dc 9.1285e-07 oc 0.00317462
1063 WC 8 0.00317553 dc 9.1285e-07 oc 0.00317462
1064 WC 8 0.00317553 dc 9.1285e-07 oc 0.00317462
1065 WC 8 0.00317553 dc 9.1285e-07 oc 0.00317462
1066 WC 8 0.00317587 dc 9.36763e-07 oc 0.00317493
1067 WC 8 0.00317587 dc 9.36763e-07 oc 0.00317493
1068 WC 8 0.00317668 dc 1.00535e-06 oc 0.00317568
1069 WC 8 0.0031756 dc 9.3687e-07 oc 0.00317466
1070 WC 8 0.0031756 dc 9.3687e-07 oc 0.00317466
1071 WC 8 0.0031756 dc 9.3687e-07 oc 0.00317466
1072 WC 8 0.0031756 dc 9.3687e-07 oc 0.00317466
1073 WC 8 0.0031756 dc 9.3687e-07 oc 0.00317466
1074 WC 8 0.0031756 dc 9.3687e-07 oc 0.00317466
1075 WC 8 0.0031756 dc 9.3687e-07 oc 0.00317466
1076 WC 8 0.0031756 dc 9.3687e-07 oc 0.00317466
1077 WC 8 0.0031756 dc 9.3687e-07 oc 0.00317466
1078 WC 8 0.0031756 dc 9.3687e-07 oc 0.00317466
1079 WC 8 0.0031756 dc 9.3687e-07 oc 0.00317466
1080 WC 8 0.00317567 dc 9.5717e-07 oc 0.00317471
1081 WC 8 0.00317567 dc 9.5717e-07 oc 0.00317471
1082 WC 8 0.00317567 dc 9.5717e-07 oc 0.00317471
1083 WC 8 0.00317567 dc 9.5717e-07 oc 0.00317471
1084 WC 8 0.00317567 dc 9.5717e-07 oc 0.00317471
1085 WC 8 0.00317567 dc 9.5717e-07 oc 0.00317471
1086 WC 8 0.00317567 dc 9.5717e-07 oc 0.00317471
1087 WC 8 0.00317567 dc 9.5717e-07 oc 0.00317471
1088 WC 8 0.00317567 dc 9.5717e-07 oc 0.00317471
1089 WC 8 0.00317567 dc 9.5717e-07 oc 0.00317471
1090 WC 8 0.00317567 dc 9.5717e-07 oc 0.00317471
1091 WC 8 0.00317567 dc 9.5717e-07 oc 0.00317471
1092 WC 8 0.00317567 dc 9.5717e-07 oc 0.00317471
1093 WC 8 0.00317567 dc 9.5717e-07 oc 0.00317471
1094 WC 8 0.00317567 dc 9.5717e-07 oc 0.00317471
1095 WC 8 0.00317567 dc 9.5717e-07 oc 0.00317471
1096 WC 8 0.00317567 dc 9.5717e-07 oc 0.00317471
1097 WC 8 0.00317567 dc 9.5717e-07 oc 0.00317471
1098 WC 8 0.00317567 dc 9.5717e-07 oc 0.00317471
1099 WC 8 0.00317567 dc 9.5717e-07 oc 0.00317471
1100 WC 8 0.00317583 dc 9.6992e-07 oc 0.00317486
1101 WC 8 0.00317576 dc 9.30217e-07 oc 0.00317483
1102 WC 8 0.00317564 dc 9.36006e-07 oc 0.00317471
1103 WC 8 0.00317531 dc 8.91431e-07 oc 0.00317442
1104 WC 8 0.00317531 dc 8.91431e-07 oc 0.00317442
1105 WC 8 0.00317531 dc 8.91431e-07 oc 0.00317442
1106 WC 8 0.00317564 dc 9.36006e-07 oc 0.00317471
1107 WC 8 0.00317564 dc 9.36006e-07 oc 0.00317471
1108 WC 8 0.00317564 dc 9.36006e-07 oc 0.00317471
1109 WC 8 0.00317564 dc 9.36006e-07 oc 0.00317471
1110 WC 8 0.00317564 dc 9.36006e-07 oc 0.00317471
1111 WC 8 0.00317564 dc 9.36006e-07 oc 0.00317471
1112 WC 8 0.00317564 dc 9.36006e-07 oc 0.00317471
1113 WC 8 0.00317564 dc 9.36006e-07 oc 0.00317471
1114 WC 8 0.00317564 dc 9.36006e-07 oc 0.00317471
1115 WC 8 0.00317564 dc 9.36006e-07 oc 0.00317471
1116 WC 8 0.00317564 dc 9.36006e-07 oc 0.00317471
1117 WC 8 0.00317595 dc 9.61202e-07 oc 0.00317499
1118 WC 8 0.00317595 dc 9.61202e-07 oc 0.00317499
1119 WC 8 0.00317717 dc 1.01291e-06 oc 0.00317615
1120 WC 8 0.00317717 dc 1.01291e-06 oc 0.00317615
1121 WC 8 0.00317717 dc 1.01291e-06 oc 0.00317615
1122 WC 8 0.00317717 dc 1.01291e-06 oc 0.00317615
1123 WC 8 0.00317643 dc 9.9485e-07 oc 0.00317544
1124 WC 8 0.00317582 dc 9.7708e-07 oc 0.00317484
1125 WC 8 0.00317582 dc 9.7708e-07 oc 0.00317484
1126 WC 8 0.00317582 dc 9.7708e-07 oc 0.00317484
1127 WC 8 0.00317582 dc 9.7708e-07 oc 0.00317484
1128 WC 8 0.00317582 dc 9.7708e-07 oc 0.00317484
1129 WC 8 0.00317582 dc 9.7708e-07 oc 0.00317484
1130 WC 8 0.00317582 dc 9.7708e-07 oc 0.00317484
1131 WC 8 0.00317582 dc 9.7708e-07 oc 0.00317484
1132 WC 8 0.00317582 dc 9.7708e-07 oc 0.00317484
1133 WC 8 0.00317582 dc 9.7708e-07 oc 0.00317484
1134 WC 8 0.00317582 dc 9.7708e-07 oc 0.00317484
1135 WC 8 0.00317582 dc 9.7708e-07 oc 0.00317484
1136 WC 8 0.00317593 dc 9.5736e-07 oc 0.00317497
1137 WC 8 0.00317593 dc 9.5736e-07 oc 0.00317497
1138 WC 8 0.00317593 dc 9.5736e-07 oc 0.00317497
1139 WC 8 0.00317593 dc 9.5736e-07 oc 0.00317497
1140 WC 8 0.00317593 dc 9.5736e-07 oc 0.00317497
1141 WC 8 0.00317593 dc 9.5736e-07 oc 0.00317497
1142 WC 8 0.00317566 dc 9.50862e-07 oc 0.00317471
1143 WC 8 0.00317566 dc 9.50862e-07 oc 0.00317471
1144 WC 8 0.00317582 dc 9.7708e-07 oc 0.00317484
1145 WC 8 0.00317564 dc 9.32073e-07 oc 0.00317471
1146 WC 8 0.00317564 dc 9.32073e-07 oc 0.00317471
1147 WC 8 0.00317564 dc 9.32073e-07 oc 0.00317471
1148 WC 8 0.00317564 dc 9.32073e-07 oc 0.00317471
1149 WC 8 0.00317564 dc 9.32073e-07 oc 0.00317471
1150 WC 8 0.00317564 dc 9.32073e-07 oc 0.00317471
1151 WC 8 0.00317564 dc 9.32073e-07 oc 0.00317471
1152 WC 8 0.00317564 dc 9.32073e-07 oc 0.00317471
1153 WC 8 0.00317564 dc 9.32073e-07 oc 0.00317471
1154 WC 8 0.00317564 dc 9.32073e-07 oc 0.00317471
1155 WC 8 0.00317564 dc 9.32073e-07 oc 0.00317471
1156 WC 8 0.00317564 dc 9.32073e-07 oc 0.00317471
1157 WC 8 0.496326 dc 9.29074e-07 oc 0.496325
1158 WC 8 0.00317564 dc 9.32073e-07 oc 0.00317471
1159 WC 8 0.00317564 dc 9.32073e-07 oc 0.00317471
1160 WC 8 0.00317564 dc 9.32073e-07 oc 0.00317471
1161 WC 8 0.00317564 dc 9.32073e-07 oc 0.00317471
1162 WC 8 0.00317564 dc 9.32073e-07 oc 0.00317471
1163 WC 8 0.00317564 dc 9.32073e-07 oc 0.00317471
1164 WC 8 0.00317564 dc 9.32073e-07 oc 0.00317471
1165 WC 8 0.00317564 dc 9.32073e-07 oc 0.00317471
1166 WC 8 0.00317564 dc 9.32073e-07 oc 0.00317471
1167 WC 8 0.00317564 dc 9.32073e-07 oc 0.00317471
1168 WC 8 0.00317564 dc 9.32073e-07 oc 0.00317471
1169 WC 8 0.003176 dc 9.27144e-07 oc 0.00317507
1170 WC 8 0.003176 dc 9.27144e-07 oc 0.00317507
1171 WC 8 0.003176 dc 9.27144e-07 oc 0.00317507
1172 WC 8 0.003176 dc 9.27144e-07 oc 0.00317507
1173 WC 8 0.003176 dc 9.27144e-07 oc 0.00317507
1174 WC 8 0.00317564 dc 9.32073e-07 oc 0.00317471
1175 WC 8 0.00317564 dc 9.32073e-07 oc 0.00317471
1175 BC 8 0.003175 dc 8.99344e-07 oc 0.0031741
Exceeded maxwalltime.

Run statistics:
R3_distance_calls = 1217952
R3_norm_calls = 3066247338
penalty_calls = 334566162
UserCPUtime = 40.01s
walltime = 41s
Host = Josies-MacBook-Air.local
/Users/josievs/miniforge3/envs/mof/lib/python3.12/site-packages/diffpy/structure/structure.py:196: UserWarning: Duplicate atom Mg already exists at array([0., 0., 0.])
  self.add_new_atom(*args, **kwargs)
