########################################################################
# mpbcliga
# mpbcliga 1.2.1.post39 3337c18 2025-06-16 16:20:47 -0400 Simon Billinge
# Compiled with Apple LLVM 17.0.0 (clang-1700.0.13.5).
# Josies-MacBook-Air.local
# Tue Jul  7 10:50:31 2026
########################################################################
distfile=/Users/josievs/Desktop/MOF modeling/data/liga/ZnS_mp-554820_run/target.dst
outstru=/Users/josievs/Desktop/MOF modeling/data/liga/ZnS_mp-554820_solved.xyz
outfmt=rawxyz
saverate=0
saveall=0
trace=0
verbose=wc,bc,sc
ndim=3
crystal=1
latpar=3.80879,3.80879,87.1108,90,90,120
rmax=7.61935
distreuse=1
costweights=1,1
tolcost=0.0001
formula=Zn28S28
radii=S:1.84,Zn:0.74
maxwalltime=180
rngseed=42
promotefrac=0.1
promoterelax=0
demoterelax=0
ligasize=10
stopgame=0.0025
seasontrials=16384
trialsharing=success
########################################################################

Initial team
0 I 0 0
Filling lower divisions
Done
0 WC 0 0 dc 0 oc 0
0 BC 0 0 dc 0 oc 0

Starting the game ... now.
1 WC 2 6.82734 dc 0.0439257 oc 6.78342
1 BC 2 6.82734 dc 0.0439257 oc 6.78342
2 WC 4 0.00257739 dc 0.00257739 oc 0
2 BC 4 0.00257739 dc 0.00257739 oc 0
3 WC 6 0.00781448 dc 0.00781448 oc 0
3 BC 6 0.00781448 dc 0.00781448 oc 0
4 WC 7 0.0095344 dc 0.0095344 oc 0
4 BC 7 0.0095344 dc 0.0095344 oc 0
5 WC 7 0.0095344 dc 0.0095344 oc 0
6 WC 7 0.0095344 dc 0.0095344 oc 0
7 WC 10 0.00418861 dc 0.00418861 oc 0
7 BC 10 0.00418861 dc 0.00418861 oc 0
8 WC 11 0.00295919 dc 0.00295919 oc 0
8 BC 11 0.00295919 dc 0.00295919 oc 0
9 WC 11 0.00214414 dc 0.00214414 oc 0
9 BC 11 0.00214414 dc 0.00214414 oc 0
10 WC 13 0.804437 dc 0.0400117 oc 0.764426
10 BC 13 0.304489 dc 0.0400117 oc 0.264477
11 WC 13 0.304489 dc 0.0400117 oc 0.264477
12 WC 14 0.0806829 dc 0.00633098 oc 0.0743519
12 BC 14 0.00633098 dc 0.00633098 oc 0
13 WC 14 0.00978667 dc 0.000957532 oc 0.00882914
14 WC 16 0.21824 dc 0.0125977 oc 0.205642
14 BC 16 0.0167666 dc 0.0125977 oc 0.00416889
15 WC 16 0.00541907 dc 0.00541907 oc 0
15 BC 16 0.00541907 dc 0.00541907 oc 0
16 WC 16 0.00915761 dc 0.00143211 oc 0.00772549
17 WC 17 0.00964115 dc 0.0023701 oc 0.00727105
17 BC 17 0.00964115 dc 0.0023701 oc 0.00727105
18 WC 17 0.0497652 dc 0.00226369 oc 0.0475015
19 WC 17 0.00899557 dc 0.00172452 oc 0.00727105
19 BC 17 0.00172452 dc 0.00172452 oc 0
20 WC 19 0.0434854 dc 0.00577614 oc 0.0377092
20 BC 19 0.00577614 dc 0.00577614 oc 0
21 WC 19 0.00577614 dc 0.00577614 oc 0
22 WC 19 0.00577614 dc 0.00577614 oc 0
23 WC 19 0.0046361 dc 0.0046361 oc 0
23 BC 19 0.0046361 dc 0.0046361 oc 0
24 WC 19 0.00252404 dc 0.00252404 oc 0
24 BC 19 0.00252404 dc 0.00252404 oc 0
25 WC 19 0.00228696 dc 0.00228696 oc 0
25 BC 19 0.00228696 dc 0.00228696 oc 0
26 WC 20 0.0204973 dc 0.00214009 oc 0.0183572
26 BC 20 0.00214009 dc 0.00214009 oc 0
27 WC 21 0.00763902 dc 0.00763902 oc 0
27 BC 21 0.00763902 dc 0.00763902 oc 0
28 WC 21 0.0327011 dc 0.00266674 oc 0.0300343
29 WC 21 0.026978 dc 0.00239467 oc 0.0245833
30 WC 21 0.0129976 dc 0.0018397 oc 0.0111579
31 WC 21 0.0129976 dc 0.0018397 oc 0.0111579
32 WC 21 0.0129976 dc 0.0018397 oc 0.0111579
33 WC 21 0.0129976 dc 0.0018397 oc 0.0111579
34 WC 21 0.0129976 dc 0.0018397 oc 0.0111579
35 WC 21 0.0129976 dc 0.0018397 oc 0.0111579
36 WC 21 0.0129976 dc 0.0018397 oc 0.0111579
37 WC 21 0.0129976 dc 0.0018397 oc 0.0111579
38 WC 21 0.0129976 dc 0.0018397 oc 0.0111579
39 WC 21 0.0129976 dc 0.0018397 oc 0.0111579
40 WC 21 0.0129976 dc 0.0018397 oc 0.0111579
41 WC 22 0.0189281 dc 0.0021713 oc 0.0167568
41 BC 22 0.00778984 dc 0.0021713 oc 0.00561854
42 WC 22 0.0189281 dc 0.0021713 oc 0.0167568
43 WC 22 0.00778984 dc 0.0021713 oc 0.00561854
44 WC 22 0.00778984 dc 0.0021713 oc 0.00561854
45 WC 23 0.0186764 dc 0.00416837 oc 0.0145081
45 BC 23 0.0149169 dc 0.00416837 oc 0.0107485
46 WC 23 0.00400751 dc 0.00368918 oc 0.000318333
46 BC 23 0.00400751 dc 0.00368918 oc 0.000318333
47 WC 23 0.0223821 dc 0.00342839 oc 0.0189537
48 WC 23 0.0223821 dc 0.00342839 oc 0.0189537
49 WC 23 0.0223821 dc 0.00342839 oc 0.0189537
50 WC 23 0.0223821 dc 0.00342839 oc 0.0189537
51 WC 23 0.0223821 dc 0.00342839 oc 0.0189537
52 WC 23 0.0223821 dc 0.00342839 oc 0.0189537
53 WC 23 0.0223821 dc 0.00342839 oc 0.0189537
54 WC 23 0.0223821 dc 0.00342839 oc 0.0189537
55 WC 23 0.0223821 dc 0.00342839 oc 0.0189537
56 WC 23 0.0223821 dc 0.00342839 oc 0.0189537
57 WC 23 0.0223821 dc 0.00342839 oc 0.0189537
58 WC 23 0.0223821 dc 0.00342839 oc 0.0189537
59 WC 23 0.0223821 dc 0.00342839 oc 0.0189537
60 WC 23 0.0223821 dc 0.00342839 oc 0.0189537
61 WC 23 0.0223821 dc 0.00342839 oc 0.0189537
62 WC 23 0.0223821 dc 0.00342839 oc 0.0189537
63 WC 23 0.0223821 dc 0.00342839 oc 0.0189537
64 WC 23 0.0223821 dc 0.00342839 oc 0.0189537
65 WC 23 0.0223821 dc 0.00342839 oc 0.0189537
66 WC 23 0.0223821 dc 0.00342839 oc 0.0189537
67 WC 23 0.0223821 dc 0.00342839 oc 0.0189537
68 WC 23 0.0223821 dc 0.00342839 oc 0.0189537
69 WC 23 0.0223821 dc 0.00342839 oc 0.0189537
70 WC 23 0.0223821 dc 0.00342839 oc 0.0189537
71 WC 23 0.0223821 dc 0.00342839 oc 0.0189537
72 WC 23 0.0223821 dc 0.00342839 oc 0.0189537
73 WC 23 0.0297878 dc 0.000636733 oc 0.029151
74 WC 23 0.0297878 dc 0.000636733 oc 0.029151
75 WC 23 0.0297878 dc 0.000636733 oc 0.029151
76 WC 24 0.00300247 dc 0.00300247 oc 0
76 BC 24 0.00300247 dc 0.00300247 oc 0
77 WC 24 0.017659 dc 0.00127218 oc 0.0163868
78 WC 24 0.017659 dc 0.00127218 oc 0.0163868
79 WC 24 0.0214963 dc 0.000898626 oc 0.0205977
80 WC 25 0.00380431 dc 0.00380431 oc 0
80 BC 25 0.00380431 dc 0.00380431 oc 0
81 WC 25 0.00309155 dc 0.00307295 oc 1.85994e-05
81 BC 25 0.00309155 dc 0.00307295 oc 1.85994e-05
82 WC 25 0.00279143 dc 0.00279143 oc 0
82 BC 25 0.00279143 dc 0.00279143 oc 0
83 WC 25 0.00279143 dc 0.00279143 oc 0
84 WC 25 0.0478821 dc 0.00166249 oc 0.0462196
85 WC 25 0.0478821 dc 0.00166249 oc 0.0462196
86 WC 26 0.00368245 dc 0.00368245 oc 0
86 BC 26 0.00368245 dc 0.00368245 oc 0
87 WC 26 0.00791568 dc 0.00316153 oc 0.00475415
88 WC 26 0.00791568 dc 0.00316153 oc 0.00475415
89 WC 26 0.0019954 dc 0.0019954 oc 0
89 BC 26 0.0019954 dc 0.0019954 oc 0
90 WC 27 0.0094962 dc 0.00491813 oc 0.00457807
90 BC 27 0.0094962 dc 0.00491813 oc 0.00457807
91 WC 27 0.0094962 dc 0.00491813 oc 0.00457807
92 WC 27 0.0094962 dc 0.00491813 oc 0.00457807
93 WC 27 0.0094962 dc 0.00491813 oc 0.00457807
94 WC 27 0.0094962 dc 0.00491813 oc 0.00457807
95 WC 27 0.0094962 dc 0.00491813 oc 0.00457807
96 WC 27 0.0094962 dc 0.00491813 oc 0.00457807
97 WC 27 0.0094962 dc 0.00491813 oc 0.00457807
98 WC 27 0.0094962 dc 0.00491813 oc 0.00457807
99 WC 27 0.0094962 dc 0.00491813 oc 0.00457807
100 WC 27 0.0094962 dc 0.00491813 oc 0.00457807
101 WC 27 0.0094962 dc 0.00491813 oc 0.00457807
102 WC 27 0.0094962 dc 0.00491813 oc 0.00457807
103 WC 27 0.0094962 dc 0.00491813 oc 0.00457807
104 WC 27 0.0094962 dc 0.00491813 oc 0.00457807
104 BC 27 0.0094962 dc 0.00491813 oc 0.00457807
Exceeded maxwalltime.

Run statistics:
R3_distance_calls = 189255
R3_norm_calls = 17861377886
penalty_calls = 11211805
UserCPUtime = 181.24s
walltime = 183s
Host = Josies-MacBook-Air.local
/Users/josievs/miniforge3/envs/mof/lib/python3.12/site-packages/diffpy/structure/structure.py:196: UserWarning: Duplicate atom Zn already exists at array([0., 0., 0.])
  self.add_new_atom(*args, **kwargs)
